{"/Users/Ryan/Desktop/School/Nonprofit/Project/backend/ProjectInfo.js":{"path":"/Users/Ryan/Desktop/School/Nonprofit/Project/backend/ProjectInfo.js","s":{"1":1,"2":1,"3":1,"4":1,"5":1,"6":1,"7":1,"8":1,"9":1,"10":1,"11":1,"12":1,"13":1,"14":1,"15":1,"16":0,"17":0,"18":1,"19":1},"b":{"1":[1,0]},"f":{},"fnMap":{},"statementMap":{"1":{"start":{"line":1,"column":0},"end":{"line":1,"column":38}},"2":{"start":{"line":2,"column":0},"end":{"line":2,"column":65}},"3":{"start":{"line":3,"column":0},"end":{"line":3,"column":63}},"4":{"start":{"line":5,"column":0},"end":{"line":9,"column":1}},"5":{"start":{"line":11,"column":0},"end":{"line":14,"column":2}},"6":{"start":{"line":16,"column":0},"end":{"line":16,"column":59}},"7":{"start":{"line":17,"column":0},"end":{"line":17,"column":56}},"8":{"start":{"line":18,"column":0},"end":{"line":18,"column":69}},"9":{"start":{"line":19,"column":0},"end":{"line":19,"column":42}},"10":{"start":{"line":20,"column":0},"end":{"line":20,"column":47}},"11":{"start":{"line":24,"column":0},"end":{"line":24,"column":21}},"12":{"start":{"line":28,"column":0},"end":{"line":28,"column":11}},"13":{"start":{"line":30,"column":0},"end":{"line":36,"column":1}},"14":{"start":{"line":31,"column":4},"end":{"line":31,"column":67}},"15":{"start":{"line":32,"column":4},"end":{"line":32,"column":41}},"16":{"start":{"line":34,"column":4},"end":{"line":34,"column":67}},"17":{"start":{"line":35,"column":4},"end":{"line":35,"column":40}},"18":{"start":{"line":38,"column":0},"end":{"line":38,"column":28}},"19":{"start":{"line":40,"column":0},"end":{"line":48,"column":1}}},"branchMap":{"1":{"line":30,"type":"if","locations":[{"start":{"line":30,"column":0},"end":{"line":30,"column":0}},{"start":{"line":30,"column":0},"end":{"line":30,"column":0}}]}}},"/Users/Ryan/Desktop/School/Nonprofit/Project/backend/plans.js":{"path":"/Users/Ryan/Desktop/School/Nonprofit/Project/backend/plans.js","s":{"1":1,"2":1,"3":0,"4":0,"5":0,"6":0,"7":0,"8":1,"9":0,"10":0,"11":0,"12":0,"13":0,"14":0,"15":0,"16":1,"17":0,"18":0,"19":0,"20":0,"21":0,"22":0,"23":0,"24":1,"25":0,"26":0,"27":0,"28":0,"29":0,"30":0,"31":0,"32":1,"33":0,"34":0,"35":0,"36":0,"37":0,"38":0,"39":0,"40":1,"41":0,"42":0,"43":0,"44":0,"45":0,"46":1},"b":{"1":[0,0],"2":[0,0],"3":[0,0],"4":[0,0,0],"5":[0,0],"6":[0,0],"7":[0,0,0],"8":[0,0],"9":[0,0],"10":[0,0],"11":[0,0],"12":[0,0],"13":[0,0],"14":[0,0,0],"15":[0,0],"16":[0,0],"17":[0,0],"18":[0,0]},"f":{"1":0,"2":0,"3":0,"4":0,"5":0},"fnMap":{"1":{"name":"lowestPlanCost","line":9,"loc":{"start":{"line":9,"column":0},"end":{"line":9,"column":26}}},"2":{"name":"priceForPlanWithTitle","line":19,"loc":{"start":{"line":19,"column":0},"end":{"line":19,"column":39}}},"3":{"name":"idForPlanWithTitle","line":29,"loc":{"start":{"line":29,"column":0},"end":{"line":29,"column":36}}},"4":{"name":"titleOfPlanWithCost","line":40,"loc":{"start":{"line":40,"column":0},"end":{"line":40,"column":36}}},"5":{"name":"planExists","line":50,"loc":{"start":{"line":50,"column":0},"end":{"line":50,"column":27}}}},"statementMap":{"1":{"start":{"line":1,"column":0},"end":{"line":5,"column":2}},"2":{"start":{"line":9,"column":0},"end":{"line":16,"column":1}},"3":{"start":{"line":10,"column":2},"end":{"line":10,"column":19}},"4":{"start":{"line":11,"column":2},"end":{"line":14,"column":5}},"5":{"start":{"line":12,"column":4},"end":{"line":13,"column":25}},"6":{"start":{"line":13,"column":6},"end":{"line":13,"column":25}},"7":{"start":{"line":15,"column":2},"end":{"line":15,"column":16}},"8":{"start":{"line":19,"column":0},"end":{"line":27,"column":1}},"9":{"start":{"line":20,"column":2},"end":{"line":20,"column":143}},"10":{"start":{"line":20,"column":63},"end":{"line":20,"column":143}},"11":{"start":{"line":21,"column":2},"end":{"line":21,"column":18}},"12":{"start":{"line":22,"column":2},"end":{"line":25,"column":5}},"13":{"start":{"line":23,"column":4},"end":{"line":24,"column":23}},"14":{"start":{"line":24,"column":6},"end":{"line":24,"column":23}},"15":{"start":{"line":26,"column":2},"end":{"line":26,"column":14}},"16":{"start":{"line":29,"column":0},"end":{"line":37,"column":1}},"17":{"start":{"line":30,"column":2},"end":{"line":30,"column":140}},"18":{"start":{"line":30,"column":63},"end":{"line":30,"column":140}},"19":{"start":{"line":31,"column":2},"end":{"line":31,"column":16}},"20":{"start":{"line":32,"column":2},"end":{"line":35,"column":5}},"21":{"start":{"line":33,"column":4},"end":{"line":34,"column":19}},"22":{"start":{"line":34,"column":6},"end":{"line":34,"column":19}},"23":{"start":{"line":36,"column":2},"end":{"line":36,"column":12}},"24":{"start":{"line":40,"column":0},"end":{"line":48,"column":1}},"25":{"start":{"line":41,"column":2},"end":{"line":41,"column":118}},"26":{"start":{"line":41,"column":41},"end":{"line":41,"column":118}},"27":{"start":{"line":42,"column":2},"end":{"line":42,"column":19}},"28":{"start":{"line":43,"column":2},"end":{"line":46,"column":5}},"29":{"start":{"line":44,"column":4},"end":{"line":45,"column":25}},"30":{"start":{"line":45,"column":6},"end":{"line":45,"column":25}},"31":{"start":{"line":47,"column":2},"end":{"line":47,"column":23}},"32":{"start":{"line":50,"column":0},"end":{"line":59,"column":1}},"33":{"start":{"line":51,"column":2},"end":{"line":51,"column":132}},"34":{"start":{"line":51,"column":63},"end":{"line":51,"column":132}},"35":{"start":{"line":52,"column":2},"end":{"line":52,"column":18}},"36":{"start":{"line":53,"column":2},"end":{"line":56,"column":5}},"37":{"start":{"line":54,"column":4},"end":{"line":55,"column":17}},"38":{"start":{"line":55,"column":6},"end":{"line":55,"column":17}},"39":{"start":{"line":58,"column":2},"end":{"line":58,"column":13}},"40":{"start":{"line":64,"column":0},"end":{"line":70,"column":1}},"41":{"start":{"line":66,"column":4},"end":{"line":66,"column":97}},"42":{"start":{"line":66,"column":65},"end":{"line":66,"column":97}},"43":{"start":{"line":67,"column":4},"end":{"line":67,"column":54}},"44":{"start":{"line":68,"column":4},"end":{"line":68,"column":54}},"45":{"start":{"line":69,"column":4},"end":{"line":69,"column":41}},"46":{"start":{"line":72,"column":0},"end":{"line":80,"column":1}}},"branchMap":{"1":{"line":12,"type":"if","locations":[{"start":{"line":12,"column":4},"end":{"line":12,"column":4}},{"start":{"line":12,"column":4},"end":{"line":12,"column":4}}]},"2":{"line":12,"type":"binary-expr","locations":[{"start":{"line":12,"column":8},"end":{"line":12,"column":25}},{"start":{"line":12,"column":29},"end":{"line":12,"column":47}}]},"3":{"line":20,"type":"if","locations":[{"start":{"line":20,"column":2},"end":{"line":20,"column":2}},{"start":{"line":20,"column":2},"end":{"line":20,"column":2}}]},"4":{"line":20,"type":"binary-expr","locations":[{"start":{"line":20,"column":6},"end":{"line":20,"column":12}},{"start":{"line":20,"column":16},"end":{"line":20,"column":41}},{"start":{"line":20,"column":45},"end":{"line":20,"column":61}}]},"5":{"line":23,"type":"if","locations":[{"start":{"line":23,"column":4},"end":{"line":23,"column":4}},{"start":{"line":23,"column":4},"end":{"line":23,"column":4}}]},"6":{"line":30,"type":"if","locations":[{"start":{"line":30,"column":2},"end":{"line":30,"column":2}},{"start":{"line":30,"column":2},"end":{"line":30,"column":2}}]},"7":{"line":30,"type":"binary-expr","locations":[{"start":{"line":30,"column":6},"end":{"line":30,"column":12}},{"start":{"line":30,"column":16},"end":{"line":30,"column":41}},{"start":{"line":30,"column":45},"end":{"line":30,"column":61}}]},"8":{"line":33,"type":"if","locations":[{"start":{"line":33,"column":4},"end":{"line":33,"column":4}},{"start":{"line":33,"column":4},"end":{"line":33,"column":4}}]},"9":{"line":41,"type":"if","locations":[{"start":{"line":41,"column":2},"end":{"line":41,"column":2}},{"start":{"line":41,"column":2},"end":{"line":41,"column":2}}]},"10":{"line":41,"type":"binary-expr","locations":[{"start":{"line":41,"column":6},"end":{"line":41,"column":11}},{"start":{"line":41,"column":15},"end":{"line":41,"column":39}}]},"11":{"line":44,"type":"if","locations":[{"start":{"line":44,"column":4},"end":{"line":44,"column":4}},{"start":{"line":44,"column":4},"end":{"line":44,"column":4}}]},"12":{"line":47,"type":"binary-expr","locations":[{"start":{"line":47,"column":9},"end":{"line":47,"column":14}},{"start":{"line":47,"column":18},"end":{"line":47,"column":22}}]},"13":{"line":51,"type":"if","locations":[{"start":{"line":51,"column":2},"end":{"line":51,"column":2}},{"start":{"line":51,"column":2},"end":{"line":51,"column":2}}]},"14":{"line":51,"type":"binary-expr","locations":[{"start":{"line":51,"column":6},"end":{"line":51,"column":12}},{"start":{"line":51,"column":16},"end":{"line":51,"column":41}},{"start":{"line":51,"column":45},"end":{"line":51,"column":61}}]},"15":{"line":54,"type":"if","locations":[{"start":{"line":54,"column":4},"end":{"line":54,"column":4}},{"start":{"line":54,"column":4},"end":{"line":54,"column":4}}]},"16":{"line":66,"type":"if","locations":[{"start":{"line":66,"column":4},"end":{"line":66,"column":4}},{"start":{"line":66,"column":4},"end":{"line":66,"column":4}}]},"17":{"line":66,"type":"binary-expr","locations":[{"start":{"line":66,"column":8},"end":{"line":66,"column":36}},{"start":{"line":66,"column":40},"end":{"line":66,"column":63}}]},"18":{"line":68,"type":"cond-expr","locations":[{"start":{"line":68,"column":30},"end":{"line":68,"column":41}},{"start":{"line":68,"column":44},"end":{"line":68,"column":53}}]}}},"/Users/Ryan/Desktop/School/Nonprofit/Project/backend/logging.js":{"path":"/Users/Ryan/Desktop/School/Nonprofit/Project/backend/logging.js","s":{"1":1,"2":1,"3":0,"4":1,"5":0,"6":1,"7":0,"8":1,"9":0,"10":1,"11":0,"12":1,"13":0,"14":1,"15":0,"16":0,"17":1,"18":0,"19":1},"b":{},"f":{"1":0,"2":0,"3":0,"4":0,"5":0,"6":0,"7":0,"8":0},"fnMap":{"1":{"name":"log","line":3,"loc":{"start":{"line":3,"column":0},"end":{"line":3,"column":21}}},"2":{"name":"logn","line":6,"loc":{"start":{"line":6,"column":0},"end":{"line":6,"column":22}}},"3":{"name":"err_log","line":11,"loc":{"start":{"line":11,"column":0},"end":{"line":11,"column":25}}},"4":{"name":"ok_log","line":15,"loc":{"start":{"line":15,"column":0},"end":{"line":15,"column":24}}},"5":{"name":"table_log","line":19,"loc":{"start":{"line":19,"column":0},"end":{"line":19,"column":28}}},"6":{"name":"log_group_begin","line":23,"loc":{"start":{"line":23,"column":0},"end":{"line":23,"column":31}}},"7":{"name":"log_group_end","line":25,"loc":{"start":{"line":25,"column":0},"end":{"line":25,"column":25}}},"8":{"name":"prettify","line":27,"loc":{"start":{"line":27,"column":0},"end":{"line":27,"column":24}}}},"statementMap":{"1":{"start":{"line":1,"column":0},"end":{"line":1,"column":31}},"2":{"start":{"line":3,"column":0},"end":{"line":5,"column":1}},"3":{"start":{"line":4,"column":2},"end":{"line":4,"column":21}},"4":{"start":{"line":6,"column":0},"end":{"line":8,"column":1}},"5":{"start":{"line":7,"column":2},"end":{"line":7,"column":28}},"6":{"start":{"line":11,"column":0},"end":{"line":13,"column":1}},"7":{"start":{"line":12,"column":2},"end":{"line":12,"column":40}},"8":{"start":{"line":15,"column":0},"end":{"line":17,"column":1}},"9":{"start":{"line":16,"column":2},"end":{"line":16,"column":39}},"10":{"start":{"line":19,"column":0},"end":{"line":21,"column":1}},"11":{"start":{"line":20,"column":2},"end":{"line":20,"column":24}},"12":{"start":{"line":23,"column":0},"end":{"line":23,"column":79}},"13":{"start":{"line":23,"column":32},"end":{"line":23,"column":78}},"14":{"start":{"line":25,"column":0},"end":{"line":25,"column":75}},"15":{"start":{"line":25,"column":27},"end":{"line":25,"column":46}},"16":{"start":{"line":25,"column":47},"end":{"line":25,"column":73}},"17":{"start":{"line":27,"column":0},"end":{"line":27,"column":65}},"18":{"start":{"line":27,"column":26},"end":{"line":27,"column":63}},"19":{"start":{"line":29,"column":0},"end":{"line":38,"column":1}}},"branchMap":{}},"/Users/Ryan/Desktop/School/Nonprofit/Project/backend/helpers.js":{"path":"/Users/Ryan/Desktop/School/Nonprofit/Project/backend/helpers.js","s":{"1":1,"2":0,"3":0,"4":1,"5":0,"6":0,"7":1,"8":0,"9":0,"10":1,"11":0,"12":0,"13":1,"14":0,"15":0,"16":1,"17":0,"18":0,"19":0,"20":0,"21":0,"22":0,"23":0,"24":1,"25":1,"26":1,"27":1,"28":1,"29":3,"30":1,"31":1,"32":0,"33":0,"34":1,"35":0,"36":0,"37":0,"38":0,"39":0,"40":0,"41":0,"42":1,"43":1,"44":1,"45":1,"46":1,"47":1,"48":3,"49":1,"50":1,"51":0,"52":0,"53":0,"54":0,"55":0,"56":0,"57":0,"58":0,"59":0,"60":0,"61":1},"b":{"1":[0,0],"2":[0,0]},"f":{"1":0,"2":0,"3":0},"fnMap":{"1":{"name":"(anonymous_1)","line":1,"loc":{"start":{"line":1,"column":30},"end":{"line":1,"column":60}}},"2":{"name":"Customer","line":48,"loc":{"start":{"line":48,"column":0},"end":{"line":48,"column":40}}},"3":{"name":"User","line":53,"loc":{"start":{"line":53,"column":0},"end":{"line":53,"column":78}}}},"statementMap":{"1":{"start":{"line":1,"column":0},"end":{"line":4,"column":2}},"2":{"start":{"line":2,"column":2},"end":{"line":2,"column":25}},"3":{"start":{"line":3,"column":2},"end":{"line":3,"column":48}},"4":{"start":{"line":7,"column":0},"end":{"line":10,"column":1}},"5":{"start":{"line":8,"column":2},"end":{"line":8,"column":165}},"6":{"start":{"line":9,"column":2},"end":{"line":9,"column":46}},"7":{"start":{"line":12,"column":0},"end":{"line":15,"column":1}},"8":{"start":{"line":13,"column":3},"end":{"line":13,"column":74}},"9":{"start":{"line":14,"column":3},"end":{"line":14,"column":33}},"10":{"start":{"line":17,"column":0},"end":{"line":20,"column":1}},"11":{"start":{"line":18,"column":2},"end":{"line":18,"column":110}},"12":{"start":{"line":19,"column":2},"end":{"line":19,"column":17}},"13":{"start":{"line":22,"column":0},"end":{"line":25,"column":1}},"14":{"start":{"line":23,"column":2},"end":{"line":23,"column":87}},"15":{"start":{"line":24,"column":2},"end":{"line":24,"column":17}},"16":{"start":{"line":27,"column":0},"end":{"line":36,"column":1}},"17":{"start":{"line":28,"column":2},"end":{"line":28,"column":17}},"18":{"start":{"line":29,"column":2},"end":{"line":29,"column":28}},"19":{"start":{"line":30,"column":2},"end":{"line":30,"column":90}},"20":{"start":{"line":31,"column":2},"end":{"line":31,"column":43}},"21":{"start":{"line":32,"column":2},"end":{"line":34,"column":3}},"22":{"start":{"line":33,"column":5},"end":{"line":33,"column":79}},"23":{"start":{"line":35,"column":2},"end":{"line":35,"column":16}},"24":{"start":{"line":38,"column":0},"end":{"line":46,"column":1}},"25":{"start":{"line":39,"column":2},"end":{"line":39,"column":28}},"26":{"start":{"line":40,"column":2},"end":{"line":40,"column":80}},"27":{"start":{"line":41,"column":2},"end":{"line":41,"column":43}},"28":{"start":{"line":42,"column":2},"end":{"line":44,"column":3}},"29":{"start":{"line":43,"column":5},"end":{"line":43,"column":79}},"30":{"start":{"line":45,"column":2},"end":{"line":45,"column":16}},"31":{"start":{"line":48,"column":0},"end":{"line":51,"column":1}},"32":{"start":{"line":49,"column":2},"end":{"line":49,"column":24}},"33":{"start":{"line":50,"column":2},"end":{"line":50,"column":49}},"34":{"start":{"line":53,"column":0},"end":{"line":61,"column":1}},"35":{"start":{"line":54,"column":2},"end":{"line":54,"column":19}},"36":{"start":{"line":55,"column":2},"end":{"line":55,"column":21}},"37":{"start":{"line":56,"column":2},"end":{"line":56,"column":27}},"38":{"start":{"line":57,"column":2},"end":{"line":57,"column":19}},"39":{"start":{"line":58,"column":2},"end":{"line":58,"column":33}},"40":{"start":{"line":59,"column":2},"end":{"line":59,"column":23}},"41":{"start":{"line":60,"column":2},"end":{"line":60,"column":33}},"42":{"start":{"line":63,"column":0},"end":{"line":72,"column":3}},"43":{"start":{"line":64,"column":2},"end":{"line":64,"column":17}},"44":{"start":{"line":65,"column":2},"end":{"line":65,"column":28}},"45":{"start":{"line":66,"column":2},"end":{"line":66,"column":38}},"46":{"start":{"line":67,"column":2},"end":{"line":67,"column":43}},"47":{"start":{"line":68,"column":2},"end":{"line":70,"column":3}},"48":{"start":{"line":69,"column":6},"end":{"line":69,"column":80}},"49":{"start":{"line":71,"column":2},"end":{"line":71,"column":16}},"50":{"start":{"line":74,"column":2},"end":{"line":88,"column":3}},"51":{"start":{"line":75,"column":4},"end":{"line":75,"column":27}},"52":{"start":{"line":76,"column":4},"end":{"line":76,"column":29}},"53":{"start":{"line":77,"column":4},"end":{"line":77,"column":34}},"54":{"start":{"line":79,"column":4},"end":{"line":79,"column":35}},"55":{"start":{"line":80,"column":4},"end":{"line":82,"column":5}},"56":{"start":{"line":81,"column":6},"end":{"line":81,"column":20}},"57":{"start":{"line":83,"column":4},"end":{"line":85,"column":5}},"58":{"start":{"line":84,"column":6},"end":{"line":84,"column":20}},"59":{"start":{"line":86,"column":4},"end":{"line":86,"column":40}},"60":{"start":{"line":87,"column":4},"end":{"line":87,"column":14}},"61":{"start":{"line":90,"column":0},"end":{"line":101,"column":1}}},"branchMap":{"1":{"line":80,"type":"if","locations":[{"start":{"line":80,"column":4},"end":{"line":80,"column":4}},{"start":{"line":80,"column":4},"end":{"line":80,"column":4}}]},"2":{"line":83,"type":"if","locations":[{"start":{"line":83,"column":4},"end":{"line":83,"column":4}},{"start":{"line":83,"column":4},"end":{"line":83,"column":4}}]}}},"/Users/Ryan/Desktop/School/Nonprofit/Project/backend/testdata.js":{"path":"/Users/Ryan/Desktop/School/Nonprofit/Project/backend/testdata.js","s":{"1":1,"2":1,"3":0,"4":0,"5":0,"6":1,"7":0,"8":1},"b":{},"f":{"1":0,"2":0},"fnMap":{"1":{"name":"unformalized_new_test_event","line":3,"loc":{"start":{"line":3,"column":0},"end":{"line":3,"column":39}}},"2":{"name":"make_test_event","line":58,"loc":{"start":{"line":58,"column":0},"end":{"line":58,"column":27}}}},"statementMap":{"1":{"start":{"line":1,"column":0},"end":{"line":1,"column":35}},"2":{"start":{"line":3,"column":0},"end":{"line":55,"column":1}},"3":{"start":{"line":4,"column":4},"end":{"line":34,"column":6}},"4":{"start":{"line":35,"column":4},"end":{"line":53,"column":6}},"5":{"start":{"line":54,"column":4},"end":{"line":54,"column":20}},"6":{"start":{"line":58,"column":0},"end":{"line":90,"column":1}},"7":{"start":{"line":59,"column":4},"end":{"line":89,"column":5}},"8":{"start":{"line":92,"column":0},"end":{"line":95,"column":1}}},"branchMap":{}}}