TN:
SF:/Users/Ryan/Desktop/School/Nonprofit/Project/backend/ProjectInfo.js
FNF:0
FNH:0
DA:1,1
DA:2,1
DA:3,1
DA:5,1
DA:11,1
DA:16,1
DA:17,1
DA:18,1
DA:19,1
DA:20,1
DA:24,1
DA:28,1
DA:30,1
DA:31,1
DA:32,1
DA:34,0
DA:35,0
DA:38,1
DA:40,1
LF:19
LH:17
BRDA:30,1,0,1
BRDA:30,1,1,0
BRF:2
BRH:1
end_of_record
TN:
SF:/Users/Ryan/Desktop/School/Nonprofit/Project/backend/plans.js
FN:9,lowestPlanCost
FN:19,priceForPlanWithTitle
FN:29,idForPlanWithTitle
FN:40,titleOfPlanWithCost
FN:50,planExists
FNF:5
FNH:0
FNDA:0,lowestPlanCost
FNDA:0,priceForPlanWithTitle
FNDA:0,idForPlanWithTitle
FNDA:0,titleOfPlanWithCost
FNDA:0,planExists
DA:1,1
DA:9,1
DA:10,0
DA:11,0
DA:12,0
DA:13,0
DA:15,0
DA:19,1
DA:20,0
DA:21,0
DA:22,0
DA:23,0
DA:24,0
DA:26,0
DA:29,1
DA:30,0
DA:31,0
DA:32,0
DA:33,0
DA:34,0
DA:36,0
DA:40,1
DA:41,0
DA:42,0
DA:43,0
DA:44,0
DA:45,0
DA:47,0
DA:50,1
DA:51,0
DA:52,0
DA:53,0
DA:54,0
DA:55,0
DA:58,0
DA:64,1
DA:66,0
DA:67,0
DA:68,0
DA:69,0
DA:72,1
LF:41
LH:8
BRDA:12,1,0,0
BRDA:12,1,1,0
BRDA:12,2,0,0
BRDA:12,2,1,0
BRDA:20,3,0,0
BRDA:20,3,1,0
BRDA:20,4,0,0
BRDA:20,4,1,0
BRDA:20,4,2,0
BRDA:23,5,0,0
BRDA:23,5,1,0
BRDA:30,6,0,0
BRDA:30,6,1,0
BRDA:30,7,0,0
BRDA:30,7,1,0
BRDA:30,7,2,0
BRDA:33,8,0,0
BRDA:33,8,1,0
BRDA:41,9,0,0
BRDA:41,9,1,0
BRDA:41,10,0,0
BRDA:41,10,1,0
BRDA:44,11,0,0
BRDA:44,11,1,0
BRDA:47,12,0,0
BRDA:47,12,1,0
BRDA:51,13,0,0
BRDA:51,13,1,0
BRDA:51,14,0,0
BRDA:51,14,1,0
BRDA:51,14,2,0
BRDA:54,15,0,0
BRDA:54,15,1,0
BRDA:66,16,0,0
BRDA:66,16,1,0
BRDA:66,17,0,0
BRDA:66,17,1,0
BRDA:68,18,0,0
BRDA:68,18,1,0
BRF:39
BRH:0
end_of_record
TN:
SF:/Users/Ryan/Desktop/School/Nonprofit/Project/backend/logging.js
FN:3,log
FN:6,logn
FN:11,err_log
FN:15,ok_log
FN:19,table_log
FN:23,log_group_begin
FN:25,log_group_end
FN:27,prettify
FNF:8
FNH:0
FNDA:0,log
FNDA:0,logn
FNDA:0,err_log
FNDA:0,ok_log
FNDA:0,table_log
FNDA:0,log_group_begin
FNDA:0,log_group_end
FNDA:0,prettify
DA:1,1
DA:3,1
DA:4,0
DA:6,1
DA:7,0
DA:11,1
DA:12,0
DA:15,1
DA:16,0
DA:19,1
DA:20,0
DA:23,1
DA:25,1
DA:27,1
DA:29,1
LF:15
LH:10
BRF:0
BRH:0
end_of_record
TN:
SF:/Users/Ryan/Desktop/School/Nonprofit/Project/backend/helpers.js
FN:1,(anonymous_1)
FN:48,Customer
FN:53,User
FNF:3
FNH:0
FNDA:0,(anonymous_1)
FNDA:0,Customer
FNDA:0,User
DA:1,1
DA:2,0
DA:3,0
DA:7,1
DA:8,0
DA:9,0
DA:12,1
DA:13,0
DA:14,0
DA:17,1
DA:18,0
DA:19,0
DA:22,1
DA:23,0
DA:24,0
DA:27,1
DA:28,0
DA:29,0
DA:30,0
DA:31,0
DA:32,0
DA:33,0
DA:35,0
DA:38,1
DA:39,1
DA:40,1
DA:41,1
DA:42,1
DA:43,3
DA:45,1
DA:48,1
DA:49,0
DA:50,0
DA:53,1
DA:54,0
DA:55,0
DA:56,0
DA:57,0
DA:58,0
DA:59,0
DA:60,0
DA:63,1
DA:64,1
DA:65,1
DA:66,1
DA:67,1
DA:68,1
DA:69,3
DA:71,1
DA:74,1
DA:75,0
DA:76,0
DA:77,0
DA:79,0
DA:80,0
DA:81,0
DA:83,0
DA:84,0
DA:86,0
DA:87,0
DA:90,1
LF:61
LH:25
BRDA:80,1,0,0
BRDA:80,1,1,0
BRDA:83,2,0,0
BRDA:83,2,1,0
BRF:4
BRH:0
end_of_record
TN:
SF:/Users/Ryan/Desktop/School/Nonprofit/Project/backend/testdata.js
FN:3,unformalized_new_test_event
FN:58,make_test_event
FNF:2
FNH:0
FNDA:0,unformalized_new_test_event
FNDA:0,make_test_event
DA:1,1
DA:3,1
DA:4,0
DA:35,0
DA:54,0
DA:58,1
DA:59,0
DA:92,1
LF:8
LH:4
BRF:0
BRH:0
end_of_record
