{"/Users/Ryan/Desktop/School/Nonprofit/Project/backend/util.js":{"path":"/Users/Ryan/Desktop/School/Nonprofit/Project/backend/util.js","statementMap":{"0":{"start":{"line":1,"column":12},"end":{"line":1,"column":37}},"1":{"start":{"line":2,"column":29},"end":{"line":2,"column":64}},"2":{"start":{"line":3,"column":28},"end":{"line":3,"column":62}},"3":{"start":{"line":4,"column":10},"end":{"line":4,"column":30}},"4":{"start":{"line":6,"column":0},"end":{"line":9,"column":2}},"5":{"start":{"line":7,"column":15},"end":{"line":7,"column":24}},"6":{"start":{"line":8,"column":2},"end":{"line":8,"column":48}},"7":{"start":{"line":11,"column":21},"end":{"line":15,"column":1}},"8":{"start":{"line":17,"column":22},"end":{"line":20,"column":1}},"9":{"start":{"line":22,"column":19},"end":{"line":22,"column":55}},"10":{"start":{"line":23,"column":18},"end":{"line":23,"column":52}},"11":{"start":{"line":24,"column":15},"end":{"line":24,"column":55}},"12":{"start":{"line":25,"column":27},"end":{"line":25,"column":41}},"13":{"start":{"line":28,"column":16},"end":{"line":28,"column":20}},"14":{"start":{"line":32,"column":0},"end":{"line":38,"column":1}},"15":{"start":{"line":33,"column":2},"end":{"line":33,"column":65}},"16":{"start":{"line":34,"column":2},"end":{"line":34,"column":39}},"17":{"start":{"line":36,"column":3},"end":{"line":36,"column":66}},"18":{"start":{"line":37,"column":3},"end":{"line":37,"column":39}},"19":{"start":{"line":47,"column":11},"end":{"line":47,"column":27}},"20":{"start":{"line":49,"column":19},"end":{"line":49,"column":23}},"21":{"start":{"line":50,"column":19},"end":{"line":50,"column":23}},"22":{"start":{"line":51,"column":19},"end":{"line":51,"column":23}},"23":{"start":{"line":57,"column":2},"end":{"line":57,"column":21}},"24":{"start":{"line":60,"column":2},"end":{"line":60,"column":28}},"25":{"start":{"line":65,"column":2},"end":{"line":65,"column":40}},"26":{"start":{"line":69,"column":2},"end":{"line":69,"column":39}},"27":{"start":{"line":73,"column":2},"end":{"line":73,"column":24}},"28":{"start":{"line":76,"column":32},"end":{"line":76,"column":78}},"29":{"start":{"line":78,"column":27},"end":{"line":78,"column":46}},"30":{"start":{"line":78,"column":47},"end":{"line":78,"column":73}},"31":{"start":{"line":81,"column":2},"end":{"line":81,"column":19}},"32":{"start":{"line":82,"column":2},"end":{"line":82,"column":21}},"33":{"start":{"line":83,"column":2},"end":{"line":83,"column":27}},"34":{"start":{"line":84,"column":2},"end":{"line":84,"column":19}},"35":{"start":{"line":85,"column":2},"end":{"line":85,"column":33}},"36":{"start":{"line":86,"column":2},"end":{"line":86,"column":23}},"37":{"start":{"line":87,"column":2},"end":{"line":87,"column":33}},"38":{"start":{"line":90,"column":0},"end":{"line":99,"column":3}},"39":{"start":{"line":91,"column":15},"end":{"line":91,"column":16}},"40":{"start":{"line":92,"column":25},"end":{"line":92,"column":27}},"41":{"start":{"line":93,"column":25},"end":{"line":93,"column":89}},"42":{"start":{"line":94,"column":25},"end":{"line":94,"column":42}},"43":{"start":{"line":95,"column":2},"end":{"line":97,"column":3}},"44":{"start":{"line":95,"column":16},"end":{"line":95,"column":17}},"45":{"start":{"line":96,"column":5},"end":{"line":96,"column":79}},"46":{"start":{"line":98,"column":2},"end":{"line":98,"column":16}},"47":{"start":{"line":101,"column":0},"end":{"line":110,"column":3}},"48":{"start":{"line":102,"column":15},"end":{"line":102,"column":16}},"49":{"start":{"line":103,"column":25},"end":{"line":103,"column":27}},"50":{"start":{"line":104,"column":25},"end":{"line":104,"column":37}},"51":{"start":{"line":105,"column":25},"end":{"line":105,"column":42}},"52":{"start":{"line":106,"column":2},"end":{"line":108,"column":3}},"53":{"start":{"line":106,"column":16},"end":{"line":106,"column":17}},"54":{"start":{"line":107,"column":6},"end":{"line":107,"column":80}},"55":{"start":{"line":109,"column":2},"end":{"line":109,"column":16}},"56":{"start":{"line":112,"column":27},"end":{"line":115,"column":3}},"57":{"start":{"line":113,"column":18},"end":{"line":113,"column":111}},"58":{"start":{"line":114,"column":4},"end":{"line":114,"column":19}},"59":{"start":{"line":117,"column":29},"end":{"line":120,"column":3}},"60":{"start":{"line":118,"column":19},"end":{"line":118,"column":87}},"61":{"start":{"line":119,"column":4},"end":{"line":119,"column":19}},"62":{"start":{"line":124,"column":32},"end":{"line":133,"column":1}},"63":{"start":{"line":125,"column":2},"end":{"line":132,"column":4}},"64":{"start":{"line":126,"column":6},"end":{"line":131,"column":8}},"65":{"start":{"line":127,"column":10},"end":{"line":130,"column":46}},"66":{"start":{"line":128,"column":14},"end":{"line":128,"column":33}},"67":{"start":{"line":130,"column":14},"end":{"line":130,"column":46}},"68":{"start":{"line":142,"column":29},"end":{"line":155,"column":1}},"69":{"start":{"line":144,"column":18},"end":{"line":144,"column":60}},"70":{"start":{"line":146,"column":2},"end":{"line":153,"column":4}},"71":{"start":{"line":148,"column":4},"end":{"line":152,"column":7}},"72":{"start":{"line":149,"column":6},"end":{"line":149,"column":30}},"73":{"start":{"line":151,"column":6},"end":{"line":151,"column":26}},"74":{"start":{"line":157,"column":26},"end":{"line":166,"column":1}},"75":{"start":{"line":158,"column":2},"end":{"line":165,"column":4}},"76":{"start":{"line":159,"column":6},"end":{"line":164,"column":8}},"77":{"start":{"line":160,"column":10},"end":{"line":163,"column":46}},"78":{"start":{"line":161,"column":14},"end":{"line":161,"column":33}},"79":{"start":{"line":163,"column":14},"end":{"line":163,"column":46}},"80":{"start":{"line":170,"column":4},"end":{"line":200,"column":5}},"81":{"start":{"line":204,"column":26},"end":{"line":213,"column":1}},"82":{"start":{"line":205,"column":2},"end":{"line":212,"column":4}},"83":{"start":{"line":206,"column":6},"end":{"line":211,"column":8}},"84":{"start":{"line":207,"column":10},"end":{"line":210,"column":46}},"85":{"start":{"line":208,"column":14},"end":{"line":208,"column":33}},"86":{"start":{"line":210,"column":14},"end":{"line":210,"column":46}},"87":{"start":{"line":216,"column":31},"end":{"line":260,"column":1}},"88":{"start":{"line":217,"column":2},"end":{"line":259,"column":4}},"89":{"start":{"line":218,"column":3},"end":{"line":258,"column":4}},"90":{"start":{"line":219,"column":18},"end":{"line":219,"column":54}},"91":{"start":{"line":220,"column":7},"end":{"line":220,"column":23}},"92":{"start":{"line":221,"column":19},"end":{"line":226,"column":9}},"93":{"start":{"line":228,"column":21},"end":{"line":231,"column":9}},"94":{"start":{"line":232,"column":8},"end":{"line":252,"column":9}},"95":{"start":{"line":234,"column":12},"end":{"line":251,"column":15}},"96":{"start":{"line":235,"column":16},"end":{"line":248,"column":17}},"97":{"start":{"line":236,"column":30},"end":{"line":236,"column":52}},"98":{"start":{"line":237,"column":18},"end":{"line":247,"column":19}},"99":{"start":{"line":238,"column":22},"end":{"line":238,"column":82}},"100":{"start":{"line":239,"column":22},"end":{"line":239,"column":43}},"101":{"start":{"line":240,"column":22},"end":{"line":240,"column":38}},"102":{"start":{"line":241,"column":25},"end":{"line":247,"column":19}},"103":{"start":{"line":243,"column":22},"end":{"line":246,"column":23}},"104":{"start":{"line":244,"column":26},"end":{"line":244,"column":47}},"105":{"start":{"line":245,"column":26},"end":{"line":245,"column":42}},"106":{"start":{"line":254,"column":7},"end":{"line":254,"column":23}},"107":{"start":{"line":257,"column":7},"end":{"line":257,"column":17}},"108":{"start":{"line":268,"column":20},"end":{"line":292,"column":1}},"109":{"start":{"line":271,"column":18},"end":{"line":271,"column":51}},"110":{"start":{"line":273,"column":2},"end":{"line":291,"column":4}},"111":{"start":{"line":275,"column":4},"end":{"line":290,"column":7}},"112":{"start":{"line":276,"column":6},"end":{"line":289,"column":7}},"113":{"start":{"line":277,"column":8},"end":{"line":277,"column":25}},"114":{"start":{"line":278,"column":8},"end":{"line":278,"column":28}},"115":{"start":{"line":280,"column":8},"end":{"line":286,"column":9}},"116":{"start":{"line":281,"column":22},"end":{"line":281,"column":36}},"117":{"start":{"line":282,"column":10},"end":{"line":282,"column":32}},"118":{"start":{"line":283,"column":10},"end":{"line":283,"column":24}},"119":{"start":{"line":285,"column":10},"end":{"line":285,"column":34}},"120":{"start":{"line":296,"column":2},"end":{"line":296,"column":83}},"121":{"start":{"line":296,"column":20},"end":{"line":296,"column":73}},"122":{"start":{"line":296,"column":74},"end":{"line":296,"column":81}},"123":{"start":{"line":297,"column":2},"end":{"line":297,"column":41}},"124":{"start":{"line":298,"column":2},"end":{"line":303,"column":90}},"125":{"start":{"line":303,"column":22},"end":{"line":303,"column":46}},"126":{"start":{"line":303,"column":69},"end":{"line":303,"column":87}},"127":{"start":{"line":307,"column":2},"end":{"line":307,"column":32}},"128":{"start":{"line":308,"column":2},"end":{"line":308,"column":67}},"129":{"start":{"line":308,"column":34},"end":{"line":308,"column":62}},"130":{"start":{"line":314,"column":2},"end":{"line":338,"column":3}},"131":{"start":{"line":315,"column":29},"end":{"line":315,"column":62}},"132":{"start":{"line":316,"column":4},"end":{"line":316,"column":77}},"133":{"start":{"line":316,"column":37},"end":{"line":316,"column":67}},"134":{"start":{"line":316,"column":68},"end":{"line":316,"column":75}},"135":{"start":{"line":317,"column":25},"end":{"line":317,"column":53}},"136":{"start":{"line":318,"column":4},"end":{"line":318,"column":70}},"137":{"start":{"line":318,"column":34},"end":{"line":318,"column":60}},"138":{"start":{"line":318,"column":61},"end":{"line":318,"column":68}},"139":{"start":{"line":319,"column":15},"end":{"line":319,"column":174}},"140":{"start":{"line":320,"column":16},"end":{"line":320,"column":17}},"141":{"start":{"line":321,"column":4},"end":{"line":331,"column":6}},"142":{"start":{"line":324,"column":6},"end":{"line":330,"column":7}},"143":{"start":{"line":325,"column":8},"end":{"line":325,"column":40}},"144":{"start":{"line":326,"column":30},"end":{"line":326,"column":158}},"145":{"start":{"line":328,"column":10},"end":{"line":328,"column":32}},"146":{"start":{"line":329,"column":10},"end":{"line":329,"column":18}},"147":{"start":{"line":332,"column":4},"end":{"line":332,"column":45}},"148":{"start":{"line":334,"column":4},"end":{"line":334,"column":39}},"149":{"start":{"line":337,"column":4},"end":{"line":337,"column":47}},"150":{"start":{"line":342,"column":32},"end":{"line":361,"column":1}},"151":{"start":{"line":343,"column":2},"end":{"line":360,"column":4}},"152":{"start":{"line":344,"column":18},"end":{"line":344,"column":20}},"153":{"start":{"line":345,"column":16},"end":{"line":345,"column":35}},"154":{"start":{"line":346,"column":6},"end":{"line":358,"column":8}},"155":{"start":{"line":347,"column":8},"end":{"line":357,"column":11}},"156":{"start":{"line":349,"column":21},"end":{"line":349,"column":32}},"157":{"start":{"line":350,"column":24},"end":{"line":350,"column":33}},"158":{"start":{"line":351,"column":10},"end":{"line":356,"column":11}},"159":{"start":{"line":352,"column":30},"end":{"line":352,"column":44}},"160":{"start":{"line":353,"column":12},"end":{"line":355,"column":13}},"161":{"start":{"line":354,"column":14},"end":{"line":354,"column":39}},"162":{"start":{"line":359,"column":6},"end":{"line":359,"column":23}},"163":{"start":{"line":363,"column":14},"end":{"line":363,"column":56}},"164":{"start":{"line":366,"column":18},"end":{"line":366,"column":20}},"165":{"start":{"line":368,"column":2},"end":{"line":372,"column":3}},"166":{"start":{"line":369,"column":4},"end":{"line":369,"column":27}},"167":{"start":{"line":371,"column":4},"end":{"line":371,"column":56}},"168":{"start":{"line":374,"column":2},"end":{"line":376,"column":3}},"169":{"start":{"line":375,"column":4},"end":{"line":375,"column":104}},"170":{"start":{"line":381,"column":20},"end":{"line":393,"column":1}},"171":{"start":{"line":383,"column":18},"end":{"line":383,"column":50}},"172":{"start":{"line":384,"column":2},"end":{"line":392,"column":4}},"173":{"start":{"line":385,"column":4},"end":{"line":391,"column":7}},"174":{"start":{"line":386,"column":6},"end":{"line":390,"column":7}},"175":{"start":{"line":387,"column":8},"end":{"line":387,"column":28}},"176":{"start":{"line":389,"column":8},"end":{"line":389,"column":32}},"177":{"start":{"line":396,"column":27},"end":{"line":431,"column":1}},"178":{"start":{"line":397,"column":2},"end":{"line":430,"column":4}},"179":{"start":{"line":398,"column":3},"end":{"line":429,"column":4}},"180":{"start":{"line":399,"column":29},"end":{"line":399,"column":53}},"181":{"start":{"line":401,"column":18},"end":{"line":401,"column":54}},"182":{"start":{"line":402,"column":19},"end":{"line":407,"column":9}},"183":{"start":{"line":408,"column":23},"end":{"line":408,"column":25}},"184":{"start":{"line":409,"column":8},"end":{"line":423,"column":9}},"185":{"start":{"line":411,"column":12},"end":{"line":422,"column":15}},"186":{"start":{"line":412,"column":28},"end":{"line":412,"column":46}},"187":{"start":{"line":415,"column":26},"end":{"line":420,"column":17}},"188":{"start":{"line":421,"column":16},"end":{"line":421,"column":35}},"189":{"start":{"line":425,"column":7},"end":{"line":425,"column":25}},"190":{"start":{"line":428,"column":7},"end":{"line":428,"column":17}},"191":{"start":{"line":433,"column":39},"end":{"line":444,"column":1}},"192":{"start":{"line":434,"column":18},"end":{"line":434,"column":70}},"193":{"start":{"line":435,"column":2},"end":{"line":443,"column":4}},"194":{"start":{"line":436,"column":4},"end":{"line":442,"column":7}},"195":{"start":{"line":437,"column":6},"end":{"line":441,"column":9}},"196":{"start":{"line":438,"column":8},"end":{"line":438,"column":22}},"197":{"start":{"line":440,"column":10},"end":{"line":440,"column":35}},"198":{"start":{"line":449,"column":2},"end":{"line":449,"column":24}},"199":{"start":{"line":450,"column":2},"end":{"line":450,"column":49}},"200":{"start":{"line":454,"column":2},"end":{"line":521,"column":4}},"201":{"start":{"line":455,"column":4},"end":{"line":455,"column":43}},"202":{"start":{"line":458,"column":4},"end":{"line":458,"column":240}},"203":{"start":{"line":458,"column":12},"end":{"line":458,"column":63}},"204":{"start":{"line":458,"column":91},"end":{"line":458,"column":148}},"205":{"start":{"line":458,"column":149},"end":{"line":458,"column":213}},"206":{"start":{"line":458,"column":214},"end":{"line":458,"column":230}},"207":{"start":{"line":458,"column":231},"end":{"line":458,"column":238}},"208":{"start":{"line":460,"column":4},"end":{"line":460,"column":41}},"209":{"start":{"line":462,"column":4},"end":{"line":462,"column":130}},"210":{"start":{"line":462,"column":12},"end":{"line":462,"column":52}},"211":{"start":{"line":462,"column":80},"end":{"line":462,"column":91}},"212":{"start":{"line":462,"column":92},"end":{"line":462,"column":102}},"213":{"start":{"line":462,"column":104},"end":{"line":462,"column":120}},"214":{"start":{"line":462,"column":121},"end":{"line":462,"column":128}},"215":{"start":{"line":464,"column":4},"end":{"line":464,"column":59}},"216":{"start":{"line":466,"column":20},"end":{"line":466,"column":62}},"217":{"start":{"line":468,"column":4},"end":{"line":468,"column":177}},"218":{"start":{"line":468,"column":11},"end":{"line":468,"column":88}},"219":{"start":{"line":468,"column":116},"end":{"line":468,"column":139}},"220":{"start":{"line":468,"column":140},"end":{"line":468,"column":150}},"221":{"start":{"line":468,"column":151},"end":{"line":468,"column":167}},"222":{"start":{"line":468,"column":168},"end":{"line":468,"column":175}},"223":{"start":{"line":470,"column":4},"end":{"line":470,"column":75}},"224":{"start":{"line":471,"column":4},"end":{"line":471,"column":149}},"225":{"start":{"line":471,"column":12},"end":{"line":471,"column":72}},"226":{"start":{"line":471,"column":100},"end":{"line":471,"column":111}},"227":{"start":{"line":471,"column":112},"end":{"line":471,"column":122}},"228":{"start":{"line":471,"column":124},"end":{"line":471,"column":140}},"229":{"start":{"line":471,"column":140},"end":{"line":471,"column":147}},"230":{"start":{"line":473,"column":4},"end":{"line":473,"column":64}},"231":{"start":{"line":475,"column":4},"end":{"line":475,"column":48}},"232":{"start":{"line":477,"column":4},"end":{"line":477,"column":132}},"233":{"start":{"line":477,"column":12},"end":{"line":477,"column":54}},"234":{"start":{"line":477,"column":82},"end":{"line":477,"column":93}},"235":{"start":{"line":477,"column":94},"end":{"line":477,"column":104}},"236":{"start":{"line":477,"column":106},"end":{"line":477,"column":122}},"237":{"start":{"line":477,"column":123},"end":{"line":477,"column":130}},"238":{"start":{"line":479,"column":4},"end":{"line":479,"column":60}},"239":{"start":{"line":481,"column":4},"end":{"line":481,"column":120}},"240":{"start":{"line":483,"column":4},"end":{"line":483,"column":149}},"241":{"start":{"line":483,"column":11},"end":{"line":483,"column":71}},"242":{"start":{"line":483,"column":99},"end":{"line":483,"column":110}},"243":{"start":{"line":483,"column":111},"end":{"line":483,"column":121}},"244":{"start":{"line":483,"column":123},"end":{"line":483,"column":139}},"245":{"start":{"line":483,"column":140},"end":{"line":483,"column":147}},"246":{"start":{"line":485,"column":4},"end":{"line":485,"column":48}},"247":{"start":{"line":487,"column":4},"end":{"line":487,"column":59}},"248":{"start":{"line":491,"column":4},"end":{"line":491,"column":247}},"249":{"start":{"line":491,"column":11},"end":{"line":491,"column":46}},"250":{"start":{"line":491,"column":47},"end":{"line":491,"column":70}},"251":{"start":{"line":491,"column":71},"end":{"line":491,"column":102}},"252":{"start":{"line":491,"column":103},"end":{"line":491,"column":144}},"253":{"start":{"line":491,"column":197},"end":{"line":491,"column":208}},"254":{"start":{"line":491,"column":209},"end":{"line":491,"column":219}},"255":{"start":{"line":491,"column":221},"end":{"line":491,"column":237}},"256":{"start":{"line":491,"column":238},"end":{"line":491,"column":245}},"257":{"start":{"line":493,"column":4},"end":{"line":493,"column":51}},"258":{"start":{"line":495,"column":4},"end":{"line":495,"column":173}},"259":{"start":{"line":495,"column":11},"end":{"line":495,"column":70}},"260":{"start":{"line":495,"column":123},"end":{"line":495,"column":134}},"261":{"start":{"line":495,"column":135},"end":{"line":495,"column":145}},"262":{"start":{"line":495,"column":147},"end":{"line":495,"column":163}},"263":{"start":{"line":495,"column":164},"end":{"line":495,"column":171}},"264":{"start":{"line":497,"column":4},"end":{"line":497,"column":21}},"265":{"start":{"line":499,"column":4},"end":{"line":499,"column":63}},"266":{"start":{"line":501,"column":4},"end":{"line":501,"column":36}},"267":{"start":{"line":505,"column":4},"end":{"line":505,"column":85}},"268":{"start":{"line":507,"column":4},"end":{"line":507,"column":56}},"269":{"start":{"line":509,"column":4},"end":{"line":509,"column":88}},"270":{"start":{"line":511,"column":4},"end":{"line":511,"column":68}},"271":{"start":{"line":512,"column":4},"end":{"line":512,"column":70}},"272":{"start":{"line":513,"column":4},"end":{"line":513,"column":77}},"273":{"start":{"line":515,"column":4},"end":{"line":515,"column":49}},"274":{"start":{"line":517,"column":4},"end":{"line":517,"column":42}},"275":{"start":{"line":519,"column":4},"end":{"line":519,"column":43}},"276":{"start":{"line":520,"column":4},"end":{"line":520,"column":20}},"277":{"start":{"line":529,"column":22},"end":{"line":531,"column":1}},"278":{"start":{"line":530,"column":2},"end":{"line":530,"column":145}},"279":{"start":{"line":530,"column":51},"end":{"line":530,"column":141}},"280":{"start":{"line":530,"column":99},"end":{"line":530,"column":111}},"281":{"start":{"line":530,"column":128},"end":{"line":530,"column":139}},"282":{"start":{"line":535,"column":26},"end":{"line":537,"column":1}},"283":{"start":{"line":536,"column":2},"end":{"line":536,"column":318}},"284":{"start":{"line":536,"column":51},"end":{"line":536,"column":314}},"285":{"start":{"line":536,"column":104},"end":{"line":536,"column":217}},"286":{"start":{"line":536,"column":235},"end":{"line":536,"column":312}},"287":{"start":{"line":544,"column":28},"end":{"line":546,"column":1}},"288":{"start":{"line":545,"column":2},"end":{"line":545,"column":152}},"289":{"start":{"line":545,"column":51},"end":{"line":545,"column":148}},"290":{"start":{"line":545,"column":106},"end":{"line":545,"column":118}},"291":{"start":{"line":545,"column":135},"end":{"line":545,"column":146}},"292":{"start":{"line":550,"column":18},"end":{"line":552,"column":1}},"293":{"start":{"line":551,"column":2},"end":{"line":551,"column":141}},"294":{"start":{"line":551,"column":51},"end":{"line":551,"column":137}},"295":{"start":{"line":551,"column":95},"end":{"line":551,"column":107}},"296":{"start":{"line":551,"column":124},"end":{"line":551,"column":135}},"297":{"start":{"line":554,"column":29},"end":{"line":565,"column":1}},"298":{"start":{"line":555,"column":2},"end":{"line":564,"column":4}},"299":{"start":{"line":556,"column":21},"end":{"line":556,"column":59}},"300":{"start":{"line":557,"column":4},"end":{"line":563,"column":6}},"301":{"start":{"line":558,"column":8},"end":{"line":558,"column":41}},"302":{"start":{"line":559,"column":8},"end":{"line":562,"column":35}},"303":{"start":{"line":560,"column":12},"end":{"line":560,"column":31}},"304":{"start":{"line":562,"column":12},"end":{"line":562,"column":35}},"305":{"start":{"line":569,"column":2},"end":{"line":602,"column":4}},"306":{"start":{"line":570,"column":4},"end":{"line":570,"column":32}},"307":{"start":{"line":572,"column":18},"end":{"line":572,"column":46}},"308":{"start":{"line":573,"column":4},"end":{"line":573,"column":34}},"309":{"start":{"line":574,"column":4},"end":{"line":601,"column":7}},"310":{"start":{"line":575,"column":6},"end":{"line":575,"column":38}},"311":{"start":{"line":576,"column":25},"end":{"line":576,"column":49}},"312":{"start":{"line":577,"column":27},"end":{"line":577,"column":55}},"313":{"start":{"line":578,"column":6},"end":{"line":578,"column":49}},"314":{"start":{"line":581,"column":6},"end":{"line":598,"column":7}},"315":{"start":{"line":583,"column":8},"end":{"line":583,"column":45}},"316":{"start":{"line":586,"column":8},"end":{"line":597,"column":9}},"317":{"start":{"line":588,"column":23},"end":{"line":588,"column":95}},"318":{"start":{"line":589,"column":10},"end":{"line":589,"column":123}},"319":{"start":{"line":590,"column":28},"end":{"line":590,"column":72}},"320":{"start":{"line":592,"column":10},"end":{"line":592,"column":31}},"321":{"start":{"line":596,"column":10},"end":{"line":596,"column":57}},"322":{"start":{"line":600,"column":8},"end":{"line":600,"column":43}},"323":{"start":{"line":606,"column":29},"end":{"line":644,"column":1}},"324":{"start":{"line":607,"column":2},"end":{"line":643,"column":5}},"325":{"start":{"line":608,"column":4},"end":{"line":608,"column":40}},"326":{"start":{"line":609,"column":4},"end":{"line":641,"column":3}},"327":{"start":{"line":611,"column":6},"end":{"line":611,"column":28}},"328":{"start":{"line":612,"column":25},"end":{"line":612,"column":49}},"329":{"start":{"line":613,"column":26},"end":{"line":613,"column":70}},"330":{"start":{"line":615,"column":23},"end":{"line":615,"column":58}},"331":{"start":{"line":617,"column":6},"end":{"line":617,"column":62}},"332":{"start":{"line":618,"column":6},"end":{"line":618,"column":62}},"333":{"start":{"line":620,"column":22},"end":{"line":620,"column":52}},"334":{"start":{"line":622,"column":6},"end":{"line":622,"column":84}},"335":{"start":{"line":624,"column":6},"end":{"line":624,"column":32}},"336":{"start":{"line":626,"column":6},"end":{"line":626,"column":68}},"337":{"start":{"line":626,"column":31},"end":{"line":626,"column":66}},"338":{"start":{"line":628,"column":6},"end":{"line":628,"column":46}},"339":{"start":{"line":632,"column":6},"end":{"line":632,"column":51}},"340":{"start":{"line":634,"column":6},"end":{"line":634,"column":21}},"341":{"start":{"line":636,"column":6},"end":{"line":636,"column":23}},"342":{"start":{"line":639,"column":4},"end":{"line":639,"column":15}},"343":{"start":{"line":640,"column":4},"end":{"line":640,"column":14}},"344":{"start":{"line":642,"column":2},"end":{"line":642,"column":18}},"345":{"start":{"line":649,"column":20},"end":{"line":652,"column":1}},"346":{"start":{"line":650,"column":11},"end":{"line":650,"column":164}},"347":{"start":{"line":651,"column":2},"end":{"line":651,"column":46}},"348":{"start":{"line":654,"column":20},"end":{"line":657,"column":1}},"349":{"start":{"line":655,"column":12},"end":{"line":655,"column":73}},"350":{"start":{"line":656,"column":3},"end":{"line":656,"column":33}},"351":{"start":{"line":659,"column":0},"end":{"line":662,"column":1}},"352":{"start":{"line":660,"column":16},"end":{"line":660,"column":109}},"353":{"start":{"line":661,"column":2},"end":{"line":661,"column":17}},"354":{"start":{"line":664,"column":13},"end":{"line":673,"column":1}},"355":{"start":{"line":665,"column":15},"end":{"line":665,"column":16}},"356":{"start":{"line":666,"column":25},"end":{"line":666,"column":27}},"357":{"start":{"line":667,"column":25},"end":{"line":667,"column":89}},"358":{"start":{"line":668,"column":25},"end":{"line":668,"column":42}},"359":{"start":{"line":669,"column":2},"end":{"line":671,"column":3}},"360":{"start":{"line":669,"column":16},"end":{"line":669,"column":17}},"361":{"start":{"line":670,"column":5},"end":{"line":670,"column":79}},"362":{"start":{"line":672,"column":2},"end":{"line":672,"column":16}},"363":{"start":{"line":675,"column":17},"end":{"line":683,"column":1}},"364":{"start":{"line":676,"column":25},"end":{"line":676,"column":27}},"365":{"start":{"line":677,"column":25},"end":{"line":677,"column":83}},"366":{"start":{"line":678,"column":25},"end":{"line":678,"column":42}},"367":{"start":{"line":679,"column":2},"end":{"line":681,"column":3}},"368":{"start":{"line":679,"column":16},"end":{"line":679,"column":17}},"369":{"start":{"line":680,"column":5},"end":{"line":680,"column":79}},"370":{"start":{"line":682,"column":2},"end":{"line":682,"column":16}},"371":{"start":{"line":687,"column":31},"end":{"line":690,"column":1}},"372":{"start":{"line":688,"column":2},"end":{"line":688,"column":17}},"373":{"start":{"line":689,"column":2},"end":{"line":689,"column":27}},"374":{"start":{"line":693,"column":33},"end":{"line":698,"column":1}},"375":{"start":{"line":694,"column":2},"end":{"line":694,"column":17}},"376":{"start":{"line":695,"column":12},"end":{"line":695,"column":26}},"377":{"start":{"line":697,"column":2},"end":{"line":697,"column":27}},"378":{"start":{"line":702,"column":19},"end":{"line":730,"column":1}},"379":{"start":{"line":703,"column":2},"end":{"line":729,"column":4}},"380":{"start":{"line":704,"column":16},"end":{"line":704,"column":35}},"381":{"start":{"line":705,"column":6},"end":{"line":727,"column":8}},"382":{"start":{"line":706,"column":8},"end":{"line":724,"column":11}},"383":{"start":{"line":708,"column":21},"end":{"line":708,"column":32}},"384":{"start":{"line":709,"column":24},"end":{"line":709,"column":33}},"385":{"start":{"line":710,"column":10},"end":{"line":722,"column":11}},"386":{"start":{"line":712,"column":30},"end":{"line":712,"column":44}},"387":{"start":{"line":713,"column":12},"end":{"line":721,"column":13}},"388":{"start":{"line":717,"column":14},"end":{"line":720,"column":15}},"389":{"start":{"line":719,"column":18},"end":{"line":719,"column":35}},"390":{"start":{"line":725,"column":8},"end":{"line":725,"column":40}},"391":{"start":{"line":726,"column":8},"end":{"line":726,"column":21}},"392":{"start":{"line":732,"column":26},"end":{"line":748,"column":1}},"393":{"start":{"line":733,"column":13},"end":{"line":733,"column":59}},"394":{"start":{"line":734,"column":2},"end":{"line":737,"column":3}},"395":{"start":{"line":736,"column":4},"end":{"line":736,"column":94}},"396":{"start":{"line":738,"column":2},"end":{"line":747,"column":19}},"397":{"start":{"line":739,"column":6},"end":{"line":739,"column":35}},"398":{"start":{"line":741,"column":7},"end":{"line":747,"column":19}},"399":{"start":{"line":742,"column":6},"end":{"line":742,"column":35}},"400":{"start":{"line":744,"column":7},"end":{"line":747,"column":19}},"401":{"start":{"line":745,"column":4},"end":{"line":745,"column":33}},"402":{"start":{"line":747,"column":7},"end":{"line":747,"column":19}},"403":{"start":{"line":751,"column":28},"end":{"line":778,"column":1}},"404":{"start":{"line":753,"column":13},"end":{"line":753,"column":59}},"405":{"start":{"line":756,"column":12},"end":{"line":756,"column":80}},"406":{"start":{"line":758,"column":2},"end":{"line":760,"column":3}},"407":{"start":{"line":759,"column":4},"end":{"line":759,"column":96}},"408":{"start":{"line":761,"column":2},"end":{"line":761,"column":20}},"409":{"start":{"line":762,"column":2},"end":{"line":777,"column":19}},"410":{"start":{"line":763,"column":14},"end":{"line":763,"column":66}},"411":{"start":{"line":765,"column":6},"end":{"line":765,"column":15}},"412":{"start":{"line":767,"column":7},"end":{"line":777,"column":19}},"413":{"start":{"line":768,"column":12},"end":{"line":768,"column":64}},"414":{"start":{"line":770,"column":4},"end":{"line":770,"column":13}},"415":{"start":{"line":772,"column":7},"end":{"line":777,"column":19}},"416":{"start":{"line":773,"column":12},"end":{"line":773,"column":64}},"417":{"start":{"line":775,"column":4},"end":{"line":775,"column":13}},"418":{"start":{"line":777,"column":7},"end":{"line":777,"column":19}},"419":{"start":{"line":783,"column":2},"end":{"line":791,"column":4}},"420":{"start":{"line":784,"column":4},"end":{"line":790,"column":6}},"421":{"start":{"line":785,"column":6},"end":{"line":785,"column":28}},"422":{"start":{"line":786,"column":6},"end":{"line":786,"column":61}},"423":{"start":{"line":786,"column":24},"end":{"line":786,"column":37}},"424":{"start":{"line":786,"column":47},"end":{"line":786,"column":59}},"425":{"start":{"line":788,"column":6},"end":{"line":788,"column":41}},"426":{"start":{"line":789,"column":6},"end":{"line":789,"column":18}},"427":{"start":{"line":795,"column":36},"end":{"line":805,"column":1}},"428":{"start":{"line":796,"column":4},"end":{"line":804,"column":6}},"429":{"start":{"line":797,"column":18},"end":{"line":797,"column":62}},"430":{"start":{"line":798,"column":8},"end":{"line":803,"column":10}},"431":{"start":{"line":799,"column":12},"end":{"line":802,"column":62}},"432":{"start":{"line":800,"column":16},"end":{"line":800,"column":35}},"433":{"start":{"line":802,"column":16},"end":{"line":802,"column":62}},"434":{"start":{"line":811,"column":23},"end":{"line":824,"column":1}},"435":{"start":{"line":813,"column":18},"end":{"line":813,"column":46}},"436":{"start":{"line":815,"column":2},"end":{"line":822,"column":4}},"437":{"start":{"line":817,"column":4},"end":{"line":821,"column":7}},"438":{"start":{"line":818,"column":6},"end":{"line":818,"column":30}},"439":{"start":{"line":820,"column":6},"end":{"line":820,"column":26}},"440":{"start":{"line":827,"column":14},"end":{"line":827,"column":24}},"441":{"start":{"line":828,"column":11},"end":{"line":828,"column":26}},"442":{"start":{"line":829,"column":11},"end":{"line":829,"column":31}},"443":{"start":{"line":831,"column":13},"end":{"line":831,"column":32}},"444":{"start":{"line":832,"column":2},"end":{"line":834,"column":3}},"445":{"start":{"line":833,"column":4},"end":{"line":833,"column":18}},"446":{"start":{"line":835,"column":2},"end":{"line":837,"column":3}},"447":{"start":{"line":836,"column":4},"end":{"line":836,"column":18}},"448":{"start":{"line":838,"column":11},"end":{"line":838,"column":37}},"449":{"start":{"line":839,"column":2},"end":{"line":839,"column":12}},"450":{"start":{"line":842,"column":11},"end":{"line":846,"column":1}},"451":{"start":{"line":850,"column":4},"end":{"line":850,"column":29}},"452":{"start":{"line":851,"column":4},"end":{"line":851,"column":33}},"453":{"start":{"line":854,"column":15},"end":{"line":854,"column":36}},"454":{"start":{"line":855,"column":14},"end":{"line":855,"column":92}},"455":{"start":{"line":857,"column":12},"end":{"line":857,"column":25}},"456":{"start":{"line":858,"column":15},"end":{"line":858,"column":19}},"457":{"start":{"line":859,"column":4},"end":{"line":870,"column":6}},"458":{"start":{"line":860,"column":4},"end":{"line":869,"column":45}},"459":{"start":{"line":861,"column":10},"end":{"line":868,"column":60}},"460":{"start":{"line":862,"column":12},"end":{"line":865,"column":31}},"461":{"start":{"line":863,"column":14},"end":{"line":863,"column":50}},"462":{"start":{"line":865,"column":12},"end":{"line":865,"column":31}},"463":{"start":{"line":868,"column":14},"end":{"line":868,"column":60}},"464":{"start":{"line":869,"column":31},"end":{"line":869,"column":42}},"465":{"start":{"line":872,"column":23},"end":{"line":872,"column":46}},"466":{"start":{"line":873,"column":25},"end":{"line":873,"column":50}},"467":{"start":{"line":876,"column":14},"end":{"line":887,"column":1}},"468":{"start":{"line":877,"column":33},"end":{"line":877,"column":89}},"469":{"start":{"line":878,"column":41},"end":{"line":878,"column":99}},"470":{"start":{"line":879,"column":36},"end":{"line":879,"column":95}},"471":{"start":{"line":880,"column":43},"end":{"line":880,"column":126}},"472":{"start":{"line":881,"column":46},"end":{"line":881,"column":116}},"473":{"start":{"line":882,"column":53},"end":{"line":882,"column":128}},"474":{"start":{"line":883,"column":46},"end":{"line":883,"column":108}},"475":{"start":{"line":884,"column":42},"end":{"line":884,"column":94}},"476":{"start":{"line":885,"column":42},"end":{"line":885,"column":93}},"477":{"start":{"line":886,"column":28},"end":{"line":886,"column":78}},"478":{"start":{"line":902,"column":31},"end":{"line":904,"column":1}},"479":{"start":{"line":903,"column":2},"end":{"line":903,"column":154}},"480":{"start":{"line":903,"column":51},"end":{"line":903,"column":150}},"481":{"start":{"line":903,"column":109},"end":{"line":903,"column":121}},"482":{"start":{"line":903,"column":138},"end":{"line":903,"column":149}},"483":{"start":{"line":905,"column":31},"end":{"line":907,"column":1}},"484":{"start":{"line":906,"column":2},"end":{"line":906,"column":154}},"485":{"start":{"line":906,"column":51},"end":{"line":906,"column":150}},"486":{"start":{"line":906,"column":109},"end":{"line":906,"column":121}},"487":{"start":{"line":906,"column":138},"end":{"line":906,"column":149}},"488":{"start":{"line":909,"column":28},"end":{"line":918,"column":1}},"489":{"start":{"line":910,"column":2},"end":{"line":917,"column":4}},"490":{"start":{"line":911,"column":4},"end":{"line":916,"column":42}},"491":{"start":{"line":912,"column":18},"end":{"line":912,"column":63}},"492":{"start":{"line":912,"column":65},"end":{"line":912,"column":122}},"493":{"start":{"line":913,"column":18},"end":{"line":913,"column":63}},"494":{"start":{"line":913,"column":65},"end":{"line":913,"column":106}},"495":{"start":{"line":914,"column":18},"end":{"line":914,"column":63}},"496":{"start":{"line":914,"column":65},"end":{"line":914,"column":106}},"497":{"start":{"line":915,"column":6},"end":{"line":915,"column":50}},"498":{"start":{"line":916,"column":18},"end":{"line":916,"column":29}},"499":{"start":{"line":916,"column":30},"end":{"line":916,"column":40}},"500":{"start":{"line":919,"column":28},"end":{"line":928,"column":1}},"501":{"start":{"line":920,"column":2},"end":{"line":927,"column":4}},"502":{"start":{"line":921,"column":4},"end":{"line":926,"column":42}},"503":{"start":{"line":922,"column":18},"end":{"line":922,"column":63}},"504":{"start":{"line":922,"column":65},"end":{"line":922,"column":106}},"505":{"start":{"line":923,"column":18},"end":{"line":923,"column":63}},"506":{"start":{"line":923,"column":65},"end":{"line":923,"column":106}},"507":{"start":{"line":924,"column":18},"end":{"line":924,"column":63}},"508":{"start":{"line":924,"column":65},"end":{"line":924,"column":106}},"509":{"start":{"line":925,"column":6},"end":{"line":925,"column":50}},"510":{"start":{"line":926,"column":18},"end":{"line":926,"column":29}},"511":{"start":{"line":926,"column":30},"end":{"line":926,"column":40}},"512":{"start":{"line":932,"column":21},"end":{"line":940,"column":1}},"513":{"start":{"line":933,"column":2},"end":{"line":939,"column":4}},"514":{"start":{"line":934,"column":4},"end":{"line":938,"column":30}},"515":{"start":{"line":935,"column":20},"end":{"line":935,"column":49}},"516":{"start":{"line":936,"column":20},"end":{"line":936,"column":49}},"517":{"start":{"line":937,"column":6},"end":{"line":937,"column":54}},"518":{"start":{"line":938,"column":18},"end":{"line":938,"column":28}},"519":{"start":{"line":942,"column":25},"end":{"line":959,"column":1}},"520":{"start":{"line":945,"column":17},"end":{"line":945,"column":80}},"521":{"start":{"line":946,"column":18},"end":{"line":946,"column":65}},"522":{"start":{"line":947,"column":17},"end":{"line":947,"column":78}},"523":{"start":{"line":948,"column":18},"end":{"line":948,"column":65}},"524":{"start":{"line":949,"column":2},"end":{"line":957,"column":3}},"525":{"start":{"line":950,"column":4},"end":{"line":950,"column":72}},"526":{"start":{"line":951,"column":10},"end":{"line":957,"column":3}},"527":{"start":{"line":952,"column":4},"end":{"line":952,"column":74}},"528":{"start":{"line":952,"column":74},"end":{"line":952,"column":75}},"529":{"start":{"line":953,"column":9},"end":{"line":957,"column":3}},"530":{"start":{"line":954,"column":4},"end":{"line":954,"column":99}},"531":{"start":{"line":955,"column":9},"end":{"line":957,"column":3}},"532":{"start":{"line":956,"column":4},"end":{"line":956,"column":75}},"533":{"start":{"line":958,"column":2},"end":{"line":958,"column":14}},"534":{"start":{"line":964,"column":17},"end":{"line":971,"column":3}},"535":{"start":{"line":973,"column":17},"end":{"line":973,"column":45}},"536":{"start":{"line":975,"column":2},"end":{"line":987,"column":3}},"537":{"start":{"line":977,"column":6},"end":{"line":977,"column":33}},"538":{"start":{"line":979,"column":6},"end":{"line":979,"column":52}},"539":{"start":{"line":981,"column":6},"end":{"line":981,"column":57}},"540":{"start":{"line":982,"column":6},"end":{"line":982,"column":48}},"541":{"start":{"line":984,"column":6},"end":{"line":984,"column":18}},"542":{"start":{"line":986,"column":6},"end":{"line":986,"column":19}},"543":{"start":{"line":991,"column":2},"end":{"line":1030,"column":4}},"544":{"start":{"line":994,"column":6},"end":{"line":1029,"column":7}},"545":{"start":{"line":996,"column":28},"end":{"line":996,"column":58}},"546":{"start":{"line":998,"column":21},"end":{"line":998,"column":59}},"547":{"start":{"line":999,"column":20},"end":{"line":999,"column":60}},"548":{"start":{"line":1002,"column":12},"end":{"line":1025,"column":17}},"549":{"start":{"line":1013,"column":16},"end":{"line":1024,"column":17}},"550":{"start":{"line":1016,"column":18},"end":{"line":1016,"column":75}},"551":{"start":{"line":1017,"column":18},"end":{"line":1017,"column":74}},"552":{"start":{"line":1018,"column":18},"end":{"line":1018,"column":43}},"553":{"start":{"line":1019,"column":18},"end":{"line":1019,"column":25}},"554":{"start":{"line":1022,"column":18},"end":{"line":1022,"column":30}},"555":{"start":{"line":1023,"column":18},"end":{"line":1023,"column":25}},"556":{"start":{"line":1028,"column":6},"end":{"line":1028,"column":69}},"557":{"start":{"line":1035,"column":2},"end":{"line":1067,"column":4}},"558":{"start":{"line":1036,"column":4},"end":{"line":1066,"column":5}},"559":{"start":{"line":1039,"column":25},"end":{"line":1042,"column":10}},"560":{"start":{"line":1044,"column":8},"end":{"line":1062,"column":9}},"561":{"start":{"line":1045,"column":30},"end":{"line":1045,"column":41}},"562":{"start":{"line":1046,"column":12},"end":{"line":1058,"column":13}},"563":{"start":{"line":1049,"column":16},"end":{"line":1049,"column":70}},"564":{"start":{"line":1050,"column":16},"end":{"line":1050,"column":74}},"565":{"start":{"line":1052,"column":16},"end":{"line":1052,"column":37}},"566":{"start":{"line":1053,"column":16},"end":{"line":1053,"column":23}},"567":{"start":{"line":1056,"column":16},"end":{"line":1056,"column":64}},"568":{"start":{"line":1057,"column":16},"end":{"line":1057,"column":23}},"569":{"start":{"line":1060,"column":12},"end":{"line":1060,"column":49}},"570":{"start":{"line":1061,"column":12},"end":{"line":1061,"column":19}},"571":{"start":{"line":1064,"column":6},"end":{"line":1064,"column":51}},"572":{"start":{"line":1065,"column":6},"end":{"line":1065,"column":13}},"573":{"start":{"line":1071,"column":2},"end":{"line":1127,"column":4}},"574":{"start":{"line":1073,"column":4},"end":{"line":1126,"column":7}},"575":{"start":{"line":1077,"column":6},"end":{"line":1107,"column":8}},"576":{"start":{"line":1079,"column":10},"end":{"line":1105,"column":11}},"577":{"start":{"line":1082,"column":14},"end":{"line":1082,"column":56}},"578":{"start":{"line":1083,"column":14},"end":{"line":1083,"column":60}},"579":{"start":{"line":1084,"column":14},"end":{"line":1084,"column":65}},"580":{"start":{"line":1087,"column":14},"end":{"line":1097,"column":19}},"581":{"start":{"line":1090,"column":18},"end":{"line":1090,"column":55}},"582":{"start":{"line":1091,"column":18},"end":{"line":1091,"column":25}},"583":{"start":{"line":1095,"column":18},"end":{"line":1095,"column":32}},"584":{"start":{"line":1096,"column":18},"end":{"line":1096,"column":25}},"585":{"start":{"line":1099,"column":14},"end":{"line":1103,"column":15}},"586":{"start":{"line":1100,"column":16},"end":{"line":1100,"column":65}},"587":{"start":{"line":1102,"column":16},"end":{"line":1102,"column":63}},"588":{"start":{"line":1104,"column":14},"end":{"line":1104,"column":21}},"589":{"start":{"line":1111,"column":6},"end":{"line":1111,"column":48}},"590":{"start":{"line":1112,"column":6},"end":{"line":1112,"column":52}},"591":{"start":{"line":1115,"column":6},"end":{"line":1125,"column":11}},"592":{"start":{"line":1118,"column":10},"end":{"line":1118,"column":47}},"593":{"start":{"line":1119,"column":10},"end":{"line":1119,"column":17}},"594":{"start":{"line":1123,"column":10},"end":{"line":1123,"column":24}},"595":{"start":{"line":1124,"column":10},"end":{"line":1124,"column":17}},"596":{"start":{"line":1134,"column":0},"end":{"line":1254,"column":2}},"597":{"start":{"line":1135,"column":63},"end":{"line":1135,"column":112}},"598":{"start":{"line":1136,"column":37},"end":{"line":1136,"column":67}},"599":{"start":{"line":1137,"column":45},"end":{"line":1137,"column":83}},"600":{"start":{"line":1138,"column":78},"end":{"line":1138,"column":149}},"601":{"start":{"line":1139,"column":58},"end":{"line":1139,"column":109}},"602":{"start":{"line":1140,"column":41},"end":{"line":1140,"column":75}},"603":{"start":{"line":1141,"column":39},"end":{"line":1141,"column":71}},"604":{"start":{"line":1142,"column":37},"end":{"line":1142,"column":67}},"605":{"start":{"line":1143,"column":45},"end":{"line":1143,"column":83}},"606":{"start":{"line":1144,"column":51},"end":{"line":1144,"column":95}},"607":{"start":{"line":1145,"column":43},"end":{"line":1145,"column":79}},"608":{"start":{"line":1146,"column":45},"end":{"line":1146,"column":83}},"609":{"start":{"line":1147,"column":43},"end":{"line":1147,"column":79}},"610":{"start":{"line":1148,"column":39},"end":{"line":1148,"column":71}},"611":{"start":{"line":1149,"column":51},"end":{"line":1149,"column":95}},"612":{"start":{"line":1150,"column":51},"end":{"line":1150,"column":95}},"613":{"start":{"line":1151,"column":44},"end":{"line":1151,"column":81}},"614":{"start":{"line":1152,"column":37},"end":{"line":1152,"column":67}},"615":{"start":{"line":1153,"column":53},"end":{"line":1153,"column":99}},"616":{"start":{"line":1154,"column":32},"end":{"line":1154,"column":57}},"617":{"start":{"line":1161,"column":30},"end":{"line":1161,"column":47}},"618":{"start":{"line":1162,"column":41},"end":{"line":1162,"column":73}},"619":{"start":{"line":1164,"column":8},"end":{"line":1164,"column":44}},"620":{"start":{"line":1167,"column":34},"end":{"line":1167,"column":156}},"621":{"start":{"line":1167,"column":81},"end":{"line":1167,"column":153}},"622":{"start":{"line":1167,"column":112},"end":{"line":1167,"column":124}},"623":{"start":{"line":1167,"column":141},"end":{"line":1167,"column":152}},"624":{"start":{"line":1168,"column":48},"end":{"line":1168,"column":184}},"625":{"start":{"line":1168,"column":95},"end":{"line":1168,"column":181}},"626":{"start":{"line":1168,"column":140},"end":{"line":1168,"column":152}},"627":{"start":{"line":1168,"column":169},"end":{"line":1168,"column":180}},"628":{"start":{"line":1169,"column":48},"end":{"line":1169,"column":184}},"629":{"start":{"line":1169,"column":95},"end":{"line":1169,"column":181}},"630":{"start":{"line":1169,"column":140},"end":{"line":1169,"column":152}},"631":{"start":{"line":1169,"column":169},"end":{"line":1169,"column":180}},"632":{"start":{"line":1171,"column":6},"end":{"line":1173,"column":8}},"633":{"start":{"line":1172,"column":8},"end":{"line":1172,"column":101}},"634":{"start":{"line":1172,"column":45},"end":{"line":1172,"column":59}},"635":{"start":{"line":1172,"column":85},"end":{"line":1172,"column":97}},"636":{"start":{"line":1176,"column":6},"end":{"line":1178,"column":8}},"637":{"start":{"line":1177,"column":8},"end":{"line":1177,"column":125}},"638":{"start":{"line":1177,"column":70},"end":{"line":1177,"column":84}},"639":{"start":{"line":1177,"column":110},"end":{"line":1177,"column":122}},"640":{"start":{"line":1181,"column":6},"end":{"line":1183,"column":8}},"641":{"start":{"line":1182,"column":8},"end":{"line":1182,"column":134}},"642":{"start":{"line":1182,"column":79},"end":{"line":1182,"column":93}},"643":{"start":{"line":1182,"column":119},"end":{"line":1182,"column":131}},"644":{"start":{"line":1197,"column":4},"end":{"line":1199,"column":6}},"645":{"start":{"line":1198,"column":8},"end":{"line":1198,"column":125}},"646":{"start":{"line":1198,"column":62},"end":{"line":1198,"column":82}},"647":{"start":{"line":1198,"column":108},"end":{"line":1198,"column":122}},"648":{"start":{"line":1202,"column":4},"end":{"line":1251,"column":7}},"649":{"start":{"line":1204,"column":30},"end":{"line":1204,"column":53}},"650":{"start":{"line":1205,"column":6},"end":{"line":1205,"column":67}},"651":{"start":{"line":1205,"column":31},"end":{"line":1205,"column":57}},"652":{"start":{"line":1205,"column":58},"end":{"line":1205,"column":65}},"653":{"start":{"line":1207,"column":21},"end":{"line":1207,"column":81}},"654":{"start":{"line":1209,"column":6},"end":{"line":1210,"column":59}},"655":{"start":{"line":1210,"column":8},"end":{"line":1210,"column":59}},"656":{"start":{"line":1212,"column":6},"end":{"line":1212,"column":28}},"657":{"start":{"line":1214,"column":6},"end":{"line":1226,"column":7}},"658":{"start":{"line":1216,"column":6},"end":{"line":1222,"column":9}},"659":{"start":{"line":1224,"column":8},"end":{"line":1224,"column":18}},"660":{"start":{"line":1225,"column":8},"end":{"line":1225,"column":15}},"661":{"start":{"line":1228,"column":16},"end":{"line":1228,"column":31}},"662":{"start":{"line":1231,"column":6},"end":{"line":1231,"column":223}},"663":{"start":{"line":1231,"column":122},"end":{"line":1231,"column":138}},"664":{"start":{"line":1231,"column":138},"end":{"line":1231,"column":190}},"665":{"start":{"line":1231,"column":190},"end":{"line":1231,"column":213}},"666":{"start":{"line":1231,"column":214},"end":{"line":1231,"column":221}},"667":{"start":{"line":1233,"column":6},"end":{"line":1233,"column":32}},"668":{"start":{"line":1236,"column":6},"end":{"line":1236,"column":202}},"669":{"start":{"line":1236,"column":12},"end":{"line":1236,"column":75}},"670":{"start":{"line":1236,"column":90},"end":{"line":1236,"column":106}},"671":{"start":{"line":1236,"column":106},"end":{"line":1236,"column":152}},"672":{"start":{"line":1236,"column":153},"end":{"line":1236,"column":192}},"673":{"start":{"line":1236,"column":193},"end":{"line":1236,"column":200}},"674":{"start":{"line":1238,"column":6},"end":{"line":1238,"column":37}},"675":{"start":{"line":1241,"column":6},"end":{"line":1241,"column":239}},"676":{"start":{"line":1241,"column":12},"end":{"line":1241,"column":79}},"677":{"start":{"line":1241,"column":94},"end":{"line":1241,"column":110}},"678":{"start":{"line":1241,"column":110},"end":{"line":1241,"column":181}},"679":{"start":{"line":1241,"column":182},"end":{"line":1241,"column":229}},"680":{"start":{"line":1241,"column":230},"end":{"line":1241,"column":237}},"681":{"start":{"line":1243,"column":6},"end":{"line":1243,"column":30}},"682":{"start":{"line":1245,"column":6},"end":{"line":1245,"column":44}},"683":{"start":{"line":1247,"column":6},"end":{"line":1247,"column":54}},"684":{"start":{"line":1249,"column":6},"end":{"line":1249,"column":19}}},"fnMap":{"0":{"name":"(anonymous_0)","decl":{"start":{"line":6,"column":30},"end":{"line":6,"column":31}},"loc":{"start":{"line":6,"column":60},"end":{"line":9,"column":1}},"line":6},"1":{"name":"log","decl":{"start":{"line":56,"column":9},"end":{"line":56,"column":12}},"loc":{"start":{"line":56,"column":21},"end":{"line":58,"column":1}},"line":56},"2":{"name":"logn","decl":{"start":{"line":59,"column":9},"end":{"line":59,"column":13}},"loc":{"start":{"line":59,"column":22},"end":{"line":61,"column":1}},"line":59},"3":{"name":"err_log","decl":{"start":{"line":64,"column":9},"end":{"line":64,"column":16}},"loc":{"start":{"line":64,"column":25},"end":{"line":66,"column":1}},"line":64},"4":{"name":"ok_log","decl":{"start":{"line":68,"column":9},"end":{"line":68,"column":15}},"loc":{"start":{"line":68,"column":24},"end":{"line":70,"column":1}},"line":68},"5":{"name":"table_log","decl":{"start":{"line":72,"column":9},"end":{"line":72,"column":18}},"loc":{"start":{"line":72,"column":28},"end":{"line":74,"column":1}},"line":72},"6":{"name":"log_group_begin","decl":{"start":{"line":76,"column":9},"end":{"line":76,"column":24}},"loc":{"start":{"line":76,"column":31},"end":{"line":76,"column":79}},"line":76},"7":{"name":"log_group_end","decl":{"start":{"line":78,"column":9},"end":{"line":78,"column":22}},"loc":{"start":{"line":78,"column":25},"end":{"line":78,"column":75}},"line":78},"8":{"name":"User","decl":{"start":{"line":80,"column":9},"end":{"line":80,"column":13}},"loc":{"start":{"line":80,"column":78},"end":{"line":88,"column":1}},"line":80},"9":{"name":"(anonymous_9)","decl":{"start":{"line":90,"column":16},"end":{"line":90,"column":17}},"loc":{"start":{"line":90,"column":22},"end":{"line":99,"column":3}},"line":90},"10":{"name":"(anonymous_10)","decl":{"start":{"line":101,"column":10},"end":{"line":101,"column":11}},"loc":{"start":{"line":101,"column":16},"end":{"line":110,"column":3}},"line":101},"11":{"name":"(anonymous_11)","decl":{"start":{"line":112,"column":27},"end":{"line":112,"column":28}},"loc":{"start":{"line":112,"column":42},"end":{"line":115,"column":3}},"line":112},"12":{"name":"(anonymous_12)","decl":{"start":{"line":117,"column":29},"end":{"line":117,"column":30}},"loc":{"start":{"line":117,"column":39},"end":{"line":120,"column":3}},"line":117},"13":{"name":"(anonymous_13)","decl":{"start":{"line":124,"column":32},"end":{"line":124,"column":33}},"loc":{"start":{"line":124,"column":47},"end":{"line":133,"column":1}},"line":124},"14":{"name":"(anonymous_14)","decl":{"start":{"line":125,"column":22},"end":{"line":125,"column":23}},"loc":{"start":{"line":125,"column":48},"end":{"line":132,"column":3}},"line":125},"15":{"name":"(anonymous_15)","decl":{"start":{"line":126,"column":63},"end":{"line":126,"column":64}},"loc":{"start":{"line":126,"column":78},"end":{"line":131,"column":7}},"line":126},"16":{"name":"(anonymous_16)","decl":{"start":{"line":142,"column":29},"end":{"line":142,"column":30}},"loc":{"start":{"line":142,"column":48},"end":{"line":155,"column":1}},"line":142},"17":{"name":"(anonymous_17)","decl":{"start":{"line":146,"column":22},"end":{"line":146,"column":23}},"loc":{"start":{"line":146,"column":49},"end":{"line":153,"column":3}},"line":146},"18":{"name":"(anonymous_18)","decl":{"start":{"line":148,"column":33},"end":{"line":148,"column":34}},"loc":{"start":{"line":148,"column":52},"end":{"line":150,"column":5}},"line":148},"19":{"name":"(anonymous_19)","decl":{"start":{"line":150,"column":13},"end":{"line":150,"column":14}},"loc":{"start":{"line":150,"column":27},"end":{"line":152,"column":5}},"line":150},"20":{"name":"(anonymous_20)","decl":{"start":{"line":157,"column":26},"end":{"line":157,"column":27}},"loc":{"start":{"line":157,"column":41},"end":{"line":166,"column":1}},"line":157},"21":{"name":"(anonymous_21)","decl":{"start":{"line":158,"column":22},"end":{"line":158,"column":23}},"loc":{"start":{"line":158,"column":48},"end":{"line":165,"column":3}},"line":158},"22":{"name":"(anonymous_22)","decl":{"start":{"line":159,"column":63},"end":{"line":159,"column":64}},"loc":{"start":{"line":159,"column":78},"end":{"line":164,"column":7}},"line":159},"23":{"name":"make_test_event","decl":{"start":{"line":169,"column":9},"end":{"line":169,"column":24}},"loc":{"start":{"line":169,"column":27},"end":{"line":201,"column":1}},"line":169},"24":{"name":"(anonymous_24)","decl":{"start":{"line":204,"column":26},"end":{"line":204,"column":27}},"loc":{"start":{"line":204,"column":41},"end":{"line":213,"column":1}},"line":204},"25":{"name":"(anonymous_25)","decl":{"start":{"line":205,"column":22},"end":{"line":205,"column":23}},"loc":{"start":{"line":205,"column":48},"end":{"line":212,"column":3}},"line":205},"26":{"name":"(anonymous_26)","decl":{"start":{"line":206,"column":63},"end":{"line":206,"column":64}},"loc":{"start":{"line":206,"column":78},"end":{"line":211,"column":7}},"line":206},"27":{"name":"(anonymous_27)","decl":{"start":{"line":216,"column":31},"end":{"line":216,"column":32}},"loc":{"start":{"line":216,"column":58},"end":{"line":260,"column":1}},"line":216},"28":{"name":"(anonymous_28)","decl":{"start":{"line":217,"column":23},"end":{"line":217,"column":24}},"loc":{"start":{"line":217,"column":55},"end":{"line":259,"column":3}},"line":217},"29":{"name":"(anonymous_29)","decl":{"start":{"line":234,"column":47},"end":{"line":234,"column":48}},"loc":{"start":{"line":234,"column":61},"end":{"line":251,"column":13}},"line":234},"30":{"name":"(anonymous_30)","decl":{"start":{"line":268,"column":20},"end":{"line":268,"column":21}},"loc":{"start":{"line":268,"column":39},"end":{"line":292,"column":1}},"line":268},"31":{"name":"(anonymous_31)","decl":{"start":{"line":273,"column":22},"end":{"line":273,"column":23}},"loc":{"start":{"line":273,"column":55},"end":{"line":291,"column":3}},"line":273},"32":{"name":"(anonymous_32)","decl":{"start":{"line":275,"column":34},"end":{"line":275,"column":35}},"loc":{"start":{"line":275,"column":64},"end":{"line":290,"column":5}},"line":275},"33":{"name":"send_text_message","decl":{"start":{"line":295,"column":9},"end":{"line":295,"column":26}},"loc":{"start":{"line":295,"column":37},"end":{"line":304,"column":1}},"line":295},"34":{"name":"(anonymous_34)","decl":{"start":{"line":303,"column":11},"end":{"line":303,"column":12}},"loc":{"start":{"line":303,"column":22},"end":{"line":303,"column":46}},"line":303},"35":{"name":"(anonymous_35)","decl":{"start":{"line":303,"column":54},"end":{"line":303,"column":55}},"loc":{"start":{"line":303,"column":68},"end":{"line":303,"column":88}},"line":303},"36":{"name":"groupText","decl":{"start":{"line":306,"column":9},"end":{"line":306,"column":18}},"loc":{"start":{"line":306,"column":34},"end":{"line":309,"column":1}},"line":306},"37":{"name":"(anonymous_37)","decl":{"start":{"line":308,"column":18},"end":{"line":308,"column":19}},"loc":{"start":{"line":308,"column":31},"end":{"line":308,"column":64}},"line":308},"38":{"name":"notifyPeople","decl":{"start":{"line":313,"column":15},"end":{"line":313,"column":27}},"loc":{"start":{"line":313,"column":30},"end":{"line":339,"column":2}},"line":313},"39":{"name":"(anonymous_39)","decl":{"start":{"line":321,"column":27},"end":{"line":321,"column":28}},"loc":{"start":{"line":321,"column":41},"end":{"line":331,"column":5}},"line":321},"40":{"name":"(anonymous_40)","decl":{"start":{"line":342,"column":32},"end":{"line":342,"column":33}},"loc":{"start":{"line":342,"column":44},"end":{"line":361,"column":1}},"line":342},"41":{"name":"(anonymous_41)","decl":{"start":{"line":343,"column":22},"end":{"line":343,"column":23}},"loc":{"start":{"line":343,"column":48},"end":{"line":360,"column":3}},"line":343},"42":{"name":"(anonymous_42)","decl":{"start":{"line":346,"column":24},"end":{"line":346,"column":25}},"loc":{"start":{"line":346,"column":39},"end":{"line":358,"column":7}},"line":346},"43":{"name":"(anonymous_43)","decl":{"start":{"line":347,"column":21},"end":{"line":347,"column":22}},"loc":{"start":{"line":347,"column":32},"end":{"line":357,"column":9}},"line":347},"44":{"name":"updateSpamChecker","decl":{"start":{"line":367,"column":9},"end":{"line":367,"column":26}},"loc":{"start":{"line":367,"column":34},"end":{"line":378,"column":1}},"line":367},"45":{"name":"(anonymous_45)","decl":{"start":{"line":381,"column":20},"end":{"line":381,"column":21}},"loc":{"start":{"line":381,"column":35},"end":{"line":393,"column":1}},"line":381},"46":{"name":"(anonymous_46)","decl":{"start":{"line":384,"column":22},"end":{"line":384,"column":23}},"loc":{"start":{"line":384,"column":49},"end":{"line":392,"column":3}},"line":384},"47":{"name":"(anonymous_47)","decl":{"start":{"line":385,"column":33},"end":{"line":385,"column":34}},"loc":{"start":{"line":385,"column":57},"end":{"line":391,"column":5}},"line":385},"48":{"name":"(anonymous_48)","decl":{"start":{"line":396,"column":27},"end":{"line":396,"column":28}},"loc":{"start":{"line":396,"column":39},"end":{"line":431,"column":1}},"line":396},"49":{"name":"(anonymous_49)","decl":{"start":{"line":397,"column":23},"end":{"line":397,"column":24}},"loc":{"start":{"line":397,"column":55},"end":{"line":430,"column":3}},"line":397},"50":{"name":"(anonymous_50)","decl":{"start":{"line":411,"column":47},"end":{"line":411,"column":48}},"loc":{"start":{"line":411,"column":61},"end":{"line":422,"column":13}},"line":411},"51":{"name":"(anonymous_51)","decl":{"start":{"line":433,"column":39},"end":{"line":433,"column":40}},"loc":{"start":{"line":433,"column":63},"end":{"line":444,"column":1}},"line":433},"52":{"name":"(anonymous_52)","decl":{"start":{"line":435,"column":22},"end":{"line":435,"column":23}},"loc":{"start":{"line":435,"column":55},"end":{"line":443,"column":3}},"line":435},"53":{"name":"(anonymous_53)","decl":{"start":{"line":436,"column":33},"end":{"line":436,"column":34}},"loc":{"start":{"line":436,"column":63},"end":{"line":442,"column":5}},"line":436},"54":{"name":"Customer","decl":{"start":{"line":448,"column":9},"end":{"line":448,"column":17}},"loc":{"start":{"line":448,"column":40},"end":{"line":451,"column":1}},"line":448},"55":{"name":"customer_charged_successfully","decl":{"start":{"line":453,"column":15},"end":{"line":453,"column":44}},"loc":{"start":{"line":453,"column":74},"end":{"line":522,"column":1}},"line":453},"56":{"name":"(anonymous_56)","decl":{"start":{"line":454,"column":21},"end":{"line":454,"column":22}},"loc":{"start":{"line":454,"column":53},"end":{"line":521,"column":3}},"line":454},"57":{"name":"(anonymous_57)","decl":{"start":{"line":529,"column":22},"end":{"line":529,"column":23}},"loc":{"start":{"line":529,"column":37},"end":{"line":531,"column":1}},"line":529},"58":{"name":"(anonymous_58)","decl":{"start":{"line":530,"column":23},"end":{"line":530,"column":24}},"loc":{"start":{"line":530,"column":49},"end":{"line":530,"column":143}},"line":530},"59":{"name":"(anonymous_59)","decl":{"start":{"line":530,"column":90},"end":{"line":530,"column":91}},"loc":{"start":{"line":530,"column":99},"end":{"line":530,"column":111}},"line":530},"60":{"name":"(anonymous_60)","decl":{"start":{"line":530,"column":119},"end":{"line":530,"column":120}},"loc":{"start":{"line":530,"column":128},"end":{"line":530,"column":139}},"line":530},"61":{"name":"(anonymous_61)","decl":{"start":{"line":535,"column":26},"end":{"line":535,"column":27}},"loc":{"start":{"line":535,"column":41},"end":{"line":537,"column":1}},"line":535},"62":{"name":"(anonymous_62)","decl":{"start":{"line":536,"column":23},"end":{"line":536,"column":24}},"loc":{"start":{"line":536,"column":49},"end":{"line":536,"column":316}},"line":536},"63":{"name":"(anonymous_63)","decl":{"start":{"line":536,"column":94},"end":{"line":536,"column":95}},"loc":{"start":{"line":536,"column":103},"end":{"line":536,"column":218}},"line":536},"64":{"name":"(anonymous_64)","decl":{"start":{"line":536,"column":226},"end":{"line":536,"column":227}},"loc":{"start":{"line":536,"column":235},"end":{"line":536,"column":312}},"line":536},"65":{"name":"(anonymous_65)","decl":{"start":{"line":544,"column":28},"end":{"line":544,"column":29}},"loc":{"start":{"line":544,"column":47},"end":{"line":546,"column":1}},"line":544},"66":{"name":"(anonymous_66)","decl":{"start":{"line":545,"column":23},"end":{"line":545,"column":24}},"loc":{"start":{"line":545,"column":49},"end":{"line":545,"column":150}},"line":545},"67":{"name":"(anonymous_67)","decl":{"start":{"line":545,"column":97},"end":{"line":545,"column":98}},"loc":{"start":{"line":545,"column":106},"end":{"line":545,"column":118}},"line":545},"68":{"name":"(anonymous_68)","decl":{"start":{"line":545,"column":126},"end":{"line":545,"column":127}},"loc":{"start":{"line":545,"column":135},"end":{"line":545,"column":146}},"line":545},"69":{"name":"(anonymous_69)","decl":{"start":{"line":550,"column":18},"end":{"line":550,"column":19}},"loc":{"start":{"line":550,"column":33},"end":{"line":552,"column":1}},"line":550},"70":{"name":"(anonymous_70)","decl":{"start":{"line":551,"column":23},"end":{"line":551,"column":24}},"loc":{"start":{"line":551,"column":49},"end":{"line":551,"column":139}},"line":551},"71":{"name":"(anonymous_71)","decl":{"start":{"line":551,"column":86},"end":{"line":551,"column":87}},"loc":{"start":{"line":551,"column":95},"end":{"line":551,"column":107}},"line":551},"72":{"name":"(anonymous_72)","decl":{"start":{"line":551,"column":115},"end":{"line":551,"column":116}},"loc":{"start":{"line":551,"column":124},"end":{"line":551,"column":135}},"line":551},"73":{"name":"(anonymous_73)","decl":{"start":{"line":554,"column":29},"end":{"line":554,"column":30}},"loc":{"start":{"line":554,"column":41},"end":{"line":565,"column":1}},"line":554},"74":{"name":"(anonymous_74)","decl":{"start":{"line":555,"column":23},"end":{"line":555,"column":24}},"loc":{"start":{"line":555,"column":49},"end":{"line":564,"column":3}},"line":555},"75":{"name":"(anonymous_75)","decl":{"start":{"line":557,"column":35},"end":{"line":557,"column":36}},"loc":{"start":{"line":557,"column":50},"end":{"line":563,"column":5}},"line":557},"76":{"name":"cast_texted_vote","decl":{"start":{"line":568,"column":9},"end":{"line":568,"column":25}},"loc":{"start":{"line":568,"column":47},"end":{"line":603,"column":1}},"line":568},"77":{"name":"(anonymous_77)","decl":{"start":{"line":569,"column":21},"end":{"line":569,"column":22}},"loc":{"start":{"line":569,"column":48},"end":{"line":602,"column":3}},"line":569},"78":{"name":"(anonymous_78)","decl":{"start":{"line":606,"column":29},"end":{"line":606,"column":30}},"loc":{"start":{"line":606,"column":35},"end":{"line":644,"column":1}},"line":606},"79":{"name":"(anonymous_79)","decl":{"start":{"line":607,"column":23},"end":{"line":607,"column":24}},"loc":{"start":{"line":607,"column":56},"end":{"line":643,"column":3}},"line":607},"80":{"name":"(anonymous_80)","decl":{"start":{"line":649,"column":20},"end":{"line":649,"column":21}},"loc":{"start":{"line":649,"column":31},"end":{"line":652,"column":1}},"line":649},"81":{"name":"(anonymous_81)","decl":{"start":{"line":654,"column":20},"end":{"line":654,"column":21}},"loc":{"start":{"line":654,"column":31},"end":{"line":657,"column":1}},"line":654},"82":{"name":"(anonymous_82)","decl":{"start":{"line":659,"column":24},"end":{"line":659,"column":25}},"loc":{"start":{"line":659,"column":39},"end":{"line":662,"column":1}},"line":659},"83":{"name":"(anonymous_83)","decl":{"start":{"line":664,"column":13},"end":{"line":664,"column":14}},"loc":{"start":{"line":664,"column":19},"end":{"line":673,"column":1}},"line":664},"84":{"name":"(anonymous_84)","decl":{"start":{"line":675,"column":17},"end":{"line":675,"column":18}},"loc":{"start":{"line":675,"column":24},"end":{"line":683,"column":1}},"line":675},"85":{"name":"(anonymous_85)","decl":{"start":{"line":687,"column":31},"end":{"line":687,"column":32}},"loc":{"start":{"line":687,"column":41},"end":{"line":690,"column":1}},"line":687},"86":{"name":"(anonymous_86)","decl":{"start":{"line":693,"column":33},"end":{"line":693,"column":34}},"loc":{"start":{"line":693,"column":43},"end":{"line":698,"column":1}},"line":693},"87":{"name":"(anonymous_87)","decl":{"start":{"line":702,"column":19},"end":{"line":702,"column":20}},"loc":{"start":{"line":702,"column":36},"end":{"line":730,"column":1}},"line":702},"88":{"name":"(anonymous_88)","decl":{"start":{"line":703,"column":22},"end":{"line":703,"column":23}},"loc":{"start":{"line":703,"column":48},"end":{"line":729,"column":3}},"line":703},"89":{"name":"(anonymous_89)","decl":{"start":{"line":705,"column":24},"end":{"line":705,"column":25}},"loc":{"start":{"line":705,"column":39},"end":{"line":727,"column":7}},"line":705},"90":{"name":"(anonymous_90)","decl":{"start":{"line":706,"column":21},"end":{"line":706,"column":22}},"loc":{"start":{"line":706,"column":32},"end":{"line":724,"column":9}},"line":706},"91":{"name":"(anonymous_91)","decl":{"start":{"line":732,"column":26},"end":{"line":732,"column":27}},"loc":{"start":{"line":732,"column":52},"end":{"line":748,"column":1}},"line":732},"92":{"name":"(anonymous_92)","decl":{"start":{"line":751,"column":28},"end":{"line":751,"column":29}},"loc":{"start":{"line":751,"column":54},"end":{"line":778,"column":1}},"line":751},"93":{"name":"get_decoded_token","decl":{"start":{"line":782,"column":15},"end":{"line":782,"column":32}},"loc":{"start":{"line":782,"column":43},"end":{"line":792,"column":1}},"line":782},"94":{"name":"(anonymous_94)","decl":{"start":{"line":783,"column":21},"end":{"line":783,"column":22}},"loc":{"start":{"line":783,"column":53},"end":{"line":791,"column":3}},"line":783},"95":{"name":"(anonymous_95)","decl":{"start":{"line":784,"column":45},"end":{"line":784,"column":46}},"loc":{"start":{"line":784,"column":59},"end":{"line":787,"column":5}},"line":784},"96":{"name":"(anonymous_96)","decl":{"start":{"line":787,"column":13},"end":{"line":787,"column":14}},"loc":{"start":{"line":787,"column":27},"end":{"line":790,"column":5}},"line":787},"97":{"name":"(anonymous_97)","decl":{"start":{"line":795,"column":36},"end":{"line":795,"column":37}},"loc":{"start":{"line":795,"column":55},"end":{"line":805,"column":1}},"line":795},"98":{"name":"(anonymous_98)","decl":{"start":{"line":796,"column":24},"end":{"line":796,"column":25}},"loc":{"start":{"line":796,"column":50},"end":{"line":804,"column":5}},"line":796},"99":{"name":"(anonymous_99)","decl":{"start":{"line":798,"column":26},"end":{"line":798,"column":27}},"loc":{"start":{"line":798,"column":41},"end":{"line":803,"column":9}},"line":798},"100":{"name":"(anonymous_100)","decl":{"start":{"line":811,"column":23},"end":{"line":811,"column":24}},"loc":{"start":{"line":811,"column":35},"end":{"line":824,"column":1}},"line":811},"101":{"name":"(anonymous_101)","decl":{"start":{"line":815,"column":22},"end":{"line":815,"column":23}},"loc":{"start":{"line":815,"column":49},"end":{"line":822,"column":3}},"line":815},"102":{"name":"(anonymous_102)","decl":{"start":{"line":817,"column":33},"end":{"line":817,"column":34}},"loc":{"start":{"line":817,"column":52},"end":{"line":819,"column":5}},"line":817},"103":{"name":"(anonymous_103)","decl":{"start":{"line":819,"column":13},"end":{"line":819,"column":14}},"loc":{"start":{"line":819,"column":27},"end":{"line":821,"column":5}},"line":819},"104":{"name":"getToday","decl":{"start":{"line":826,"column":9},"end":{"line":826,"column":17}},"loc":{"start":{"line":826,"column":20},"end":{"line":840,"column":1}},"line":826},"105":{"name":"(anonymous_105)","decl":{"start":{"line":849,"column":2},"end":{"line":849,"column":3}},"loc":{"start":{"line":849,"column":36},"end":{"line":852,"column":5}},"line":849},"106":{"name":"(anonymous_106)","decl":{"start":{"line":854,"column":2},"end":{"line":854,"column":3}},"loc":{"start":{"line":854,"column":13},"end":{"line":854,"column":39}},"line":854},"107":{"name":"(anonymous_107)","decl":{"start":{"line":855,"column":2},"end":{"line":855,"column":3}},"loc":{"start":{"line":855,"column":12},"end":{"line":855,"column":95}},"line":855},"108":{"name":"(anonymous_108)","decl":{"start":{"line":856,"column":2},"end":{"line":856,"column":3}},"loc":{"start":{"line":856,"column":16},"end":{"line":871,"column":3}},"line":856},"109":{"name":"(anonymous_109)","decl":{"start":{"line":859,"column":25},"end":{"line":859,"column":26}},"loc":{"start":{"line":859,"column":51},"end":{"line":870,"column":5}},"line":859},"110":{"name":"(anonymous_110)","decl":{"start":{"line":860,"column":26},"end":{"line":860,"column":27}},"loc":{"start":{"line":860,"column":41},"end":{"line":869,"column":7}},"line":860},"111":{"name":"(anonymous_111)","decl":{"start":{"line":869,"column":15},"end":{"line":869,"column":16}},"loc":{"start":{"line":869,"column":29},"end":{"line":869,"column":44}},"line":869},"112":{"name":"(anonymous_112)","decl":{"start":{"line":872,"column":2},"end":{"line":872,"column":3}},"loc":{"start":{"line":872,"column":21},"end":{"line":872,"column":48}},"line":872},"113":{"name":"(anonymous_113)","decl":{"start":{"line":873,"column":2},"end":{"line":873,"column":3}},"loc":{"start":{"line":873,"column":23},"end":{"line":873,"column":52}},"line":873},"114":{"name":"(anonymous_114)","decl":{"start":{"line":877,"column":16},"end":{"line":877,"column":17}},"loc":{"start":{"line":877,"column":31},"end":{"line":877,"column":91}},"line":877},"115":{"name":"(anonymous_115)","decl":{"start":{"line":878,"column":20},"end":{"line":878,"column":21}},"loc":{"start":{"line":878,"column":39},"end":{"line":878,"column":101}},"line":878},"116":{"name":"(anonymous_116)","decl":{"start":{"line":879,"column":20},"end":{"line":879,"column":21}},"loc":{"start":{"line":879,"column":34},"end":{"line":879,"column":97}},"line":879},"117":{"name":"(anonymous_117)","decl":{"start":{"line":880,"column":15},"end":{"line":880,"column":16}},"loc":{"start":{"line":880,"column":41},"end":{"line":880,"column":128}},"line":880},"118":{"name":"(anonymous_118)","decl":{"start":{"line":881,"column":18},"end":{"line":881,"column":19}},"loc":{"start":{"line":881,"column":44},"end":{"line":881,"column":118}},"line":881},"119":{"name":"(anonymous_119)","decl":{"start":{"line":882,"column":25},"end":{"line":882,"column":26}},"loc":{"start":{"line":882,"column":51},"end":{"line":882,"column":130}},"line":882},"120":{"name":"(anonymous_120)","decl":{"start":{"line":883,"column":26},"end":{"line":883,"column":27}},"loc":{"start":{"line":883,"column":44},"end":{"line":883,"column":110}},"line":883},"121":{"name":"(anonymous_121)","decl":{"start":{"line":884,"column":25},"end":{"line":884,"column":26}},"loc":{"start":{"line":884,"column":40},"end":{"line":884,"column":96}},"line":884},"122":{"name":"(anonymous_122)","decl":{"start":{"line":885,"column":25},"end":{"line":885,"column":26}},"loc":{"start":{"line":885,"column":40},"end":{"line":885,"column":95}},"line":885},"123":{"name":"(anonymous_123)","decl":{"start":{"line":886,"column":12},"end":{"line":886,"column":13}},"loc":{"start":{"line":886,"column":26},"end":{"line":886,"column":80}},"line":886},"124":{"name":"(anonymous_124)","decl":{"start":{"line":902,"column":31},"end":{"line":902,"column":32}},"loc":{"start":{"line":902,"column":47},"end":{"line":904,"column":1}},"line":902},"125":{"name":"(anonymous_125)","decl":{"start":{"line":903,"column":23},"end":{"line":903,"column":24}},"loc":{"start":{"line":903,"column":49},"end":{"line":903,"column":152}},"line":903},"126":{"name":"(anonymous_126)","decl":{"start":{"line":903,"column":100},"end":{"line":903,"column":101}},"loc":{"start":{"line":903,"column":109},"end":{"line":903,"column":121}},"line":903},"127":{"name":"(anonymous_127)","decl":{"start":{"line":903,"column":129},"end":{"line":903,"column":130}},"loc":{"start":{"line":903,"column":138},"end":{"line":903,"column":149}},"line":903},"128":{"name":"(anonymous_128)","decl":{"start":{"line":905,"column":31},"end":{"line":905,"column":32}},"loc":{"start":{"line":905,"column":47},"end":{"line":907,"column":1}},"line":905},"129":{"name":"(anonymous_129)","decl":{"start":{"line":906,"column":23},"end":{"line":906,"column":24}},"loc":{"start":{"line":906,"column":49},"end":{"line":906,"column":152}},"line":906},"130":{"name":"(anonymous_130)","decl":{"start":{"line":906,"column":100},"end":{"line":906,"column":101}},"loc":{"start":{"line":906,"column":109},"end":{"line":906,"column":121}},"line":906},"131":{"name":"(anonymous_131)","decl":{"start":{"line":906,"column":129},"end":{"line":906,"column":130}},"loc":{"start":{"line":906,"column":138},"end":{"line":906,"column":149}},"line":906},"132":{"name":"(anonymous_132)","decl":{"start":{"line":909,"column":28},"end":{"line":909,"column":29}},"loc":{"start":{"line":909,"column":40},"end":{"line":918,"column":1}},"line":909},"133":{"name":"(anonymous_133)","decl":{"start":{"line":910,"column":21},"end":{"line":910,"column":22}},"loc":{"start":{"line":910,"column":52},"end":{"line":917,"column":3}},"line":910},"134":{"name":"(anonymous_134)","decl":{"start":{"line":919,"column":28},"end":{"line":919,"column":29}},"loc":{"start":{"line":919,"column":40},"end":{"line":928,"column":1}},"line":919},"135":{"name":"(anonymous_135)","decl":{"start":{"line":920,"column":21},"end":{"line":920,"column":22}},"loc":{"start":{"line":920,"column":52},"end":{"line":927,"column":3}},"line":920},"136":{"name":"(anonymous_136)","decl":{"start":{"line":932,"column":21},"end":{"line":932,"column":22}},"loc":{"start":{"line":932,"column":33},"end":{"line":940,"column":1}},"line":932},"137":{"name":"(anonymous_137)","decl":{"start":{"line":933,"column":21},"end":{"line":933,"column":22}},"loc":{"start":{"line":933,"column":52},"end":{"line":939,"column":3}},"line":933},"138":{"name":"(anonymous_138)","decl":{"start":{"line":942,"column":25},"end":{"line":942,"column":26}},"loc":{"start":{"line":942,"column":39},"end":{"line":959,"column":1}},"line":942},"139":{"name":"postUserInfo","decl":{"start":{"line":961,"column":9},"end":{"line":961,"column":21}},"loc":{"start":{"line":961,"column":40},"end":{"line":988,"column":1}},"line":961},"140":{"name":"executeCreateSubscription","decl":{"start":{"line":990,"column":15},"end":{"line":990,"column":40}},"loc":{"start":{"line":990,"column":66},"end":{"line":1032,"column":1}},"line":990},"141":{"name":"(anonymous_141)","decl":{"start":{"line":991,"column":22},"end":{"line":991,"column":23}},"loc":{"start":{"line":991,"column":54},"end":{"line":1030,"column":3}},"line":991},"142":{"name":"(anonymous_142)","decl":{"start":{"line":1012,"column":17},"end":{"line":1012,"column":18}},"loc":{"start":{"line":1012,"column":45},"end":{"line":1025,"column":15}},"line":1012},"143":{"name":"createStripeUser","decl":{"start":{"line":1034,"column":15},"end":{"line":1034,"column":31}},"loc":{"start":{"line":1034,"column":59},"end":{"line":1068,"column":1}},"line":1034},"144":{"name":"(anonymous_144)","decl":{"start":{"line":1035,"column":21},"end":{"line":1035,"column":22}},"loc":{"start":{"line":1035,"column":54},"end":{"line":1067,"column":3}},"line":1035},"145":{"name":"deleteUser","decl":{"start":{"line":1070,"column":15},"end":{"line":1070,"column":25}},"loc":{"start":{"line":1070,"column":31},"end":{"line":1129,"column":1}},"line":1070},"146":{"name":"(anonymous_146)","decl":{"start":{"line":1071,"column":21},"end":{"line":1071,"column":22}},"loc":{"start":{"line":1071,"column":54},"end":{"line":1127,"column":3}},"line":1071},"147":{"name":"(anonymous_147)","decl":{"start":{"line":1073,"column":34},"end":{"line":1073,"column":35}},"loc":{"start":{"line":1073,"column":51},"end":{"line":1109,"column":5}},"line":1073},"148":{"name":"(anonymous_148)","decl":{"start":{"line":1078,"column":8},"end":{"line":1078,"column":9}},"loc":{"start":{"line":1078,"column":36},"end":{"line":1106,"column":9}},"line":1078},"149":{"name":"(anonymous_149)","decl":{"start":{"line":1088,"column":22},"end":{"line":1088,"column":23}},"loc":{"start":{"line":1088,"column":33},"end":{"line":1092,"column":17}},"line":1088},"150":{"name":"(anonymous_150)","decl":{"start":{"line":1093,"column":23},"end":{"line":1093,"column":24}},"loc":{"start":{"line":1093,"column":39},"end":{"line":1097,"column":17}},"line":1093},"151":{"name":"(anonymous_151)","decl":{"start":{"line":1109,"column":13},"end":{"line":1109,"column":14}},"loc":{"start":{"line":1109,"column":25},"end":{"line":1126,"column":5}},"line":1109},"152":{"name":"(anonymous_152)","decl":{"start":{"line":1116,"column":14},"end":{"line":1116,"column":15}},"loc":{"start":{"line":1116,"column":25},"end":{"line":1120,"column":9}},"line":1116},"153":{"name":"(anonymous_153)","decl":{"start":{"line":1121,"column":15},"end":{"line":1121,"column":16}},"loc":{"start":{"line":1121,"column":31},"end":{"line":1125,"column":9}},"line":1121},"154":{"name":"(anonymous_154)","decl":{"start":{"line":1135,"column":28},"end":{"line":1135,"column":29}},"loc":{"start":{"line":1135,"column":61},"end":{"line":1135,"column":114}},"line":1135},"155":{"name":"(anonymous_155)","decl":{"start":{"line":1136,"column":21},"end":{"line":1136,"column":22}},"loc":{"start":{"line":1136,"column":35},"end":{"line":1136,"column":69}},"line":1136},"156":{"name":"(anonymous_156)","decl":{"start":{"line":1137,"column":12},"end":{"line":1137,"column":13}},"loc":{"start":{"line":1137,"column":43},"end":{"line":1137,"column":85}},"line":1137},"157":{"name":"(anonymous_157)","decl":{"start":{"line":1138,"column":33},"end":{"line":1138,"column":34}},"loc":{"start":{"line":1138,"column":76},"end":{"line":1138,"column":151}},"line":1138},"158":{"name":"(anonymous_158)","decl":{"start":{"line":1139,"column":20},"end":{"line":1139,"column":21}},"loc":{"start":{"line":1139,"column":56},"end":{"line":1139,"column":111}},"line":1139},"159":{"name":"(anonymous_159)","decl":{"start":{"line":1140,"column":19},"end":{"line":1140,"column":20}},"loc":{"start":{"line":1140,"column":39},"end":{"line":1140,"column":77}},"line":1140},"160":{"name":"(anonymous_160)","decl":{"start":{"line":1141,"column":17},"end":{"line":1141,"column":18}},"loc":{"start":{"line":1141,"column":37},"end":{"line":1141,"column":73}},"line":1141},"161":{"name":"(anonymous_161)","decl":{"start":{"line":1142,"column":15},"end":{"line":1142,"column":16}},"loc":{"start":{"line":1142,"column":35},"end":{"line":1142,"column":69}},"line":1142},"162":{"name":"(anonymous_162)","decl":{"start":{"line":1143,"column":23},"end":{"line":1143,"column":24}},"loc":{"start":{"line":1143,"column":43},"end":{"line":1143,"column":85}},"line":1143},"163":{"name":"(anonymous_163)","decl":{"start":{"line":1144,"column":25},"end":{"line":1144,"column":26}},"loc":{"start":{"line":1144,"column":49},"end":{"line":1144,"column":97}},"l
[...]
:562,"column":35}},{"start":{"line":559,"column":8},"end":{"line":562,"column":35}}],"line":559},"30":{"loc":{"start":{"line":559,"column":12},"end":{"line":559,"column":30}},"type":"binary-expr","locations":[{"start":{"line":559,"column":12},"end":{"line":559,"column":16}},{"start":{"line":559,"column":20},"end":{"line":559,"column":30}}],"line":559},"31":{"loc":{"start":{"line":574,"column":4},"end":{"line":601,"column":7}},"type":"if","locations":[{"start":{"line":574,"column":4},"end":{"line":601,"column":7}},{"start":{"line":574,"column":4},"end":{"line":601,"column":7}}],"line":574},"32":{"loc":{"start":{"line":581,"column":6},"end":{"line":598,"column":7}},"type":"if","locations":[{"start":{"line":581,"column":6},"end":{"line":598,"column":7}},{"start":{"line":581,"column":6},"end":{"line":598,"column":7}}],"line":581},"33":{"loc":{"start":{"line":586,"column":8},"end":{"line":597,"column":9}},"type":"if","locations":[{"start":{"line":586,"column":8},"end":{"line":597,"column":9}},{"start":{"line":586,"column":8},"end":{"line":597,"column":9}}],"line":586},"34":{"loc":{"start":{"line":622,"column":18},"end":{"line":622,"column":83}},"type":"cond-expr","locations":[{"start":{"line":622,"column":51},"end":{"line":622,"column":76}},{"start":{"line":622,"column":79},"end":{"line":622,"column":83}}],"line":622},"35":{"loc":{"start":{"line":626,"column":6},"end":{"line":626,"column":68}},"type":"if","locations":[{"start":{"line":626,"column":6},"end":{"line":626,"column":68}},{"start":{"line":626,"column":6},"end":{"line":626,"column":68}}],"line":626},"36":{"loc":{"start":{"line":710,"column":10},"end":{"line":722,"column":11}},"type":"if","locations":[{"start":{"line":710,"column":10},"end":{"line":722,"column":11}},{"start":{"line":710,"column":10},"end":{"line":722,"column":11}}],"line":710},"37":{"loc":{"start":{"line":713,"column":12},"end":{"line":721,"column":13}},"type":"if","locations":[{"start":{"line":713,"column":12},"end":{"line":721,"column":13}},{"start":{"line":713,"column":12},"end":{"line":721,"column":13}}],"line":713},"38":{"loc":{"start":{"line":717,"column":14},"end":{"line":720,"column":15}},"type":"if","locations":[{"start":{"line":717,"column":14},"end":{"line":720,"column":15}},{"start":{"line":717,"column":14},"end":{"line":720,"column":15}}],"line":717},"39":{"loc":{"start":{"line":734,"column":2},"end":{"line":737,"column":3}},"type":"if","locations":[{"start":{"line":734,"column":2},"end":{"line":737,"column":3}},{"start":{"line":734,"column":2},"end":{"line":737,"column":3}}],"line":734},"40":{"loc":{"start":{"line":734,"column":6},"end":{"line":734,"column":50}},"type":"binary-expr","locations":[{"start":{"line":734,"column":6},"end":{"line":734,"column":18}},{"start":{"line":734,"column":22},"end":{"line":734,"column":34}},{"start":{"line":734,"column":38},"end":{"line":734,"column":50}}],"line":734},"41":{"loc":{"start":{"line":738,"column":2},"end":{"line":747,"column":19}},"type":"if","locations":[{"start":{"line":738,"column":2},"end":{"line":747,"column":19}},{"start":{"line":738,"column":2},"end":{"line":747,"column":19}}],"line":738},"42":{"loc":{"start":{"line":741,"column":7},"end":{"line":747,"column":19}},"type":"if","locations":[{"start":{"line":741,"column":7},"end":{"line":747,"column":19}},{"start":{"line":741,"column":7},"end":{"line":747,"column":19}}],"line":741},"43":{"loc":{"start":{"line":744,"column":7},"end":{"line":747,"column":19}},"type":"if","locations":[{"start":{"line":744,"column":7},"end":{"line":747,"column":19}},{"start":{"line":744,"column":7},"end":{"line":747,"column":19}}],"line":744},"44":{"loc":{"start":{"line":758,"column":2},"end":{"line":760,"column":3}},"type":"if","locations":[{"start":{"line":758,"column":2},"end":{"line":760,"column":3}},{"start":{"line":758,"column":2},"end":{"line":760,"column":3}}],"line":758},"45":{"loc":{"start":{"line":758,"column":6},"end":{"line":758,"column":47}},"type":"binary-expr","locations":[{"start":{"line":758,"column":6},"end":{"line":758,"column":17}},{"start":{"line":758,"column":21},"end":{"line":758,"column":33}},{"start":{"line":758,"column":37},"end":{"line":758,"column":47}}],"line":758},"46":{"loc":{"start":{"line":762,"column":2},"end":{"line":777,"column":19}},"type":"if","locations":[{"start":{"line":762,"column":2},"end":{"line":777,"column":19}},{"start":{"line":762,"column":2},"end":{"line":777,"column":19}}],"line":762},"47":{"loc":{"start":{"line":767,"column":7},"end":{"line":777,"column":19}},"type":"if","locations":[{"start":{"line":767,"column":7},"end":{"line":777,"column":19}},{"start":{"line":767,"column":7},"end":{"line":777,"column":19}}],"line":767},"48":{"loc":{"start":{"line":772,"column":7},"end":{"line":777,"column":19}},"type":"if","locations":[{"start":{"line":772,"column":7},"end":{"line":777,"column":19}},{"start":{"line":772,"column":7},"end":{"line":777,"column":19}}],"line":772},"49":{"loc":{"start":{"line":786,"column":6},"end":{"line":786,"column":61}},"type":"if","locations":[{"start":{"line":786,"column":6},"end":{"line":786,"column":61}},{"start":{"line":786,"column":6},"end":{"line":786,"column":61}}],"line":786},"50":{"loc":{"start":{"line":799,"column":12},"end":{"line":802,"column":62}},"type":"if","locations":[{"start":{"line":799,"column":12},"end":{"line":802,"column":62}},{"start":{"line":799,"column":12},"end":{"line":802,"column":62}}],"line":799},"51":{"loc":{"start":{"line":799,"column":16},"end":{"line":799,"column":34}},"type":"binary-expr","locations":[{"start":{"line":799,"column":16},"end":{"line":799,"column":20}},{"start":{"line":799,"column":24},"end":{"line":799,"column":34}}],"line":799},"52":{"loc":{"start":{"line":832,"column":2},"end":{"line":834,"column":3}},"type":"if","locations":[{"start":{"line":832,"column":2},"end":{"line":834,"column":3}},{"start":{"line":832,"column":2},"end":{"line":834,"column":3}}],"line":832},"53":{"loc":{"start":{"line":835,"column":2},"end":{"line":837,"column":3}},"type":"if","locations":[{"start":{"line":835,"column":2},"end":{"line":837,"column":3}},{"start":{"line":835,"column":2},"end":{"line":837,"column":3}}],"line":835},"54":{"loc":{"start":{"line":855,"column":21},"end":{"line":855,"column":91}},"type":"cond-expr","locations":[{"start":{"line":855,"column":39},"end":{"line":855,"column":75}},{"start":{"line":855,"column":78},"end":{"line":855,"column":91}}],"line":855},"55":{"loc":{"start":{"line":861,"column":10},"end":{"line":868,"column":60}},"type":"if","locations":[{"start":{"line":861,"column":10},"end":{"line":868,"column":60}},{"start":{"line":861,"column":10},"end":{"line":868,"column":60}}],"line":861},"56":{"loc":{"start":{"line":861,"column":14},"end":{"line":861,"column":32}},"type":"binary-expr","locations":[{"start":{"line":861,"column":14},"end":{"line":861,"column":18}},{"start":{"line":861,"column":22},"end":{"line":861,"column":32}}],"line":861},"57":{"loc":{"start":{"line":862,"column":12},"end":{"line":865,"column":31}},"type":"if","locations":[{"start":{"line":862,"column":12},"end":{"line":865,"column":31}},{"start":{"line":862,"column":12},"end":{"line":865,"column":31}}],"line":862},"58":{"loc":{"start":{"line":945,"column":17},"end":{"line":945,"column":80}},"type":"binary-expr","locations":[{"start":{"line":945,"column":17},"end":{"line":945,"column":35}},{"start":{"line":945,"column":39},"end":{"line":945,"column":55}},{"start":{"line":945,"column":59},"end":{"line":945,"column":80}}],"line":945},"59":{"loc":{"start":{"line":946,"column":18},"end":{"line":946,"column":65}},"type":"binary-expr","locations":[{"start":{"line":946,"column":18},"end":{"line":946,"column":36}},{"start":{"line":946,"column":40},"end":{"line":946,"column":65}}],"line":946},"60":{"loc":{"start":{"line":947,"column":17},"end":{"line":947,"column":78}},"type":"binary-expr","locations":[{"start":{"line":947,"column":17},"end":{"line":947,"column":35}},{"start":{"line":947,"column":39},"end":{"line":947,"column":78}}],"line":947},"61":{"loc":{"start":{"line":948,"column":18},"end":{"line":948,"column":65}},"type":"binary-expr","locations":[{"start":{"line":948,"column":18},"end":{"line":948,"column":36}},{"start":{"line":948,"column":40},"end":{"line":948,"column":65}}],"line":948},"62":{"loc":{"start":{"line":949,"column":2},"end":{"line":957,"column":3}},"type":"if","locations":[{"start":{"line":949,"column":2},"end":{"line":957,"column":3}},{"start":{"line":949,"column":2},"end":{"line":957,"column":3}}],"line":949},"63":{"loc":{"start":{"line":951,"column":10},"end":{"line":957,"column":3}},"type":"if","locations":[{"start":{"line":951,"column":10},"end":{"line":957,"column":3}},{"start":{"line":951,"column":10},"end":{"line":957,"column":3}}],"line":951},"64":{"loc":{"start":{"line":953,"column":9},"end":{"line":957,"column":3}},"type":"if","locations":[{"start":{"line":953,"column":9},"end":{"line":957,"column":3}},{"start":{"line":953,"column":9},"end":{"line":957,"column":3}}],"line":953},"65":{"loc":{"start":{"line":955,"column":9},"end":{"line":957,"column":3}},"type":"if","locations":[{"start":{"line":955,"column":9},"end":{"line":957,"column":3}},{"start":{"line":955,"column":9},"end":{"line":957,"column":3}}],"line":955},"66":{"loc":{"start":{"line":975,"column":2},"end":{"line":987,"column":3}},"type":"if","locations":[{"start":{"line":975,"column":2},"end":{"line":987,"column":3}},{"start":{"line":975,"column":2},"end":{"line":987,"column":3}}],"line":975},"67":{"loc":{"start":{"line":1013,"column":16},"end":{"line":1024,"column":17}},"type":"if","locations":[{"start":{"line":1013,"column":16},"end":{"line":1024,"column":17}},{"start":{"line":1013,"column":16},"end":{"line":1024,"column":17}}],"line":1013},"68":{"loc":{"start":{"line":1044,"column":8},"end":{"line":1062,"column":9}},"type":"if","locations":[{"start":{"line":1044,"column":8},"end":{"line":1062,"column":9}},{"start":{"line":1044,"column":8},"end":{"line":1062,"column":9}}],"line":1044},"69":{"loc":{"start":{"line":1046,"column":12},"end":{"line":1058,"column":13}},"type":"if","locations":[{"start":{"line":1046,"column":12},"end":{"line":1058,"column":13}},{"start":{"line":1046,"column":12},"end":{"line":1058,"column":13}}],"line":1046},"70":{"loc":{"start":{"line":1046,"column":16},"end":{"line":1046,"column":34}},"type":"binary-expr","locations":[{"start":{"line":1046,"column":16},"end":{"line":1046,"column":19}},{"start":{"line":1046,"column":23},"end":{"line":1046,"column":34}}],"line":1046},"71":{"loc":{"start":{"line":1079,"column":10},"end":{"line":1105,"column":11}},"type":"if","locations":[{"start":{"line":1079,"column":10},"end":{"line":1105,"column":11}},{"start":{"line":1079,"column":10},"end":{"line":1105,"column":11}}],"line":1079},"72":{"loc":{"start":{"line":1099,"column":14},"end":{"line":1103,"column":15}},"type":"if","locations":[{"start":{"line":1099,"column":14},"end":{"line":1103,"column":15}},{"start":{"line":1099,"column":14},"end":{"line":1103,"column":15}}],"line":1099},"73":{"loc":{"start":{"line":1205,"column":6},"end":{"line":1205,"column":67}},"type":"if","locations":[{"start":{"line":1205,"column":6},"end":{"line":1205,"column":67}},{"start":{"line":1205,"column":6},"end":{"line":1205,"column":67}}],"line":1205},"74":{"loc":{"start":{"line":1209,"column":6},"end":{"line":1210,"column":59}},"type":"if","locations":[{"start":{"line":1209,"column":6},"end":{"line":1210,"column":59}},{"start":{"line":1209,"column":6},"end":{"line":1210,"column":59}}],"line":1209},"75":{"loc":{"start":{"line":1209,"column":10},"end":{"line":1209,"column":84}},"type":"binary-expr","locations":[{"start":{"line":1209,"column":10},"end":{"line":1209,"column":47}},{"start":{"line":1209,"column":51},"end":{"line":1209,"column":84}}],"line":1209},"76":{"loc":{"start":{"line":1231,"column":6},"end":{"line":1231,"column":223}},"type":"if","locations":[{"start":{"line":1231,"column":6},"end":{"line":1231,"column":223}},{"start":{"line":1231,"column":6},"end":{"line":1231,"column":223}}],"line":1231}},"s":{"0":1,"1":1,"2":1,"3":1,"4":1,"5":0,"6":0,"7":1,"8":1,"9":1,"10":1,"11":1,"12":1,"13":1,"14":1,"15":1,"16":1,"17":0,"18":0,"19":1,"20":1,"21":1,"22":1,"23":5,"24":10,"25":0,"26":10,"27":1,"28":1,"29":1,"30":1,"31":1,"32":1,"33":1,"34":1,"35":1,"36":1,"37":1,"38":1,"39":1,"40":1,"41":1,"42":1,"43":1,"44":1,"45":3,"46":1,"47":1,"48":1,"49":1,"50":1,"51":1,"52":1,"53":1,"54":3,"55":1,"56":1,"57":0,"58":0,"59":1,"60":0,"61":0,"62":1,"63":0,"64":0,"65":0,"66":0,"67":0,"68":1,"69":0,"70":0,"71":0,"72":0,"73":0,"74":1,"75":0,"76":0,"77":0,"78":0,"79":0,"80":0,"81":1,"82":2,"83":2,"84":2,"85":2,"86":0,"87":1,"88":1,"89":1,"90":1,"91":1,"92":1,"93":1,"94":1,"95":1,"96":4,"97":0,"98":0,"99":0,"100":0,"101":0,"102":0,"103":0,"104":0,"105":0,"106":1,"107":0,"108":1,"109":2,"110":2,"111":2,"112":1,"113":0,"114":0,"115":1,"116":1,"117":1,"118":1,"119":0,"120":0,"121":0,"122":0,"123":0,"124":0,"125":0,"126":0,"127":0,"128":0,"129":0,"130":1,"131":1,"132":1,"133":0,"134":0,"135":1,"136":0,"137":0,"138":0,"139":0,"140":0,"141":0,"142":0,"143":0,"144":0,"145":0,"146":0,"147":0,"148":0,"149":0,"150":1,"151":1,"152":1,"153":1,"154":1,"155":0,"156":0,"157":0,"158":0,"159":0,"160":0,"161":0,"162":1,"163":1,"164":1,"165":0,"166":0,"167":0,"168":0,"169":0,"170":1,"171":0,"172":0,"173":0,"174":0,"175":0,"176":0,"177":1,"178":1,"179":1,"180":1,"181":1,"182":0,"183":0,"184":0,"185":0,"186":0,"187":0,"188":0,"189":0,"190":0,"191":1,"192":0,"193":0,"194":0,"195":0,"196":0,"197":0,"198":0,"199":0,"200":0,"201":0,"202":0,"203":0,"204":0,"205":0,"206":0,"207":0,"208":0,"209":0,"210":0,"211":0,"212":0,"213":0,"214":0,"215":0,"216":0,"217":0,"218":0,"219":0,"220":0,"221":0,"222":0,"223":0,"224":0,"225":0,"226":0,"227":0,"228":0,"229":0,"230":0,"231":0,"232":0,"233":0,"234":0,"235":0,"236":0,"237":0,"238":0,"239":0,"240":0,"241":0,"242":0,"243":0,"244":0,"245":0,"246":0,"247":0,"248":0,"249":0,"250":0,"251":0,"252":0,"253":0,"254":0,"255":0,"256":0,"257":0,"258":0,"259":0,"260":0,"261":0,"262":0,"263":0,"264":0,"265":0,"266":0,"267":0,"268":0,"269":0,"270":0,"271":0,"272":0,"273":0,"274":0,"275":0,"276":0,"277":1,"278":0,"279":0,"280":0,"281":0,"282":1,"283":0,"284":0,"285":0,"286":0,"287":1,"288":0,"289":0,"290":0,"291":0,"292":1,"293":1,"294":1,"295":0,"296":1,"297":1,"298":1,"299":1,"300":1,"301":1,"302":1,"303":1,"304":0,"305":0,"306":0,"307":0,"308":0,"309":0,"310":0,"311":0,"312":0,"313":0,"314":0,"315":0,"316":0,"317":0,"318":0,"319":0,"320":0,"321":0,"322":0,"323":1,"324":1,"325":1,"326":1,"327":1,"328":1,"329":1,"330":1,"331":1,"332":1,"333":1,"334":1,"335":1,"336":1,"337":0,"338":1,"339":1,"340":1,"341":1,"342":0,"343":0,"344":1,"345":1,"346":2,"347":2,"348":1,"349":2,"350":2,"351":1,"352":0,"353":0,"354":1,"355":1,"356":1,"357":1,"358":1,"359":1,"360":1,"361":6,"362":1,"363":1,"364":0,"365":0,"366":0,"367":0,"368":0,"369":0,"370":0,"371":1,"372":4,"373":4,"374":1,"375":1,"376":1,"377":1,"378":1,"379":0,"380":0,"381":0,"382":0,"383":0,"384":0,"385":0,"386":0,"387":0,"388":0,"389":0,"390":0,"391":0,"392":1,"393":3,"394":3,"395":0,"396":3,"397":0,"398":3,"399":0,"400":3,"401":3,"402":0,"403":1,"404":1,"405":1,"406":1,"407":0,"408":1,"409":1,"410":0,"411":0,"412":1,"413":0,"414":0,"415":1,"416":1,"417":1,"418":0,"419":0,"420":0,"421":0,"422":0,"423":0,"424":0,"425":0,"426":0,"427":1,"428":0,"429":0,"430":0,"431":0,"432":0,"433":0,"434":1,"435":2,"436":2,"437":2,"438":2,"439":0,"440":1,"441":1,"442":1,"443":1,"444":1,"445":0,"446":1,"447":1,"448":1,"449":1,"450":1,"451":8,"452":8,"453":0,"454":1,"455":7,"456":7,"457":7,"458":7,"459":7,"460":6,"461":6,"462":0,"463":1,"464":0,"465":1,"466":0,"467":1,"468":1,"469":0,"470":0,"471":0,"472":0,"473":0,"474":0,"475":3,"476":3,"477":1,"478":1,"479":3,"480":3,"481":3,"482":0,"483":1,"484":3,"485":3,"486":3,"487":0,"488":1,"489":1,"490":1,"491":1,"492":1,"493":1,"494":1,"495":1,"496":1,"497":1,"498":0,"499":0,"500":1,"501":1,"502":1,"503":1,"504":1,"505":1,"506":1,"507":1,"508":1,"509":1,"510":0,"511":0,"512":1,"513":1,"514":1,"515":1,"516":1,"517":1,"518":0,"519":1,"520":2,"521":2,"522":2,"523":2,"524":2,"525":0,"526":2,"527":0,"528":0,"529":2,"530":0,"531":2,"532":0,"533":2,"534":1,"535":1,"536":1,"537":1,"538":1,"539":1,"540":1,"541":1,"542":0,"543":1,"544":1,"545":1,"546":1,"547":1,"548":1,"549":1,"550":1,"551":1,"552":1,"553":1,"554":0,"555":0,"556":0,"557":1,"558":1,"559":1,"560":1,"561":1,"562":1,"563":1,"564":1,"565":1,"566":1,"567":0,"568":0,"569":0,"570":0,"571":0,"572":0,"573":1,"574":1,"575":1,"576":1,"577":1,"578":1,"579":1,"580":1,"581":1,"582":1,"583":0,"584":0,"585":0,"586":0,"587":0,"588":0,"589":0,"590":0,"591":0,"592":0,"593":0,"594":0,"595":0,"596":1,"597":0,"598":0,"599":0,"600":0,"601":0,"602":0,"603":0,"604":1,"605":0,"606":0,"607":0,"608":1,"609":0,"610":0,"611":0,"612":0,"613":0,"614":0,"615":0,"616":0,"617":1,"618":0,"619":0,"620":1,"621":1,"622":1,"623":0,"624":0,"625":0,"626":0,"627":0,"628":0,"629":0,"630":0,"631":0,"632":1,"633":1,"634":1,"635":0,"636":0,"637":0,"638":0,"639":0,"640":0,"641":0,"642":0,"643":0,"644":1,"645":1,"646":0,"647":1,"648":1,"649":1,"650":1,"651":0,"652":0,"653":1,"654":1,"655":0,"656":1,"657":1,"658":1,"659":0,"660":0,"661":1,"662":1,"663":0,"664":0,"665":0,"666":0,"667":1,"668":1,"669":1,"670":0,"671":0,"672":0,"673":0,"674":1,"675":1,"676":1,"677":0,"678":0,"679":0,"680":0,"681":1,"682":1,"683":1,"684":1},"f":{"0":0,"1":5,"2":10,"3":0,"4":10,"5":1,"6":1,"7":1,"8":1,"9":1,"10":1,"11":0,"12":0,"13":0,"14":0,"15":0,"16":0,"17":0,"18":0,"19":0,"20":0,"21":0,"22":0,"23":0,"24":2,"25":2,"26":2,"27":1,"28":1,"29":4,"30":2,"31":2,"32":1,"33":0,"34":0,"35":0,"36":0,"37":0,"38":1,"39":0,"40":1,"41":1,"42":0,"43":0,"44":0,"45":0,"46":0,"47":0,"48":1,"49":1,"50":0,"51":0,"52":0,"53":0,"54":0,"55":0,"56":0,"57":0,"58":0,"59":0,"60":0,"61":0,"62":0,"63":0,"64":0,"65":0,"66":0,"67":0,"68":0,"69":1,"70":1,"71":0,"72":1,"73":1,"74":1,"75":1,"76":0,"77":0,"78":1,"79":1,"80":2,"81":2,"82":0,"83":1,"84":0,"85":4,"86":1,"87":0,"88":0,"89":0,"90":0,"91":3,"92":1,"93":0,"94":0,"95":0,"96":0,"97":0,"98":0,"99":0,"100":2,"101":2,"102":2,"103":0,"104":1,"105":8,"106":0,"107":1,"108":7,"109":7,"110":7,"111":0,"112":1,"113":0,"114":1,"115":0,"116":0,"117":0,"118":0,"119":0,"120":0,"121":3,"122":3,"123":1,"124":3,"125":3,"126":3,"127":0,"128":3,"129":3,"130":3,"131":0,"132":1,"133":1,"134":1,"135":1,"136":1,"137":1,"138":2,"139":1,"140":1,"141":1,"142":1,"143":1,"144":1,"145":1,"146":1,"147":1,"148":1,"149":1,"150":0,"151":0,"152":0,"153":0,"154":0,"155":0,"156":0,"157":0,"158":0,"159":0,"160":0,"161":1,"162":0,"163":0,"164":0,"165":1,"166":0,"167":0,"168":0,"169":0,"170":0,"171":0,"172":0,"173":0,"174":1,"175":0,"176":0,"177":1,"178":1,"179":1,"180":0,"181":0,"182":0,"183":0,"184":0,"185":0,"186":0,"187":0,"188":0,"189":1,"190":1,"191":1,"192":0,"193":0,"194":0,"195":0,"196":0,"197":0,"198":0,"199":0,"200":0,"201":1,"202":1,"203":0,"204":1,"205":1,"206":1},"b":{"0":[1,0],"1":[0,0],"2":[0,0],"3":[0,0],"4":[0,0],"5":[2,0],"6":[2,2],"7":[1,0],"8":[0,4],"9":[0,0],"10":[0,0],"11":[0,0],"12":[0,1],"13":[1,0],"14":[0,0],"15":[0,1],"16":[0,0],"17":[0,0],"18":[0,0],"19":[0,0],"20":[0,0],"21":[0,0],"22":[0,0],"23":[0,0],"24":[0,0],"25":[0,0],"26":[0,0],"27":[0,0],"28":[0,0],"29":[1,0],"30":[1,1],"31":[0,0],"32":[0,0],"33":[0,0],"34":[1,0],"35":[0,1],"36":[0,0],"37":[0,0],"38":[0,0],"39":[0,3],"40":[3,3,3],"41":[0,3],"42":[0,3],"43":[3,0],"44":[0,1],"45":[1,1,1],"46":[0,1],"47":[0,1],"48":[1,0],"49":[0,0],"50":[0,0],"51":[0,0],"52":[0,1],"53":[1,0],"54":[1,0],"55":[6,1],"56":[7,7],"57":[6,0],"58":[2,2,2],"59":[2,2],"60":[2,2],"61":[2,2],"62":[0,2],"63":[0,2],"64":[0,2],"65":[0,2],"66":[1,0],"67":[1,0],"68":[1,0],"69":[1,0],"70":[1,1],"71":[1,0],"72":[0,0],"73":[0,1],"74":[0,1],"75":[1,1],"76":[0,1]},"_coverageSchema":"43e27e138ebf9cfc5966b082cf9a028302ed4184","hash":"c7ecf4df55f53f8f8e4e92fce59f6426fe1ec44b","contentHash":"0225f5a59c3acdbb253f57556b55c6d2b8cefc5592ccf29883b3eaba1727b490"}}