{"/Users/Ryan/Desktop/GiveAssist/Project/backend/util.js":{"path":"/Users/Ryan/Desktop/GiveAssist/Project/backend/util.js","statementMap":{"0":{"start":{"line":1,"column":13},"end":{"line":1,"column":30}},"1":{"start":{"line":2,"column":15},"end":{"line":2,"column":42}},"2":{"start":{"line":3,"column":14},"end":{"line":3,"column":35}},"3":{"start":{"line":4,"column":14},"end":{"line":4,"column":37}},"4":{"start":{"line":5,"column":14},"end":{"line":5,"column":37}},"5":{"start":{"line":6,"column":10},"end":{"line":6,"column":29}},"6":{"start":{"line":7,"column":14},"end":{"line":7,"column":37}},"7":{"start":{"line":9,"column":12},"end":{"line":9,"column":26}},"8":{"start":{"line":10,"column":11},"end":{"line":10,"column":24}},"9":{"start":{"line":11,"column":13},"end":{"line":11,"column":28}},"10":{"start":{"line":12,"column":21},"end":{"line":12,"column":44}},"11":{"start":{"line":14,"column":12},"end":{"line":14,"column":25}},"12":{"start":{"line":15,"column":9},"end":{"line":15,"column":19}},"13":{"start":{"line":16,"column":10},"end":{"line":16,"column":21}},"14":{"start":{"line":17,"column":14},"end":{"line":17,"column":29}},"15":{"start":{"line":18,"column":13},"end":{"line":18,"column":27}},"16":{"start":{"line":19,"column":16},"end":{"line":19,"column":33}},"17":{"start":{"line":20,"column":18},"end":{"line":20,"column":41}},"18":{"start":{"line":21,"column":16},"end":{"line":21,"column":37}},"19":{"start":{"line":22,"column":15},"end":{"line":22,"column":31}},"20":{"start":{"line":27,"column":34},"end":{"line":27,"column":195}},"21":{"start":{"line":27,"column":59},"end":{"line":27,"column":195}},"22":{"start":{"line":27,"column":103},"end":{"line":27,"column":192}},"23":{"start":{"line":28,"column":34},"end":{"line":28,"column":195}},"24":{"start":{"line":28,"column":59},"end":{"line":28,"column":195}},"25":{"start":{"line":28,"column":103},"end":{"line":28,"column":192}},"26":{"start":{"line":29,"column":34},"end":{"line":29,"column":109}},"27":{"start":{"line":29,"column":59},"end":{"line":29,"column":109}},"28":{"start":{"line":30,"column":34},"end":{"line":30,"column":101}},"29":{"start":{"line":30,"column":59},"end":{"line":30,"column":101}},"30":{"start":{"line":31,"column":34},"end":{"line":31,"column":90}},"31":{"start":{"line":31,"column":59},"end":{"line":31,"column":90}},"32":{"start":{"line":32,"column":34},"end":{"line":32,"column":98}},"33":{"start":{"line":32,"column":59},"end":{"line":32,"column":98}},"34":{"start":{"line":33,"column":34},"end":{"line":33,"column":96}},"35":{"start":{"line":33,"column":59},"end":{"line":33,"column":96}},"36":{"start":{"line":34,"column":34},"end":{"line":34,"column":98}},"37":{"start":{"line":34,"column":59},"end":{"line":34,"column":98}},"38":{"start":{"line":35,"column":34},"end":{"line":35,"column":102}},"39":{"start":{"line":35,"column":59},"end":{"line":35,"column":102}},"40":{"start":{"line":36,"column":34},"end":{"line":36,"column":90}},"41":{"start":{"line":36,"column":59},"end":{"line":36,"column":90}},"42":{"start":{"line":37,"column":34},"end":{"line":42,"column":1}},"43":{"start":{"line":38,"column":4},"end":{"line":41,"column":32}},"44":{"start":{"line":39,"column":16},"end":{"line":39,"column":47}},"45":{"start":{"line":40,"column":8},"end":{"line":40,"column":17}},"46":{"start":{"line":41,"column":18},"end":{"line":41,"column":30}},"47":{"start":{"line":43,"column":34},"end":{"line":43,"column":97}},"48":{"start":{"line":43,"column":59},"end":{"line":43,"column":97}},"49":{"start":{"line":44,"column":34},"end":{"line":44,"column":95}},"50":{"start":{"line":44,"column":59},"end":{"line":44,"column":95}},"51":{"start":{"line":45,"column":34},"end":{"line":45,"column":101}},"52":{"start":{"line":45,"column":59},"end":{"line":45,"column":101}},"53":{"start":{"line":46,"column":34},"end":{"line":46,"column":103}},"54":{"start":{"line":46,"column":59},"end":{"line":46,"column":103}},"55":{"start":{"line":47,"column":34},"end":{"line":47,"column":116}},"56":{"start":{"line":47,"column":59},"end":{"line":47,"column":116}},"57":{"start":{"line":48,"column":34},"end":{"line":48,"column":97}},"58":{"start":{"line":48,"column":59},"end":{"line":48,"column":97}},"59":{"start":{"line":49,"column":34},"end":{"line":49,"column":97}},"60":{"start":{"line":49,"column":59},"end":{"line":49,"column":97}},"61":{"start":{"line":50,"column":34},"end":{"line":50,"column":100}},"62":{"start":{"line":50,"column":59},"end":{"line":50,"column":100}},"63":{"start":{"line":53,"column":27},"end":{"line":61,"column":1}},"64":{"start":{"line":54,"column":14},"end":{"line":54,"column":36}},"65":{"start":{"line":55,"column":4},"end":{"line":59,"column":7}},"66":{"start":{"line":56,"column":8},"end":{"line":56,"column":25}},"67":{"start":{"line":57,"column":8},"end":{"line":58,"column":23}},"68":{"start":{"line":58,"column":12},"end":{"line":58,"column":23}},"69":{"start":{"line":60,"column":4},"end":{"line":60,"column":16}},"70":{"start":{"line":63,"column":31},"end":{"line":93,"column":1}},"71":{"start":{"line":64,"column":4},"end":{"line":92,"column":5}},"72":{"start":{"line":65,"column":22},"end":{"line":65,"column":58}},"73":{"start":{"line":66,"column":8},"end":{"line":66,"column":28}},"74":{"start":{"line":68,"column":21},"end":{"line":68,"column":46}},"75":{"start":{"line":70,"column":8},"end":{"line":84,"column":11}},"76":{"start":{"line":71,"column":12},"end":{"line":83,"column":13}},"77":{"start":{"line":72,"column":28},"end":{"line":72,"column":44}},"78":{"start":{"line":73,"column":16},"end":{"line":82,"column":17}},"79":{"start":{"line":74,"column":20},"end":{"line":74,"column":41}},"80":{"start":{"line":75,"column":20},"end":{"line":75,"column":36}},"81":{"start":{"line":76,"column":23},"end":{"line":82,"column":17}},"82":{"start":{"line":78,"column":20},"end":{"line":81,"column":21}},"83":{"start":{"line":79,"column":24},"end":{"line":79,"column":45}},"84":{"start":{"line":80,"column":24},"end":{"line":80,"column":40}},"85":{"start":{"line":86,"column":8},"end":{"line":86,"column":22}},"86":{"start":{"line":89,"column":8},"end":{"line":89,"column":47}},"87":{"start":{"line":90,"column":8},"end":{"line":90,"column":45}},"88":{"start":{"line":91,"column":8},"end":{"line":91,"column":20}},"89":{"start":{"line":95,"column":39},"end":{"line":106,"column":1}},"90":{"start":{"line":96,"column":20},"end":{"line":96,"column":72}},"91":{"start":{"line":97,"column":4},"end":{"line":105,"column":6}},"92":{"start":{"line":98,"column":8},"end":{"line":104,"column":11}},"93":{"start":{"line":99,"column":12},"end":{"line":103,"column":13}},"94":{"start":{"line":100,"column":16},"end":{"line":100,"column":30}},"95":{"start":{"line":102,"column":16},"end":{"line":102,"column":41}},"96":{"start":{"line":108,"column":36},"end":{"line":193,"column":1}},"97":{"start":{"line":109,"column":4},"end":{"line":192,"column":6}},"98":{"start":{"line":110,"column":8},"end":{"line":110,"column":48}},"99":{"start":{"line":117,"column":8},"end":{"line":117,"column":242}},"100":{"start":{"line":117,"column":16},"end":{"line":117,"column":67}},"101":{"start":{"line":117,"column":92},"end":{"line":117,"column":149}},"102":{"start":{"line":117,"column":150},"end":{"line":117,"column":214}},"103":{"start":{"line":117,"column":215},"end":{"line":117,"column":227}},"104":{"start":{"line":117,"column":228},"end":{"line":117,"column":240}},"105":{"start":{"line":119,"column":8},"end":{"line":119,"column":45}},"106":{"start":{"line":123,"column":8},"end":{"line":123,"column":132}},"107":{"start":{"line":123,"column":16},"end":{"line":123,"column":56}},"108":{"start":{"line":123,"column":81},"end":{"line":123,"column":92}},"109":{"start":{"line":123,"column":93},"end":{"line":123,"column":103}},"110":{"start":{"line":123,"column":105},"end":{"line":123,"column":117}},"111":{"start":{"line":123,"column":118},"end":{"line":123,"column":130}},"112":{"start":{"line":125,"column":8},"end":{"line":125,"column":63}},"113":{"start":{"line":129,"column":24},"end":{"line":129,"column":66}},"114":{"start":{"line":131,"column":8},"end":{"line":131,"column":182}},"115":{"start":{"line":131,"column":15},"end":{"line":131,"column":92}},"116":{"start":{"line":131,"column":120},"end":{"line":131,"column":143}},"117":{"start":{"line":131,"column":144},"end":{"line":131,"column":154}},"118":{"start":{"line":131,"column":155},"end":{"line":131,"column":167}},"119":{"start":{"line":131,"column":168},"end":{"line":131,"column":180}},"120":{"start":{"line":133,"column":8},"end":{"line":133,"column":79}},"121":{"start":{"line":137,"column":8},"end":{"line":137,"column":199}},"122":{"start":{"line":137,"column":16},"end":{"line":137,"column":78}},"123":{"start":{"line":137,"column":79},"end":{"line":137,"column":123}},"124":{"start":{"line":137,"column":149},"end":{"line":137,"column":160}},"125":{"start":{"line":137,"column":161},"end":{"line":137,"column":171}},"126":{"start":{"line":137,"column":173},"end":{"line":137,"column":185}},"127":{"start":{"line":137,"column":185},"end":{"line":137,"column":197}},"128":{"start":{"line":139,"column":8},"end":{"line":139,"column":62}},"129":{"start":{"line":141,"column":8},"end":{"line":141,"column":52}},"130":{"start":{"line":145,"column":8},"end":{"line":145,"column":179}},"131":{"start":{"line":145,"column":16},"end":{"line":145,"column":60}},"132":{"start":{"line":145,"column":61},"end":{"line":145,"column":101}},"133":{"start":{"line":145,"column":128},"end":{"line":145,"column":139}},"134":{"start":{"line":145,"column":140},"end":{"line":145,"column":150}},"135":{"start":{"line":145,"column":152},"end":{"line":145,"column":164}},"136":{"start":{"line":145,"column":165},"end":{"line":145,"column":177}},"137":{"start":{"line":147,"column":8},"end":{"line":147,"column":58}},"138":{"start":{"line":149,"column":8},"end":{"line":149,"column":124}},"139":{"start":{"line":153,"column":8},"end":{"line":153,"column":203}},"140":{"start":{"line":153,"column":15},"end":{"line":153,"column":77}},"141":{"start":{"line":153,"column":79},"end":{"line":153,"column":126}},"142":{"start":{"line":153,"column":152},"end":{"line":153,"column":163}},"143":{"start":{"line":153,"column":164},"end":{"line":153,"column":174}},"144":{"start":{"line":153,"column":176},"end":{"line":153,"column":188}},"145":{"start":{"line":153,"column":189},"end":{"line":153,"column":201}},"146":{"start":{"line":155,"column":8},"end":{"line":155,"column":46}},"147":{"start":{"line":157,"column":8},"end":{"line":157,"column":80}},"148":{"start":{"line":161,"column":8},"end":{"line":161,"column":220}},"149":{"start":{"line":161,"column":15},"end":{"line":161,"column":50}},"150":{"start":{"line":161,"column":51},"end":{"line":161,"column":74}},"151":{"start":{"line":161,"column":75},"end":{"line":161,"column":116}},"152":{"start":{"line":161,"column":169},"end":{"line":161,"column":180}},"153":{"start":{"line":161,"column":181},"end":{"line":161,"column":191}},"154":{"start":{"line":161,"column":193},"end":{"line":161,"column":205}},"155":{"start":{"line":161,"column":206},"end":{"line":161,"column":218}},"156":{"start":{"line":163,"column":8},"end":{"line":163,"column":55}},"157":{"start":{"line":167,"column":8},"end":{"line":167,"column":198}},"158":{"start":{"line":167,"column":15},"end":{"line":167,"column":76}},"159":{"start":{"line":167,"column":77},"end":{"line":167,"column":121}},"160":{"start":{"line":167,"column":147},"end":{"line":167,"column":158}},"161":{"start":{"line":167,"column":159},"end":{"line":167,"column":169}},"162":{"start":{"line":167,"column":171},"end":{"line":167,"column":183}},"163":{"start":{"line":167,"column":184},"end":{"line":167,"column":196}},"164":{"start":{"line":169,"column":8},"end":{"line":169,"column":46}},"165":{"start":{"line":171,"column":8},"end":{"line":171,"column":67}},"166":{"start":{"line":173,"column":8},"end":{"line":173,"column":40}},"167":{"start":{"line":175,"column":26},"end":{"line":189,"column":9}},"168":{"start":{"line":191,"column":8},"end":{"line":191,"column":31}},"169":{"start":{"line":195,"column":36},"end":{"line":228,"column":1}},"170":{"start":{"line":196,"column":4},"end":{"line":196,"column":49}},"171":{"start":{"line":197,"column":4},"end":{"line":227,"column":6}},"172":{"start":{"line":199,"column":8},"end":{"line":206,"column":9}},"173":{"start":{"line":200,"column":12},"end":{"line":200,"column":93}},"174":{"start":{"line":201,"column":12},"end":{"line":201,"column":54}},"175":{"start":{"line":203,"column":12},"end":{"line":203,"column":23}},"176":{"start":{"line":204,"column":12},"end":{"line":204,"column":64}},"177":{"start":{"line":205,"column":12},"end":{"line":205,"column":19}},"178":{"start":{"line":208,"column":8},"end":{"line":208,"column":100}},"179":{"start":{"line":208,"column":38},"end":{"line":208,"column":90}},"180":{"start":{"line":208,"column":91},"end":{"line":208,"column":98}},"181":{"start":{"line":210,"column":8},"end":{"line":210,"column":104}},"182":{"start":{"line":212,"column":8},"end":{"line":212,"column":82}},"183":{"start":{"line":214,"column":8},"end":{"line":214,"column":94}},"184":{"start":{"line":216,"column":8},"end":{"line":216,"column":93}},"185":{"start":{"line":218,"column":8},"end":{"line":218,"column":88}},"186":{"start":{"line":219,"column":8},"end":{"line":219,"column":88}},"187":{"start":{"line":220,"column":8},"end":{"line":220,"column":63}},"188":{"start":{"line":222,"column":8},"end":{"line":222,"column":46}},"189":{"start":{"line":223,"column":8},"end":{"line":223,"column":20}},"190":{"start":{"line":225,"column":8},"end":{"line":225,"column":32}},"191":{"start":{"line":226,"column":8},"end":{"line":226,"column":30}},"192":{"start":{"line":230,"column":29},"end":{"line":278,"column":1}},"193":{"start":{"line":231,"column":4},"end":{"line":277,"column":7}},"194":{"start":{"line":232,"column":8},"end":{"line":232,"column":40}},"195":{"start":{"line":233,"column":8},"end":{"line":275,"column":9}},"196":{"start":{"line":235,"column":12},"end":{"line":235,"column":34}},"197":{"start":{"line":236,"column":31},"end":{"line":236,"column":55}},"198":{"start":{"line":237,"column":32},"end":{"line":237,"column":76}},"199":{"start":{"line":239,"column":29},"end":{"line":239,"column":64}},"200":{"start":{"line":241,"column":12},"end":{"line":241,"column":68}},"201":{"start":{"line":242,"column":12},"end":{"line":242,"column":54}},"202":{"start":{"line":244,"column":28},"end":{"line":244,"column":54}},"203":{"start":{"line":246,"column":12},"end":{"line":246,"column":70}},"204":{"start":{"line":250,"column":12},"end":{"line":250,"column":85}},"205":{"start":{"line":252,"column":12},"end":{"line":258,"column":13}},"206":{"start":{"line":254,"column":16},"end":{"line":254,"column":162}},"207":{"start":{"line":255,"column":16},"end":{"line":255,"column":64}},"208":{"start":{"line":256,"column":16},"end":{"line":256,"column":32}},"209":{"start":{"line":257,"column":16},"end":{"line":257,"column":23}},"210":{"start":{"line":260,"column":12},"end":{"line":260,"column":35}},"211":{"start":{"line":262,"column":12},"end":{"line":262,"column":52}},"212":{"start":{"line":266,"column":12},"end":{"line":266,"column":60}},"213":{"start":{"line":268,"column":12},"end":{"line":268,"column":31}},"214":{"start":{"line":270,"column":12},"end":{"line":270,"column":29}},"215":{"start":{"line":273,"column":12},"end":{"line":273,"column":23}},"216":{"start":{"line":274,"column":12},"end":{"line":274,"column":22}},"217":{"start":{"line":276,"column":8},"end":{"line":276,"column":20}},"218":{"start":{"line":280,"column":26},"end":{"line":284,"column":1}},"219":{"start":{"line":281,"column":21},"end":{"line":281,"column":55}},"220":{"start":{"line":282,"column":4},"end":{"line":282,"column":54}},"221":{"start":{"line":283,"column":4},"end":{"line":283,"column":50}},"222":{"start":{"line":286,"column":28},"end":{"line":297,"column":1}},"223":{"start":{"line":287,"column":16},"end":{"line":287,"column":47}},"224":{"start":{"line":288,"column":21},"end":{"line":288,"column":29}},"225":{"start":{"line":289,"column":28},"end":{"line":289,"column":48}},"226":{"start":{"line":290,"column":4},"end":{"line":290,"column":89}},"227":{"start":{"line":290,"column":48},"end":{"line":290,"column":89}},"228":{"start":{"line":291,"column":16},"end":{"line":291,"column":64}},"229":{"start":{"line":292,"column":4},"end":{"line":295,"column":5}},"230":{"start":{"line":293,"column":8},"end":{"line":293,"column":86}},"231":{"start":{"line":293,"column":41},"end":{"line":293,"column":86}},"232":{"start":{"line":294,"column":8},"end":{"line":294,"column":115}},"233":{"start":{"line":294,"column":58},"end":{"line":294,"column":115}},"234":{"start":{"line":296,"column":4},"end":{"line":296,"column":49}},"235":{"start":{"line":299,"column":36},"end":{"line":303,"column":1}},"236":{"start":{"line":300,"column":14},"end":{"line":300,"column":61}},"237":{"start":{"line":301,"column":4},"end":{"line":301,"column":41}},"238":{"start":{"line":301,"column":14},"end":{"line":301,"column":41}},"239":{"start":{"line":302,"column":4},"end":{"line":302,"column":15}},"240":{"start":{"line":305,"column":21},"end":{"line":309,"column":1}},"241":{"start":{"line":306,"column":18},"end":{"line":306,"column":47}},"242":{"start":{"line":307,"column":18},"end":{"line":307,"column":47}},"243":{"start":{"line":308,"column":4},"end":{"line":308,"column":49}},"244":{"start":{"line":311,"column":25},"end":{"line":330,"column":1}},"245":{"start":{"line":313,"column":23},"end":{"line":313,"column":114}},"246":{"start":{"line":313,"column":46},"end":{"line":313,"column":114}},"247":{"start":{"line":316,"column":19},"end":{"line":316,"column":50}},"248":{"start":{"line":317,"column":20},"end":{"line":317,"column":88}},"249":{"start":{"line":318,"column":19},"end":{"line":318,"column":80}},"250":{"start":{"line":319,"column":20},"end":{"line":319,"column":75}},"251":{"start":{"line":320,"column":4},"end":{"line":328,"column":5}},"252":{"start":{"line":321,"column":8},"end":{"line":321,"column":76}},"253":{"start":{"line":322,"column":12},"end":{"line":328,"column":5}},"254":{"start":{"line":323,"column":8},"end":{"line":323,"column":78}},"255":{"start":{"line":323,"column":78},"end":{"line":323,"column":79}},"256":{"start":{"line":324,"column":11},"end":{"line":328,"column":5}},"257":{"start":{"line":325,"column":8},"end":{"line":325,"column":103}},"258":{"start":{"line":326,"column":11},"end":{"line":328,"column":5}},"259":{"start":{"line":327,"column":8},"end":{"line":327,"column":79}},"260":{"start":{"line":329,"column":4},"end":{"line":329,"column":16}},"261":{"start":{"line":334,"column":19},"end":{"line":341,"column":5}},"262":{"start":{"line":343,"column":19},"end":{"line":343,"column":47}},"263":{"start":{"line":345,"column":4},"end":{"line":353,"column":5}},"264":{"start":{"line":347,"column":8},"end":{"line":347,"column":40}},"265":{"start":{"line":349,"column":8},"end":{"line":349,"column":41}},"266":{"start":{"line":350,"column":8},"end":{"line":350,"column":20}},"267":{"start":{"line":352,"column":8},"end":{"line":352,"column":21}},"268":{"start":{"line":357,"column":4},"end":{"line":387,"column":7}},"269":{"start":{"line":359,"column":8},"end":{"line":386,"column":9}},"270":{"start":{"line":361,"column":30},"end":{"line":361,"column":60}},"271":{"start":{"line":362,"column":23},"end":{"line":362,"column":61}},"272":{"start":{"line":363,"column":22},"end":{"line":363,"column":62}},"273":{"start":{"line":365,"column":12},"end":{"line":365,"column":51}},"274":{"start":{"line":367,"column":38},"end":{"line":367,"column":104}},"275":{"start":{"line":368,"column":36},"end":{"line":368,"column":70}},"276":{"start":{"line":370,"column":27},"end":{"line":380,"column":13}},"277":{"start":{"line":371,"column":16},"end":{"line":379,"column":17}},"278":{"start":{"line":372,"column":20},"end":{"line":372,"column":66}},"279":{"start":{"line":373,"column":20},"end":{"line":373,"column":76}},"280":{"start":{"line":374,"column":20},"end":{"line":374,"column":51}},"281":{"start":{"line":375,"column":20},"end":{"line":375,"column":45}},"282":{"start":{"line":377,"column":20},"end":{"line":377,"column":70}},"283":{"start":{"line":378,"column":20},"end":{"line":378,"column":67}},"284":{"start":{"line":382,"column":12},"end":{"line":382,"column":90}},"285":{"start":{"line":384,"column":12},"end":{"line":384,"column":76}},"286":{"start":{"line":385,"column":12},"end":{"line":385,"column":75}},"287":{"start":{"line":391,"column":4},"end":{"line":391,"column":89}},"288":{"start":{"line":391,"column":41},"end":{"line":391,"column":89}},"289":{"start":{"line":392,"column":4},"end":{"line":408,"column":5}},"290":{"start":{"line":394,"column":25},"end":{"line":397,"column":10}},"291":{"start":{"line":399,"column":26},"end":{"line":399,"column":37}},"292":{"start":{"line":400,"column":8},"end":{"line":400,"column":51}},"293":{"start":{"line":401,"column":8},"end":{"line":401,"column":55}},"294":{"start":{"line":403,"column":8},"end":{"line":403,"column":27}},"295":{"start":{"line":406,"column":8},"end":{"line":406,"column":54}},"296":{"start":{"line":407,"column":8},"end":{"line":407,"column":20}},"297":{"start":{"line":412,"column":4},"end":{"line":434,"column":6}},"298":{"start":{"line":414,"column":22},"end":{"line":414,"column":52}},"299":{"start":{"line":416,"column":23},"end":{"line":430,"column":9}},"300":{"start":{"line":417,"column":12},"end":{"line":429,"column":13}},"301":{"start":{"line":420,"column":16},"end":{"line":420,"column":58}},"302":{"start":{"line":421,"column":16},"end":{"line":421,"column":62}},"303":{"start":{"line":422,"column":16},"end":{"line":422,"column":67}},"304":{"start":{"line":424,"column":26},"end":{"line":424,"column":60}},"305":{"start":{"line":425,"column":16},"end":{"line":425,"column":53}},"306":{"start":{"line":428,"column":16},"end":{"line":428,"column":60}},"307":{"start":{"line":432,"column":8},"end":{"line":432,"column":48}},"308":{"start":{"line":438,"column":4},"end":{"line":491,"column":7}},"309":{"start":{"line":440,"column":32},"end":{"line":440,"column":55}},"310":{"start":{"line":441,"column":8},"end":{"line":441,"column":69}},"311":{"start":{"line":441,"column":33},"end":{"line":441,"column":59}},"312":{"start":{"line":441,"column":60},"end":{"line":441,"column":67}},"313":{"start":{"line":443,"column":23},"end":{"line":443,"column":91}},"314":{"start":{"line":445,"column":8},"end":{"line":446,"column":59}},"315":{"start":{"line":446,"column":8},"end":{"line":446,"column":59}},"316":{"start":{"line":448,"column":8},"end":{"line":448,"column":30}},"317":{"start":{"line":450,"column":8},"end":{"line":462,"column":9}},"318":{"start":{"line":452,"column":12},"end":{"line":458,"column":15}},"319":{"start":{"line":460,"column":12},"end":{"line":460,"column":34}},"320":{"start":{"line":461,"column":12},"end":{"line":461,"column":19}},"321":{"start":{"line":464,"column":8},"end":{"line":464,"column":31}},"322":{"start":{"line":466,"column":18},"end":{"line":466,"column":33}},"323":{"start":{"line":469,"column":8},"end":{"line":469,"column":225}},"324":{"start":{"line":469,"column":124},"end":{"line":469,"column":140}},"325":{"start":{"line":469,"column":140},"end":{"line":469,"column":192}},"326":{"start":{"line":469,"column":192},"end":{"line":469,"column":215}},"327":{"start":{"line":469,"column":216},"end":{"line":469,"column":223}},"328":{"start":{"line":471,"column":8},"end":{"line":471,"column":34}},"329":{"start":{"line":474,"column":8},"end":{"line":474,"column":204}},"330":{"start":{"line":474,"column":14},"end":{"line":474,"column":77}},"331":{"start":{"line":474,"column":92},"end":{"line":474,"column":108}},"332":{"start":{"line":474,"column":108},"end":{"line":474,"column":154}},"333":{"start":{"line":474,"column":155},"end":{"line":474,"column":194}},"334":{"start":{"line":474,"column":195},"end":{"line":474,"column":202}},"335":{"start":{"line":476,"column":8},"end":{"line":476,"column":39}},"336":{"start":{"line":479,"column":8},"end":{"line":479,"column":241}},"337":{"start":{"line":479,"column":14},"end":{"line":479,"column":81}},"338":{"start":{"line":479,"column":96},"end":{"line":479,"column":112}},"339":{"start":{"line":479,"column":112},"end":{"line":479,"column":183}},"340":{"start":{"line":479,"column":184},"end":{"line":479,"column":231}},"341":{"start":{"line":479,"column":232},"end":{"line":479,"column":239}},"342":{"start":{"line":481,"column":8},"end":{"line":481,"column":32}},"343":{"start":{"line":483,"column":8},"end":{"line":483,"column":41}},"344":{"start":{"line":485,"column":8},"end":{"line":485,"column":56}},"345":{"start":{"line":487,"column":8},"end":{"line":487,"column":48}},"346":{"start":{"line":489,"column":8},"end":{"line":489,"column":21}},"347":{"start":{"line":494,"column":15},"end":{"line":548,"column":1}},"348":{"start":{"line":495,"column":4},"end":{"line":547,"column":6}},"349":{"start":{"line":497,"column":8},"end":{"line":545,"column":9}},"350":{"start":{"line":499,"column":21},"end":{"line":499,"column":57}},"351":{"start":{"line":500,"column":25},"end":{"line":500,"column":55}},"352":{"start":{"line":502,"column":12},"end":{"line":502,"column":60}},"353":{"start":{"line":504,"column":27},"end":{"line":504,"column":69}},"354":{"start":{"line":505,"column":12},"end":{"line":505,"column":125}},"355":{"start":{"line":505,"column":36},"end":{"line":505,"column":71}},"356":{"start":{"line":505,"column":72},"end":{"line":505,"column":115}},"357":{"start":{"line":505,"column":116},"end":{"line":505,"column":123}},"358":{"start":{"line":506,"column":12},"end":{"line":506,"column":44}},"359":{"start":{"line":507,"column":41},"end":{"line":507,"column":74}},"360":{"start":{"line":508,"column":12},"end":{"line":508,"column":40}},"361":{"start":{"line":510,"column":12},"end":{"line":510,"column":66}},"362":{"start":{"line":511,"column":12},"end":{"line":511,"column":64}},"363":{"start":{"line":513,"column":12},"end":{"line":513,"column":40}},"364":{"start":{"line":517,"column":37},"end":{"line":517,"column":93}},"365":{"start":{"line":519,"column":12},"end":{"line":519,"column":69}},"366":{"start":{"line":521,"column":12},"end":{"line":521,"column":64}},"367":{"start":{"line":522,"column":12},"end":{"line":522,"column":79}},"368":{"start":{"line":524,"column":12},"end":{"line":524,"column":73}},"369":{"start":{"line":528,"column":36},"end":{"line":528,"column":85}},"370":{"start":{"line":530,"column":12},"end":{"line":530,"column":43}},"371":{"start":{"line":532,"column":12},"end":{"line":532,"column":58}},"372":{"start":{"line":533,"column":12},"end":{"line":533,"column":32}},"373":{"start":{"line":534,"column":12},"end":{"line":534,"column":71}},"374":{"start":{"line":536,"column":12},"end":{"line":536,"column":47}},"375":{"start":{"line":538,"column":12},"end":{"line":538,"column":56}},"376":{"start":{"line":540,"column":12},"end":{"line":540,"column":26}},"377":{"start":{"line":543,"column":12},"end":{"line":543,"column":23}},"378":{"start":{"line":544,"column":12},"end":{"line":544,"column":22}},"379":{"start":{"line":550,"column":18},"end":{"line":594,"column":1}},"380":{"start":{"line":551,"column":4},"end":{"line":593,"column":6}},"381":{"start":{"line":552,"column":8},"end":{"line":592,"column":81}},"382":{"start":{"line":554,"column":25},"end":{"line":554,"column":60}},"383":{"start":{"line":555,"column":12},"end":{"line":555,"column":65}},"384":{"start":{"line":555,"column":25},"end":{"line":555,"column":65}},"385":{"start":{"line":558,"column":22},"end":{"line":558,"column":77}},"386":{"start":{"line":559,"column":12},"end":{"line":559,"column":57}},"387":{"start":{"line":559,"column":22},"end":{"line":559,"column":57}},"388":{"start":{"line":560,"column":22},"end":{"line":560,"column":29}},"389":{"start":{"line":562,"column":12},"end":{"line":562,"column":60}},"390":{"start":{"line":564,"column":25},"end":{"line":564,"column":57}},"391":{"start":{"line":566,"column":33},"end":{"line":566,"column":76}},"392":{"start":{"line":568,"column":12},"end":{"line":568,"column":72}},"393":{"start":{"line":571,"column":22},"end":{"line":571,"column":59}},"394":{"start":{"line":573,"column":12},"end":{"line":573,"column":76}},"395":{"start":{"line":575,"column":25},"end":{"line":575,"column":133}},"396":{"start":{"line":577,"column":27},"end":{"line":588,"column":13}},"397":{"start":{"line":578,"column":16},"end":{"line":587,"column":117}},"398":{"start":{"line":579,"column":20},"end":{"line":579,"column":47}},"399":{"start":{"line":580,"column":20},"end":{"line":580,"column":76}},"400":{"start":{"line":581,"column":20},"end":{"line":581,"column":76}},"401":{"start":{"line":582,"column":20},"end":{"line":582,"column":77}},"402":{"start":{"line":584,"column":20},"end":{"line":584,"column":51}},"403":{"start":{"line":585,"column":20},"end":{"line":585,"column":42}},"404":{"start":{"line":586,"column":20},"end":{"line":586,"column":32}},"405":{"start":{"line":587,"column":25},"end":{"line":587,"column":55}},"406":{"start":{"line":587,"column":56},"end":{"line":587,"column":68}},"407":{"start":{"line":587,"column":69},"end":{"line":587,"column":88}},"408":{"start":{"line":587,"column":89},"end":{"line":587,"column":115}},"409":{"start":{"line":590,"column":12},"end":{"line":590,"column":66}},"410":{"start":{"line":592,"column":22},"end":{"line":592,"column":55}},"411":{"start":{"line":592,"column":56},"end":{"line":592,"column":66}},"412":{"start":{"line":592,"column":67},"end":{"line":592,"column":79}},"413":{"start":{"line":598,"column":4},"end":{"line":632,"column":6}},"414":{"start":{"line":599,"column":8},"end":{"line":599,"column":40}},"415":{"start":{"line":601,"column":22},"end":{"line":601,"column":54}},"416":{"start":{"line":602,"column":8},"end":{"line":602,"column":38}},"417":{"start":{"line":603,"column":8},"end":{"line":631,"column":9}},"418":{"start":{"line":604,"column":31},"end":{"line":604,"column":55}},"419":{"start":{"line":605,"column":33},"end":{"line":605,"column":65}},"420":{"start":{"line":606,"column":12},"end":{"line":606,"column":55}},"421":{"start":{"line":609,"column":12},"end":{"line":628,"column":13}},"422":{"start":{"line":611,"column":16},"end":{"line":611,"column":53}},"423":{"start":{"line":613,"column":16},"end":{"line":613,"column":102}},"424":{"start":{"line":615,"column":16},"end":{"line":627,"column":17}},"425":{"start":{"line":618,"column":33},"end":{"line":618,"column":44}},"426":{"start":{"line":619,"column":20},"end":{"line":619,"column":133}},"427":{"start":{"line":620,"column":38},"end":{"line":620,"column":82}},"428":{"start":{"line":621,"column":20},"end":{"line":621,"column":42}},"429":{"start":{"line":622,"column":20},"end":{"line":622,"column":41}},"430":{"start":{"line":626,"column":20},"end":{"line":626,"column":67}},"431":{"start":{"line":630,"column":12},"end":{"line":630,"column":47}},"432":{"start":{"line":639,"column":0},"end":{"line":666,"column":2}}},"fnMap":{"0":{"name":"(anonymous_0)","decl":{"start":{"line":27,"column":34},"end":{"line":27,"column":35}},"loc":{"start":{"line":27,"column":59},"end":{"line":27,"column":195}},"line":27},"1":{"name":"(anonymous_1)","decl":{"start":{"line":27,"column":87},"end":{"line":27,"column":88}},"loc":{"start":{"line":27,"column":103},"end":{"line":27,"column":192}},"line":27},"2":{"name":"(anonymous_2)","decl":{"start":{"line":28,"column":34},"end":{"line":28,"column":35}},"loc":{"start":{"line":28,"column":59},"end":{"line":28,"column":195}},"line":28},"3":{"name":"(anonymous_3)","decl":{"start":{"line":28,"column":87},"end":{"line":28,"column":88}},"loc":{"start":{"line":28,"column":103},"end":{"line":28,"column":192}},"line":28},"4":{"name":"(anonymous_4)","decl":{"start":{"line":29,"column":34},"end":{"line":29,"column":35}},"loc":{"start":{"line":29,"column":59},"end":{"line":29,"column":109}},"line":29},"5":{"name":"(anonymous_5)","decl":{"start":{"line":30,"column":34},"end":{"line":30,"column":35}},"loc":{"start":{"line":30,"column":59},"end":{"line":30,"column":101}},"line":30},"6":{"name":"(anonymous_6)","decl":{"start":{"line":31,"column":34},"end":{"line":31,"column":35}},"loc":{"start":{"line":31,"column":59},"end":{"line":31,"column":90}},"line":31},"7":{"name":"(anonymous_7)","decl":{"start":{"line":32,"column":34},"end":{"line":32,"column":35}},"loc":{"start":{"line":32,"column":59},"end":{"line":32,"column":98}},"line":32},"8":{"name":"(anonymous_8)","decl":{"start":{"line":33,"column":34},"end":{"line":33,"column":35}},"loc":{"start":{"line":33,"column":59},"end":{"line":33,"column":96}},"line":33},"9":{"name":"(anonymous_9)","decl":{"start":{"line":34,"column":34},"end":{"line":34,"column":35}},"loc":{"start":{"line":34,"column":59},"end":{"line":34,"column":98}},"line":34},"10":{"name":"(anonymous_10)","decl":{"start":{"line":35,"column":34},"end":{"line":35,"column":35}},"loc":{"start":{"line":35,"column":59},"end":{"line":35,"column":102}},"line":35},"11":{"name":"(anonymous_11)","decl":{"start":{"line":36,"column":34},"end":{"line":36,"column":35}},"loc":{"start":{"line":36,"column":59},"end":{"line":36,"column":90}},"line":36},"12":{"name":"(anonymous_12)","decl":{"start":{"line":37,"column":34},"end":{"line":37,"column":35}},"loc":{"start":{"line":37,"column":59},"end":{"line":42,"column":1}},"line":37},"13":{"name":"(anonymous_13)","decl":{"start":{"line":43,"column":34},"end":{"line":43,"column":35}},"loc":{"start":{"line":43,"column":59},"end":{"line":43,"column":97}},"line":43},"14":{"name":"(anonymous_14)","decl":{"start":{"line":44,"column":34},"end":{"line":44,"column":35}},"loc":{"start":{"line":44,"column":59},"end":{"line":44,"column":95}},"line":44},"15":{"name":"(anonymous_15)","decl":{"start":{"line":45,"column":34},"end":{"line":45,"column":35}},"loc":{"start":{"line":45,"column":59},"end":{"line":45,"column":101}},"line":45},"16":{"name":"(anonymous_16)","decl":{"start":{"line":46,"column":34},"end":{"line":46,"column":35}},"loc":{"start":{"line":46,"column":59},"end":{"line":46,"column":103}},"line":46},"17":{"name":"(anonymous_17)","decl":{"start":{"line":47,"column":34},"end":{"line":47,"column":35}},"loc":{"start":{"line":47,"column":59},"end":{"line":47,"column":116}},"line":47},"18":{"name":"(anonymous_18)","decl":{"start":{"line":48,"column":34},"end":{"line":48,"column":35}},"loc":{"start":{"line":48,"column":59},"end":{"line":48,"column":97}},"line":48},"19":{"name":"(anonymous_19)","decl":{"start":{"line":49,"column":34},"end":{"line":49,"column":35}},"loc":{"start":{"line":49,"column":59},"end":{"line":49,"column":97}},"line":49},"20":{"name":"(anonymous_20)","decl":{"start":{"line":50,"column":34},"end":{"line":50,"column":35}},"loc":{"start":{"line":50,"column":59},"end":{"line":50,"column":100}},"line":50},"21":{"name":"(anonymous_21)","decl":{"start":{"line":53,"column":27},"end":{"line":53,"column":28}},"loc":{"start":{"line":53,"column":39},"end":{"line":61,"column":1}},"line":53},"22":{"name":"(anonymous_22)","decl":{"start":{"line":55,"column":16},"end":{"line":55,"column":17}},"loc":{"start":{"line":55,"column":29},"end":{"line":59,"column":5}},"line":55},"23":{"name":"(anonymous_23)","decl":{"start":{"line":63,"column":31},"end":{"line":63,"column":32}},"loc":{"start":{"line":63,"column":58},"end":{"line":93,"column":1}},"line":63},"24":{"name":"(anonymous_24)","decl":{"start":{"line":70,"column":37},"end":{"line":70,"column":38}},"loc":{"start":{"line":70,"column":46},"end":{"line":84,"column":9}},"line":70},"25":{"name":"(anonymous_25)","decl":{"start":{"line":95,"column":39},"end":{"line":95,"column":40}},"loc":{"start":{"line":95,"column":63},"end":{"line":106,"column":1}},"line":95},"26":{"name":"(anonymous_26)","decl":{"start":{"line":97,"column":24},"end":{"line":97,"column":25}},"loc":{"start":{"line":97,"column":57},"end":{"line":105,"column":5}},"line":97},"27":{"name":"(anonymous_27)","decl":{"start":{"line":98,"column":37},"end":{"line":98,"column":38}},"loc":{"start":{"line":98,"column":67},"end":{"line":104,"column":9}},"line":98},"28":{"name":"(anonymous_28)","decl":{"start":{"line":108,"column":36},"end":{"line":108,"column":37}},"loc":{"start":{"line":108,"column":74},"end":{"line":193,"column":1}},"line":108},"29":{"name":"(anonymous_29)","decl":{"start":{"line":109,"column":23},"end":{"line":109,"column":24}},"loc":{"start":{"line":109,"column":55},"end":{"line":192,"column":5}},"line":109},"30":{"name":"(anonymous_30)","decl":{"start":{"line":195,"column":36},"end":{"line":195,"column":37}},"loc":{"start":{"line":195,"column":74},"end":{"line":228,"column":1}},"line":195},"31":{"name":"(anonymous_31)","decl":{"start":{"line":197,"column":23},"end":{"line":197,"column":24}},"loc":{"start":{"line":197,"column":55},"end":{"line":227,"column":5}},"line":197},"32":{"name":"(anonymous_32)","decl":{"start":{"line":230,"column":29},"end":{"line":230,"column":30}},"loc":{"start":{"line":230,"column":35},"end":{"line":278,"column":1}},"line":230},"33":{"name":"(anonymous_33)","decl":{"start":{"line":231,"column":25},"end":{"line":231,"column":26}},"loc":{"start":{"line":231,"column":58},"end":{"line":277,"column":5}},"line":231},"34":{"name":"(anonymous_34)","decl":{"start":{"line":280,"column":26},"end":{"line":280,"column":27}},"loc":{"start":{"line":280,"column":52},"end":{"line":284,"column":1}},"line":280},"35":{"name":"(anonymous_35)","decl":{"start":{"line":286,"column":28},"end":{"line":286,"column":29}},"loc":{"start":{"line":286,"column":54},"end":{"line":297,"column":1}},"line":286},"36":{"name":"(anonymous_36)","decl":{"start":{"line":299,"column":36},"end":{"line":299,"column":37}},"loc":{"start":{"line":299,"column":55},"end":{"line":303,"column":1}},"line":299},"37":{"name":"(anonymous_37)","decl":{"start":{"line":305,"column":21},"end":{"line":305,"column":22}},"loc":{"start":{"line":305,"column":33},"end":{"line":309,"column":1}},"line":305},"38":{"name":"(anonymous_38)","decl":{"start":{"line":311,"column":25},"end":{"line":311,"column":26}},"loc":{"start":{"line":311,"column":39},"end":{"line":330,"column":1}},"line":311},"39":{"name":"(anonymous_39)","decl":{"start":{"line":313,"column":23},"end":{"line":313,"column":24}},"loc":{"start":{"line":313,"column":46},"end":{"line":313,"column":114}},"line":313},"40":{"name":"postUserInfo","decl":{"start":{"line":332,"column":9},"end":{"line":332,"column":21}},"loc":{"start":{"line":332,"column":40},"end":{"line":354,"column":1}},"line":332},"41":{"name":"executeCreateSubscription","decl":{"start":{"line":356,"column":15},"end":{"line":356,"column":40}},"loc":{"start":{"line":356,"column":66},"end":{"line":388,"column":1}},"line":356},"42":{"name":"(anonymous_42)","decl":{"start":{"line":357,"column":23},"end":{"line":357,"column":24}},"loc":{"start":{"line":357,"column":50},"end":{"line":387,"column":5}},"line":357},"43":{"name":"(anonymous_43)","decl":{"start":{"line":370,"column":27},"end":{"line":370,"column":28}},"loc":{"start":{"line":370,"column":56},"end":{"line":380,"column":13}},"line":370},"44":{"name":"createStripeUser","decl":{"start":{"line":390,"column":15},"end":{"line":390,"column":31}},"loc":{"start":{"line":390,"column":59},"end":{"line":409,"column":1}},"line":390},"45":{"name":"deleteUser","decl":{"start":{"line":411,"column":15},"end":{"line":411,"column":25}},"loc":{"start":{"line":411,"column":31},"end":{"line":435,"column":1}},"line":411},"46":{"name":"(anonymous_46)","decl":{"start":{"line":412,"column":23},"end":{"line":412,"column":24}},"loc":{"start":{"line":412,"column":50},"end":{"line":434,"column":5}},"line":412},"47":{"name":"(anonymous_47)","decl":{"start":{"line":416,"column":23},"end":{"line":416,"column":24}},"loc":{"start":{"line":416,"column":52},"end":{"line":430,"column":9}},"line":416},"48":{"name":"initiate_new_user","decl":{"start":{"line":437,"column":15},"end":{"line":437,"column":32}},"loc":{"start":{"line":437,"column":70},"end":{"line":492,"column":1}},"line":437},"49":{"name":"(anonymous_49)","decl":{"start":{"line":438,"column":23},"end":{"line":438,"column":24}},"loc":{"start":{"line":438,"column":57},"end":{"line":491,"column":5}},"line":438},"50":{"name":"(anonymous_50)","decl":{"start":{"line":494,"column":15},"end":{"line":494,"column":16}},"loc":{"start":{"line":494,"column":55},"end":{"line":548,"column":1}},"line":494},"51":{"name":"(anonymous_51)","decl":{"start":{"line":495,"column":24},"end":{"line":495,"column":25}},"loc":{"start":{"line":495,"column":56},"end":{"line":547,"column":5}},"line":495},"52":{"name":"(anonymous_52)","decl":{"start":{"line":550,"column":18},"end":{"line":550,"column":19}},"loc":{"start":{"line":550,"column":68},"end":{"line":594,"column":1}},"line":550},"53":{"name":"(anonymous_53)","decl":{"start":{"line":551,"column":23},"end":{"line":551,"column":24}},"loc":{"start":{"line":551,"column":50},"end":{"line":593,"column":5}},"line":551},"54":{"name":"(anonymous_54)","decl":{"start":{"line":577,"column":27},"end":{"line":577,"column":28}},"loc":{"start":{"line":577,"column":50},"end":{"line":588,"column":13}},"line":577},"55":{"name":"cast_texted_vote","decl":{"start":{"line":597,"column":15},"end":{"line":597,"column":31}},"loc":{"start":{"line":597,"column":53},"end":{"line":633,"column":1}},"line":597},"56":{"name":"(anonymous_56)","decl":{"start":{"line":598,"column":23},"end":{"line":598,"column":24}},"loc":{"start":{"line":598,"column":50},"end":{"line":632,"column":5}},"line":598}},"branchMap":{"0":{"loc":{"start":{"line":57,"column":8},"end":{"line":58,"column":23}},"type":"if","locations":[{"start":{"line":57,"column":8},"end":{"line":58,"column":23}},{"start":{"line":57,"column":8},"end":{"line":58,"column":23}}],"line":57},"1":{"loc":{"start":{"line":71,"column":12},"end":{"line":83,"column":13}},"type":"if","locations":[{"start":{"line":71,"column":12},"end":{"line":83,"column":13}},{"start":{"line":71,"column":12},"end":{"line":83,"column":13}}],"line":71},"2":{"loc":{"start":{"line":73,"column":16},"end":{"line":82,"column":17}},"type":"if","locations":[{"start":{"line":73,"column":16},"end":{"line":82,"column":17}},{"start":{"line":73,"column":16},"end":{"line":82,"column":17}}],"line":73},"3":{"loc":{"start":{"line":76,"column":23},"end":{"line":82,"column":17}},"type":"if","locations":[{"start":{"line":76,"column":23},"end":{"line":82,"column":17}},{"start":{"line":76,"column":23},"end":{"line":82,"column":17}}],"line":76},"4":{"loc":{"start":{"line":78,"column":20},"end":{"line":81,"column":21}},"type":"if","locations":[{"start":{"line":78,"column":20},"end":{"line":81,"column":21}},{"start":{"line":78,"column":20},"end":{"line":81,"column":21}}],"line":78},"5":{"loc":{"start":{"line":99,"column":12},"end":{"line":103,"column":13}},"type":"if","locations":[{"start":{"line":99,"column":12},"end":{"line":103,"column":13}},{"start":{"line":99,"column":12},"end":{"line":103,"column":13}}],"line":99},"6":{"loc":{"start":{"line":99,"column":16},"end":{"line":99,"column":38}},"type":"binary-expr","locations":[{"start":{"line":99,"column":16},"end":{"line":99,"column":19}},{"start":{"line":99,"column":23},"end":{"line":99,"column":38}}],"line":99},"7":{"loc":{"start":{"line":208,"column":8},"end":{"line":208,"column":100}},"type":"if","locations":[{"start":{"line":208,"column":8},"end":{"line":208,"column":100}},{"start":{"line":208,"column":8},"end":{"line":208,"column":100}}],"line":208},"8":{"loc":{"start":{"line":252,"column":12},"end":{"line":258,"column":13}},"type":"if","locations":[{"start":{"line":252,"column":12},"end":{"line":258,"column":13}},{"start":{"line":252,"column":12},"end":{"line":258,"column":13}}],"line":252},"9":{"loc":{"start":{"line":290,"column":4},"end":{"line":290,"column":89}},"type":"if","locations":[{"start":{"line":290,"column":4},"end":{"line":290,"column":89}},{"start":{"line":290,"column":4},"end":{"line":290,"column":89}}],"line":290},"10":{"loc":{"start":{"line":291,"column":16},"end":{"line":291,"column":64}},"type":"binary-expr","locations":[{"start":{"line":291,"column":16},"end":{"line":291,"column":57}},{"start":{"line":291,"column":61},"end":{"line":291,"column":64}}],"line":291},"11":{"loc":{"start":{"line":292,"column":4},"end":{"line":295,"column":5}},"type":"if","locations":[{"start":{"line":292,"column":4},"end":{"line":295,"column":5}},{"start":{"line":292,"column":4},"end":{"line":295,"column":5}}],"line":292},"12":{"loc":{"start":{"line":293,"column":8},"end":{"line":293,"column":86}},"type":"if","locations":[{"start":{"line":293,"column":8},"end":{"line":293,"column":86}},{"start":{"line":293,"column":8},"end":{"line":293,"column":86}}],"line":293},"13":{"loc":{"start":{"line":294,"column":8},"end":{"line":294,"column":115}},"type":"if","locations":[{"start":{"line":294,"column":8},"end":{"line":294,"column":115}},{"start":{"line":294,"column":8},"end":{"line":294,"column":115}}],"line":294},"14":{"loc":{"start":{"line":296,"column":11},"end":{"line":296,"column":48}},"type":"cond-expr","locations":[{"start":{"line":296,"column":27},"end":{"line":296,"column":28}},{"start":{"line":296,"column":31},"end":{"line":296,"column":48}}],"line":296},"15":{"loc":{"start":{"line":301,"column":4},"end":{"line":301,"column":41}},"type":"if","locations":[{"start":{"line":301,"column":4},"end":{"line":301,"column":41}},{"start":{"line":301,"column":4},"end":{"line":301,"column":41}}],"line":301},"16":{"loc":{"start":{"line":313,"column":46},"end":{"line":313,"column":114}},"type":"binary-expr","locations":[{"start":{"line":313,"column":46},"end":{"line":313,"column":47}},{"start":{"line":313,"column":51},"end":{"line":313,"column":72}},{"start":{"line":313,"column":76},"end":{"line":313,"column":93}},{"start":{"line":313,"column":97},"end":{"line":313,"column":114}}],"line":313},"17":{"loc":{"start":{"line":317,"column":20},"end":{"line":317,"column":88}},"type":"binary-expr","locations":[{"start":{"line":317,"column":20},"end":{"line":317,"column":51}},{"start":{"line":317,"column":55},"end":{"line":317,"column":88}}],"line":317},"18":{"loc":{"start":{"line":318,"column":19},"end":{"line":318,"column":80}},"type":"binary-expr","locations":[{"start":{"line":318,"column":19},"end":{"line":318,"column":37}},{"start":{"line":318,"column":41},"end":{"line":318,"column":80}}],"line":318},"19":{"loc":{"start":{"line":319,"column":20},"end":{"line":319,"column":75}},"type":"binary-expr","locations":[{"start":{"line":319,"column":20},"end":{"line":319,"column":38}},{"start":{"line":319,"column":42},"end":{"line":319,"column":75}}],"line":319},"20":{"loc":{"start":{"line":320,"column":4},"end":{"line":328,"column":5}},"type":"if","locations":[{"start":{"line":320,"column":4},"end":{"line":328,"column":5}},{"start":{"line":320,"column":4},"end":{"line":328,"column":5}}],"line":320},"21":{"loc":{"start":{"line":322,"column":12},"end":{"line":328,"column":5}},"type":"if","locations":[{"start":{"line":322,"column":12},"end":{"line":328,"column":5}},{"start":{"line":322,"column":12},"end":{"line":328,"column":5}}],"line":322},"22":{"loc":{"start":{"line":324,"column":11},"end":{"line":328,"column":5}},"type":"if","locations":[{"start":{"line":324,"column":11},"end":{"line":328,"column":5}},{"start":{"line":324,"column":11},"end":{"line":328,"column":5}}],"line":324},"23":{"loc":{"start":{"line":326,"column":11},"end":{"line":328,"column":5}},"type":"if","locations":[{"start":{"line":326,"column":11},"end":{"line":328,"column":5}},{"start":{"line":326,"column":11},"end":{"line":328,"column":5}}],"line":326},"24":{"loc":{"start":{"line":345,"column":4},"end":{"line":353,"column":5}},"type":"if","locations":[{"start":{"line":345,"column":4},"end":{"line":353,"column":5}},{"start":{"line":345,"column":4},"end":{"line":353,"column":5}}],"line":345},"25":{"loc":{"start":{"line":371,"column":16},"end":{"line":379,"column":17}},"type":"if","locations":[{"start":{"line":371,"column":16},"end":{"line":379,"column":17}},{"start":{"line":371,"column":16},"end":{"line":379,"column":17}}],"line":371},"26":{"loc":{"start":{"line":391,"column":4},"end":{"line":391,"column":89}},"type":"if","locations":[{"start":{"line":391,"column":4},"end":{"line":391,"column":89}},{"start":{"line":391,"column":4},"end":{"line":391,"column":89}}],"line":391},"27":{"loc":{"start":{"line":391,"column":8},"end":{"line":391,"column":39}},"type":"binary-expr","locations":[{"start":{"line":391,"column":8},"end":{"line":391,"column":12}},{"start":{"line":391,"column":16},"end":{"line":391,"column":22}},{"start":{"line":391,"column":26},"end":{"line":391,"column":39}}],"line":391},"28":{"loc":{"start":{"line":417,"column":12},"end":{"line":429,"column":13}},"type":"if","locations":[{"start":{"line":417,"column":12},"end":{"line":429,"column":13}},{"start":{"line":417,"column":12},"end":{"line":429,"column":13}}],"line":417},"29":{"loc":{"start":{"line":441,"column":8},"end":{"line":441,"column":69}},"type":"if","locations":[{"start":{"line":441,"column":8},"end":{"line":441,"column":69}},{"start":{"line":441,"column":8},"end":{"line":441,"column":69}}],"line":441},"30":{"loc":{"start":{"line":445,"column":8},"end":{"line":446,"column":59}},"type":"if","locations":[{"start":{"line":445,"column":8},"end":{"line":446,"column":59}},{"start":{"line":445,"column":8},"end":{"line":446,"column":59}}],"line":445},"31":{"loc":{"start":{"line":445,"column":12},"end":{"line":445,"column":86}},"type":"binary-expr","locations":[{"start":{"line":445,"column":12},"end":{"line":445,"column":49}},{"start":{"line":445,"column":53},"end":{"line":445,"column":86}}],"line":445},"32":{"loc":{"start":{"line":469,"column":8},"end":{"line":469,"column":225}},"type":"if","locations":[{"start":{"line":469,"column":8},"end":{"line":469,"column":225}},{"start":{"line":469,"column":8},"end":{"line":469,"column":225}}],"line":469},"33":{"loc":{"start":{"line":505,"column":12},"end":{"line":505,"column":125}},"type":"if","locations":[{"start":{"line":505,"column":12},"end":{"line":505,"column":125}},{"start":{"line":505,"column":12},"end":{"line":505,"column":125}}],"line":505},"34":{"loc":{"start":{"line":555,"column":12},"end":{"line":555,"column":65}},"type":"if","locations":[{"start":{"line":555,"column":12},"end":{"line":555,"column":65}},{"start":{"line":555,"column":12},"end":{"line":555,"column":65}}],"line":555},"35":{"loc":{"start":{"line":558,"column":22},"end":{"line":558,"column":77}},"type":"binary-expr","locations":[{"start":{"line":558,"column":22},"end":{"line":558,"column":40}},{"start":{"line":558,"column":45},"end":{"line":558,"column":77}}],"line":558},"36":{"loc":{"start":{"line":559,"column":12},"end":{"line":559,"column":57}},"type":"if","locations":[{"start":{"line":559,"column":12},"end":{"line":559,"column":57}},{"start":{"line":559,"column":12},"end":{"line":559,"column":57}}],"line":559},"37":{"loc":{"start":{"line":578,"column":16},"end":{"line":587,"column":117}},"type":"if","locations":[{"start":{"line":578,"column":16},"end":{"line":587,"column":117}},{"start":{"line":578,"column":16},"end":{"line":587,"column":117}}],"line":578},"38":{"loc":{"start":{"line":603,"column":8},"end":{"line":631,"column":9}},"type":"if","locations":[{"start":{"line":603,"column":8},"end":{"line":631,"column":9}},{"start":{"line":603,"column":8},"end":{"line":631,"column":9}}],"line":603},"39":{"loc":{"start":{"line":609,"column":12},"end":{"line":628,"column":13}},"type":"if","locations":[{"start":{"line":609,"column":12},"end":{"line":628,"column":13}},{"start":{"line":609,"column":12},"end":{"line":628,"column":13}}],"line":609},"40":{"loc":{"start":{"line":613,"column":28},"end":{"line":613,"column":101}},"type":"cond-expr","locations":[{"start":{"line":613,"column":60},"end":{"line":613,"column":81}},{"start":{"line":613,"column":84},"end":{"line":613,"column":101}}],"line":613},"41":{"loc":{"start":{"line":615,"column":16},"end":{"line":627,"column":17}},"type":"if","locations":[{"start":{"line":615,"column":16},"end":{"line":627,"column":17}},{"start":{"line":615,"column":16},"end":{"line":627,"column":17}}],"line":615}},"s":{"0":1,"1":1,"2":1,"3":1,"4":1,"5":1,"6":1,"7":1,"8":1,"9":1,"10":1,"11":1,"12":1,"13":1,"14":1,"15":1,"16":1,"17":1,"18":1,"19":1,"20":1,"21":0,"22":0,"23":1,"24":0,"25":0,"26":1,"27":0,"28":1,"29":1,"30":1,"31":0,"32":1,"33":0,"34":1,"35":0,"36":1,"37":0,"38":1,"39":0,"40":1,"41":0,"42":1,"43":0,"44":0,"45":0,"46":0,"47":1,"48":0,"49":1,"50":0,"51":1,"52":0,"53":1,"54":0,"55":1,"56":0,"57":1,"58":0,"59":1,"60":0,"61":1,"62":0,"63":1,"64":1,"65":0,"66":0,"67":0,"68":0,"69":0,"70":1,"71":0,"72":0,"73":0,"74":0,"75":0,"76":0,"77":0,"78":0,"79":0,"80":0,"81":0,"82":0,"83":0,"84":0,"85":0,"86":0,"87":0,"88":0,"89":1,"90":0,"91":0,"92":0,"93":0,"94":0,"95":0,"96":1,"97":0,"98":0,"99":0,"100":0,"101":0,"102":0,"103":0,"104":0,"105":0,"106":0,"107":0,"108":0,"109":0,"110":0,"111":0,"112":0,"113":0,"114":0,"115":0,"116":0,"117":0,"118":0,"119":0,"120":0,"121":0,"122":0,"123":0,"124":0,"125":0,"126":0,"127":0,"128":0,"129":0,"130":0,"131":0,"132":0,"133":0,"134":0,"135":0,"136":0,"137":0,"138":0,"139":0,"140":0,"141":0,"142":0,"143":0,"144":0,"145":0,"146":0,"147":0,"148":0,"149":0,"150":0,"151":0,"152":0,"153":0,"154":0,"155":0,"156":0,"157":0,"158":0,"159":0,"160":0,"161":0,"162":0,"163":0,"164":0,"165":0,"166":0,"167":0,"168":0,"169":1,"170":0,"171":0,"172":0,"173":0,"174":0,"175":0,"176":0,"177":0,"178":0,"179":0,"180":0,"181":0,"182":0,"183":0,"184":0,"185":0,"186":0,"187":0,"188":0,"189":0,"190":0,"191":0,"192":1,"193":0,"194":0,"195":0,"196":0,"197":0,"198":0,"199":0,"200":0,"201":0,"202":0,"203":0,"204":0,"205":0,"206":0,"207":0,"208":0,"209":0,"210":0,"211":0,"212":0,"213":0,"214":0,"215":0,"216":0,"217":0,"218":1,"219":0,"220":0,"221":0,"222":1,"223":0,"224":0,"225":0,"226":0,"227":0,"228":0,"229":0,"230":0,"231":0,"232":0,"233":0,"234":0,"235":1,"236":0,"237":0,"238":0,"239":0,"240":1,"241":0,"242":0,"243":0,"244":1,"245":0,"246":0,"247":0,"248":0,"249":0,"250":0,"251":0,"252":0,"253":0,"254":0,"255":0,"256":0,"257":0,"258":0,"259":0,"260":0,"261":0,"262":0,"263":0,"264":0,"265":0,"266":0,"267":0,"268":0,"269":0,"270":0,"271":0,"272":0,"273":0,"274":0,"275":0,"276":0,"277":0,"278":0,"279":0,"280":0,"281":0,"282":0,"283":0,"284":0,"285":0,"286":0,"287":0,"288":0,"289":0,"290":0,"291":0,"292":0,"293":0,"294":0,"295":0,"296":0,"297":0,"298":0,"299":0,"300":0,"301":0,"302":0,"303":0,"304":0,"305":0,"306":0,"307":0,"308":0,"309":0,"310":0,"311":0,"312":0,"313":0,"314":0,"315":0,"316":0,"317":0,"318":0,"319":0,"320":0,"321":0,"322":0,"323":0,"324":0,"325":0,"326":0,"327":0,"328":0,"329":0,"330":0,"331":0,"332":0,"333":0,"334":0,"335":0,"336":0,"337":0,"338":0,"339":0,"340":0,"341":0,"342":0,"343":0,"344":0,"345":0,"346":0,"347":1,"348":0,"349":0,"350":0,"351":0,"352":0,"353":0,"354":0,"355":0,"356":0,"357":0,"358":0,"359":0,"360":0,"361":0,"362":0,"363":0,"364":0,"365":0,"366":0,"367":0,"368":0,"369":0,"370":0,"371":0,"372":0,"373":0,"374":0,"375":0,"376":0,"377":0,"378":0,"379":1,"380":0,"381":0,"382":0,"383":0,"384":0,"385":0,"386":0,"387":0,"388":0,"389":0,"390":0,"391":0,"392":0,"393":0,"394":0,"395":0,"396":0,"397":0,"398":0,"399":0,"400":0,"401":0,"402":0,"403":0,"404":0,"405":0,"406":0,"407":0,"408":0,"409":0,"410":0,"411":0,"412":0,"413":0,"414":0,"415":0,"416":0,"417":0,"418":0,"419":0,"420":0,"421":0,"422":0,"423":0,"424":0,"425":0,"426":0,"427":0,"428":0,"429":0,"430":0,"431":0,"432":1},"f":{"0":0,"1":0,"2":0,"3":0,"4":0,"5":1,"6":0,"7":0,"8":0,"9":0,"10":0,"11":0,"12":0,"13":0,"14":0,"15":0,"16":0,"17":0,"18":0,"19":0,"20":0,"21":1,"22":0,"23":0,"24":0,"25":0,"26":0,"27":0,"28":0,"29":0,"30":0,"31":0,"32":0,"33":0,"34":0,"35":0,"36":0,"37":0,"38":0,"39":0,"40":0,"41":0,"42":0,"43":0,"44":0,"45":0,"46":0,"47":0,"48":0,"49":0,"50":0,"51":0,"52":0,"53":0,"54":0,"55":0,"56":0},"b":{"0":[0,0],"1":[0,0],"2":[0,0],"3":[0,0],"4":[0,0],"5":[0,0],"6":[0,0],"7":[0,0],"8":[0,0],"9":[0,0],"10":[0,0],"11":[0,0],"12":[0,0],"13":[0,0],"14":[0,0],"15":[0,0],"16":[0,0,0,0],"17":[0,0],"18":[0,0],"19":[0,0],"20":[0,0],"21":[0,0],"22":[0,0],"23":[0,0],"24":[0,0],"25":[0,0],"26":[0,0],"27":[0,0,0],"28":[0,0],"29":[0,0],"30":[0,0],"31":[0,0],"32":[0,0],"33":[0,0],"34":[0,0],"35":[0,0],"36":[0,0],"37":[0,0],"38":[0,0],"39":[0,0],"40":[0,0],"41":[0,0]},"_coverageSchema":"43e27e138ebf9cfc5966b082cf9a028302ed4184","hash":"f3c9ce96e25b11395f76bfc04e4199a8489b2c83","contentHash":"3ef2cde88f677f152afcaad60b142cdf1655a601b895a8a01a3e5968681694a3"},"/Users/Ryan/Desktop/GiveAssist/Project/backend/ProjectInfo.js":{"path":"/Users/Ryan/Desktop/GiveAssist/Project/backend/ProjectInfo.js","statementMap":{"0":{"start":{"line":1,"column":12},"end":{"line":1,"column":37}},"1":{"start":{"line":2,"column":29},"end":{"line":2,"column":64}},"2":{"start":{"line":3,"column":28},"end":{"line":3,"column":62}},"3":{"start":{"line":5,"column":21},"end":{"line":9,"column":1}},"4":{"start":{"line":11,"column":22},"end":{"line":14,"column":1}},"5":{"start":{"line":16,"column":22},"end":{"line":16,"column":58}},"6":{"start":{"line":17,"column":21},"end":{"line":17,"column":55}},"7":{"start":{"line":18,"column":22},"end":{"line":18,"column":68}},"8":{"start":{"line":19,"column":27},"end":{"line":19,"column":41}},"9":{"start":{"line":20,"column":23},"end":{"line":20,"column":46}},"10":{"start":{"line":24,"column":16},"end":{"line":24,"column":20}},"11":{"start":{"line":30,"column":0},"end":{"line":36,"column":1}},"12":{"start":{"line":31,"column":4},"end":{"line":31,"column":67}},"13":{"start":{"line":32,"column":4},"end":{"line":32,"column":41}},"14":{"start":{"line":34,"column":4},"end":{"line":34,"column":67}},"15":{"start":{"line":35,"column":4},"end":{"line":35,"column":40}},"16":{"start":{"line":38,"column":11},"end":{"line":38,"column":27}},"17":{"start":{"line":40,"column":0},"end":{"line":48,"column":1}}},"fnMap":{},"branchMap":{"0":{"loc":{"start":{"line":30,"column":0},"end":{"line":36,"column":1}},"type":"if","locations":[{"start":{"line":30,"column":0},"end":{"line":36,"column":1}},{"start":{"line":30,"column":0},"end":{"line":36,"column":1}}],"line":30}},"s":{"0":1,"1":1,"2":1,"3":1,"4":1,"5":1,"6":1,"7":1,"8":1,"9":1,"10":1,"11":1,"12":1,"13":1,"14":0,"15":0,"16":1,"17":1},"f":{},"b":{"0":[1,0]},"_coverageSchema":"43e27e138ebf9cfc5966b082cf9a028302ed4184","hash":"462bb365b35e51d253948203538430ca44ec76c7","contentHash":"b1290be24442a5407b6a35a0ac3e32688a0ead9d7c18f8e594834987f36a649d"},"/Users/Ryan/Desktop/GiveAssist/Project/backend/plans.js":{"path":"/Users/Ryan/Desktop/GiveAssist/Project/backend/plans.js","statementMap":{"0":{"start":{"line":1,"column":14},"end":{"line":5,"column":1}},"1":{"start":{"line":10,"column":15},"end":{"line":10,"column":18}},"2":{"start":{"line":11,"column":2},"end":{"line":14,"column":5}},"3":{"start":{"line":12,"column":4},"end":{"line":13,"column":25}},"4":{"start":{"line":13,"column":6},"end":{"line":13,"column":25}},"5":{"start":{"line":15,"column":2},"end":{"line":15,"column":16}},"6":{"start":{"line":20,"column":2},"end":{"line":20,"column":156}},"7":{"start":{"line":20,"column":63},"end":{"line":20,"column":156}},"8":{"start":{"line":21,"column":13},"end":{"line":21,"column":17}},"9":{"start":{"line":22,"column":2},"end":{"line":25,"column":5}},"10":{"start":{"line":23,"column":4},"end":{"line":24,"column":23}},"11":{"start":{"line":24,"column":6},"end":{"line":24,"column":23}},"12":{"start":{"line":26,"column":2},"end":{"line":26,"column":14}},"13":{"start":{"line":30,"column":2},"end":{"line":30,"column":153}},"14":{"start":{"line":30,"column":63},"end":{"line":30,"column":153}},"15":{"start":{"line":31,"column":11},"end":{"line":31,"column":15}},"16":{"start":{"line":32,"column":2},"end":{"line":35,"column":5}},"17":{"start":{"line":33,"column":4},"end":{"line":34,"column":19}},"18":{"start":{"line":34,"column":6},"end":{"line":34,"column":19}},"19":{"start":{"line":36,"column":2},"end":{"line":36,"column":12}},"20":{"start":{"line":41,"column":2},"end":{"line":41,"column":118}},"21":{"start":{"line":41,"column":41},"end":{"line":41,"column":118}},"22":{"start":{"line":42,"column":14},"end":{"line":42,"column":18}},"23":{"start":{"line":43,"column":2},"end":{"line":46,"column":5}},"24":{"start":{"line":44,"column":4},"end":{"line":45,"column":25}},"25":{"start":{"line":45,"column":6},"end":{"line":45,"column":25}},"26":{"start":{"line":47,"column":2},"end":{"line":47,"column":23}},"27":{"start":{"line":51,"column":2},"end":{"line":51,"column":132}},"28":{"start":{"line":51,"column":63},"end":{"line":51,"column":132}},"29":{"start":{"line":52,"column":12},"end":{"line":52,"column":17}},"30":{"start":{"line":53,"column":2},"end":{"line":56,"column":5}},"31":{"start":{"line":54,"column":4},"end":{"line":55,"column":17}},"32":{"start":{"line":55,"column":6},"end":{"line":55,"column":17}},"33":{"start":{"line":58,"column":2},"end":{"line":58,"column":13}},"34":{"start":{"line":64,"column":19},"end":{"line":70,"column":1}},"35":{"start":{"line":66,"column":4},"end":{"line":66,"column":97}},"36":{"start":{"line":66,"column":65},"end":{"line":66,"column":97}},"37":{"start":{"line":67,"column":22},"end":{"line":67,"column":53}},"38":{"start":{"line":68,"column":16},"end":{"line":68,"column":53}},"39":{"start":{"line":69,"column":4},"end":{"line":69,"column":41}},"40":{"start":{"line":72,"column":0},"end":{"line":80,"column":1}}},"fnMap":{"0":{"name":"lowestPlanCost","decl":{"start":{"line":9,"column":9},"end":{"line":9,"column":23}},"loc":{"start":{"line":9,"column":26},"end":{"line":16,"column":1}},"line":9},"1":{"name":"(anonymous_1)","decl":{"start":{"line":11,"column":16},"end":{"line":11,"column":17}},"loc":{"start":{"line":11,"column":26},"end":{"line":14,"column":3}},"line":11},"2":{"name":"priceForPlanWithTitle","decl":{"start":{"line":19,"column":9},"end":{"line":19,"column":30}},"loc":{"start":{"line":19,"column":39},"end":{"line":27,"column":1}},"line":19},"3":{"name":"(anonymous_3)","decl":{"start":{"line":22,"column":16},"end":{"line":22,"column":17}},"loc":{"start":{"line":22,"column":26},"end":{"line":25,"column":3}},"line":22},"4":{"name":"idForPlanWithTitle","decl":{"start":{"line":29,"column":9},"end":{"line":29,"column":27}},"loc":{"start":{"line":29,"column":36},"end":{"line":37,"column":1}},"line":29},"5":{"name":"(anonymous_5)","decl":{"start":{"line":32,"column":16},"end":{"line":32,"column":17}},"loc":{"start":{"line":32,"column":26},"end":{"line":35,"column":3}},"line":32},"6":{"name":"titleOfPlanWithCost","decl":{"start":{"line":40,"column":9},"end":{"line":40,"column":28}},"loc":{"start":{"line":40,"column":36},"end":{"line":48,"column":1}},"line":40},"7":{"name":"(anonymous_7)","decl":{"start":{"line":43,"column":16},"end":{"line":43,"column":17}},"loc":{"start":{"line":43,"column":26},"end":{"line":46,"column":3}},"line":43},"8":{"name":"planExists","decl":{"start":{"line":50,"column":9},"end":{"line":50,"column":19}},"loc":{"start":{"line":50,"column":27},"end":{"line":59,"column":1}},"line":50},"9":{"name":"(anonymous_9)","decl":{"start":{"line":53,"column":16},"end":{"line":53,"column":17}},"loc":{"start":{"line":53,"column":26},"end":{"line":56,"column":3}},"line":53},"10":{"name":"(anonymous_10)","decl":{"start":{"line":64,"column":19},"end":{"line":64,"column":20}},"loc":{"start":{"line":64,"column":44},"end":{"line":70,"column":1}},"line":64}},"branchMap":{"0":{"loc":{"start":{"line":12,"column":4},"end":{"line":13,"column":25}},"type":"if","locations":[{"start":{"line":12,"column":4},"end":{"line":13,"column":25}},{"start":{"line":12,"column":4},"end":{"line":13,"column":25}}],"line":12},"1":{"loc":{"start":{"line":12,"column":8},"end":{"line":12,"column":47}},"type":"binary-expr","locations":[{"start":{"line":12,"column":8},"end":{"line":12,"column":25}},{"start":{"line":12,"column":29},"end":{"line":12,"column":47}}],"line":12},"2":{"loc":{"start":{"line":20,"column":2},"end":{"line":20,"column":156}},"type":"if","locations":[{"start":{"line":20,"column":2},"end":{"line":20,"column":156}},{"start":{"line":20,"column":2},"end":{"line":20,"column":156}}],"line":20},"3":{"loc":{"start":{"line":20,"column":6},"end":{"line":20,"column":61}},"type":"binary-expr","locations":[{"start":{"line":20,"column":6},"end":{"line":20,"column":12}},{"start":{"line":20,"column":16},"end":{"line":20,"column":41}},{"start":{"line":20,"column":45},"end":{"line":20,"column":61}}],"line":20},"4":{"loc":{"start":{"line":23,"column":4},"end":{"line":24,"column":23}},"type":"if","locations":[{"start":{"line":23,"column":4},"end":{"line":24,"column":23}},{"start":{"line":23,"column":4},"end":{"line":24,"column":23}}],"line":23},"5":{"loc":{"start":{"line":30,"column":2},"end":{"line":30,"column":153}},"type":"if","locations":[{"start":{"line":30,"column":2},"end":{"line":30,"column":153}},{"start":{"line":30,"column":2},"end":{"line":30,"column":153}}],"line":30},"6":{"loc":{"start":{"line":30,"column":6},"end":{"line":30,"column":61}},"type":"binary-expr","locations":[{"start":{"line":30,"column":6},"end":{"line":30,"column":12}},{"start":{"line":30,"column":16},"end":{"line":30,"column":41}},{"start":{"line":30,"column":45},"end":{"line":30,"column":61}}],"line":30},"7":{"loc":{"start":{"line":33,"column":4},"end":{"line":34,"column":19}},"type":"if","locations":[{"start":{"line":33,"column":4},"end":{"line":34,"column":19}},{"start":{"line":33,"column":4},"end":{"line":34,"column":19}}],"line":33},"8":{"loc":{"start":{"line":41,"column":2},"end":{"line":41,"column":118}},"type":"if","locations":[{"start":{"line":41,"column":2},"end":{"line":41,"column":118}},{"start":{"line":41,"column":2},"end":{"line":41,"column":118}}],"line":41},"9":{"loc":{"start":{"line":41,"column":6},"end":{"line":41,"column":39}},"type":"binary-expr","locations":[{"start":{"line":41,"column":6},"end":{"line":41,"column":11}},{"start":{"line":41,"column":15},"end":{"line":41,"column":39}}],"line":41},"10":{"loc":{"start":{"line":44,"column":4},"end":{"line":45,"column":25}},"type":"if","locations":[{"start":{"line":44,"column":4},"end":{"line":45,"column":25}},{"start":{"line":44,"column":4},"end":{"line":45,"column":25}}],"line":44},"11":{"loc":{"start":{"line":47,"column":9},"end":{"line":47,"column":22}},"type":"binary-expr","locations":[{"start":{"line":47,"column":9},"end":{"line":47,"column":14}},{"start":{"line":47,"column":18},"end":{"line":47,"column":22}}],"line":47},"12":{"loc":{"start":{"line":51,"column":2},"end":{"line":51,"column":132}},"type":"if","locations":[{"start":{"line":51,"column":2},"end":{"line":51,"column":132}},{"start":{"line":51,"column":2},"end":{"line":51,"column":132}}],"line":51},"13":{"loc":{"start":{"line":51,"column":6},"end":{"line":51,"column":61}},"type":"binary-expr","locations":[{"start":{"line":51,"column":6},"end":{"line":51,"column":12}},{"start":{"line":51,"column":16},"end":{"line":51,"column":41}},{"start":{"line":51,"column":45},"end":{"line":51,"column":61}}],"line":51},"14":{"loc":{"start":{"line":54,"column":4},"end":{"line":55,"column":17}},"type":"if","locations":[{"start":{"line":54,"column":4},"end":{"line":55,"column":17}},{"start":{"line":54,"column":4},"end":{"line":55,"column":17}}],"line":54},"15":{"loc":{"start":{"line":66,"column":4},"end":{"line":66,"column":97}},"type":"if","locations":[{"start":{"line":66,"column":4},"end":{"line":66,"column":97}},{"start":{"line":66,"column":4},"end":{"line":66,"column":97}}],"line":66},"16":{"loc":{"start":{"line":66,"column":8},"end":{"line":66,"column":63}},"type":"binary-expr","locations":[{"start":{"line":66,"column":8},"end":{"line":66,"column":36}},{"start":{"line":66,"column":40},"end":{"line":66,"column":63}}],"line":66},"17":{"loc":{"start":{"line":68,"column":16},"end":{"line":68,"column":53}},"type":"cond-expr","locations":[{"start":{"line":68,"column":30},"end":{"line":68,"column":41}},{"start":{"line":68,"column":44},"end":{"line":68,"column":53}}],"line":68}},"s":{"0":1,"1":0,"2":0,"3":0,"4":0,"5":0,"6":0,"7":0,"8":0,"9":0,"10":0,"11":0,"12":0,"13":0,"14":0,"15":0,"16":0,"17":0,"18":0,"19":0,"20":0,"21":0,"22":0,"23":0,"24":0,"25":0,"26":0,"27":0,"28":0,"29":0,"30":0,"31":0,"32":0,"33":0,"34":1,"35":0,"36":0,"37":0,"38":0,"39":0,"40":1},"f":{"0":0,"1":0,"2":0,"3":0,"4":0,"5":0,"6":0,"7":0,"8":0,"9":0,"10":0},"b":{"0":[0,0],"1":[0,0],"2":[0,0],"3":[0,0,0],"4":[0,0],"5":[0,0],"6":[0,0,0],"7":[0,0],"8":[0,0],"9":[0,0],"10":[0,0],"11":[0,0],"12":[0,0],"13":[0,0,0],"14":[0,0],"15":[0,0],"16":[0,0],"17":[0,0]},"_coverageSchema":"43e27e138ebf9cfc5966b082cf9a028302ed4184","hash":"8432635ad72e541c902becd74ac28d46e33d4240","contentHash":"83f08136f92bc1362e0fa92f4ec96575a26ba215e157faac0b14e34b0f538d67"},"/Users/Ryan/Desktop/GiveAssist/Project/backend/logging.js":{"path":"/Users/Ryan/Desktop/GiveAssist/Project/backend/logging.js","statementMap":{"0":{"start":{"line":1,"column":10},"end":{"line":1,"column":30}},"1":{"start":{"line":4,"column":2},"end":{"line":4,"column":21}},"2":{"start":{"line":7,"column":2},"end":{"line":7,"column":28}},"3":{"start":{"line":12,"column":2},"end":{"line":12,"column":40}},"4":{"start":{"line":16,"column":2},"end":{"line":16,"column":39}},"5":{"start":{"line":20,"column":2},"end":{"line":20,"column":24}},"6":{"start":{"line":23,"column":32},"end":{"line":23,"column":78}},"7":{"start":{"line":25,"column":27},"end":{"line":25,"column":46}},"8":{"start":{"line":25,"column":47},"end":{"line":25,"column":73}},"9":{"start":{"line":27,"column":26},"end":{"line":27,"column":63}},"10":{"start":{"line":29,"column":0},"end":{"line":38,"column":1}}},"fnMap":{"0":{"name":"log","decl":{"start":{"line":3,"column":9},"end":{"line":3,"column":12}},"loc":{"start":{"line":3,"column":21},"end":{"line":5,"column":1}},"line":3},"1":{"name":"logn","decl":{"start":{"line":6,"column":9},"end":{"line":6,"column":13}},"loc":{"start":{"line":6,"column":22},"end":{"line":8,"column":1}},"line":6},"2":{"name":"err_log","decl":{"start":{"line":11,"column":9},"end":{"line":11,"column":16}},"loc":{"start":{"line":11,"column":25},"end":{"line":13,"column":1}},"line":11},"3":{"name":"ok_log","decl":{"start":{"line":15,"column":9},"end":{"line":15,"column":15}},"loc":{"start":{"line":15,"column":24},"end":{"line":17,"column":1}},"line":15},"4":{"name":"table_log","decl":{"start":{"line":19,"column":9},"end":{"line":19,"column":18}},"loc":{"start":{"line":19,"column":28},"end":{"line":21,"column":1}},"line":19},"5":{"name":"log_group_begin","decl":{"start":{"line":23,"column":9},"end":{"line":23,"column":24}},"loc":{"start":{"line":23,"column":31},"end":{"line":23,"column":79}},"line":23},"6":{"name":"log_group_end","decl":{"start":{"line":25,"column":9},"end":{"line":25,"column":22}},"loc":{"start":{"line":25,"column":25},"end":{"line":25,"column":75}},"line":25},"7":{"name":"prettify","decl":{"start":{"line":27,"column":9},"end":{"line":27,"column":17}},"loc":{"start":{"line":27,"column":24},"end":{"line":27,"column":65}},"line":27}},"branchMap":{},"s":{"0":1,"1":0,"2":0,"3":0,"4":0,"5":0,"6":0,"7":0,"8":0,"9":0,"10":1},"f":{"0":0,"1":0,"2":0,"3":0,"4":0,"5":0,"6":0,"7":0},"b":{},"_coverageSchema":"43e27e138ebf9cfc5966b082cf9a028302ed4184","hash":"a3cc5984d5048ce4b533c5c41360987d50b8a4e4","contentHash":"1abd6e53083a9d753ae4d00dfad5758a9afc02a6a3c77c149a5af0e87eabdfa8"},"/Users/Ryan/Desktop/GiveAssist/Project/backend/DBLinks.js":{"path":"/Users/Ryan/Desktop/GiveAssist/Project/backend/DBLinks.js","statementMap":{"0":{"start":{"line":1,"column":15},"end":{"line":1,"column":42}},"1":{"start":{"line":2,"column":12},"end":{"line":2,"column":26}},"2":{"start":{"line":3,"column":11},"end":{"line":3,"column":24}},"3":{"start":{"line":6,"column":4},"end":{"line":6,"column":39}},"4":{"start":{"line":7,"column":4},"end":{"line":7,"column":33}},"5":{"start":{"line":10,"column":15},"end":{"line":10,"column":36}},"6":{"start":{"line":11,"column":14},"end":{"line":11,"column":92}},"7":{"start":{"line":14,"column":15},"end":{"line":14,"column":49}},"8":{"start":{"line":15,"column":14},"end":{"line":15,"column":82}},"9":{"start":{"line":17,"column":4},"end":{"line":17,"column":15}},"10":{"start":{"line":22,"column":15},"end":{"line":22,"column":49}},"11":{"start":{"line":23,"column":14},"end":{"line":23,"column":82}},"12":{"start":{"line":25,"column":4},"end":{"line":25,"column":32}},"13":{"start":{"line":29,"column":15},"end":{"line":29,"column":49}},"14":{"start":{"line":30,"column":19},"end":{"line":30,"column":21}},"15":{"start":{"line":31,"column":4},"end":{"line":31,"column":60}},"16":{"start":{"line":31,"column":30},"end":{"line":31,"column":57}},"17":{"start":{"line":32,"column":4},"end":{"line":32,"column":20}},"18":{"start":{"line":36,"column":15},"end":{"line":36,"column":72}},"19":{"start":{"line":37,"column":4},"end":{"line":37,"column":66}},"20":{"start":{"line":41,"column":15},"end":{"line":41,"column":72}},"21":{"start":{"line":42,"column":19},"end":{"line":42,"column":21}},"22":{"start":{"line":43,"column":4},"end":{"line":43,"column":60}},"23":{"start":{"line":43,"column":30},"end":{"line":43,"column":57}},"24":{"start":{"line":44,"column":4},"end":{"line":44,"column":20}},"25":{"start":{"line":46,"column":18},"end":{"line":46,"column":41}},"26":{"start":{"line":47,"column":20},"end":{"line":47,"column":45}},"27":{"start":{"line":50,"column":13},"end":{"line":50,"column":47}},"28":{"start":{"line":50,"column":28},"end":{"line":50,"column":47}},"29":{"start":{"line":52,"column":14},"end":{"line":52,"column":60}},"30":{"start":{"line":52,"column":29},"end":{"line":52,"column":60}},"31":{"start":{"line":53,"column":15},"end":{"line":53,"column":65}},"32":{"start":{"line":53,"column":30},"end":{"line":53,"column":65}},"33":{"start":{"line":54,"column":14},"end":{"line":54,"column":65}},"34":{"start":{"line":54,"column":30},"end":{"line":54,"column":65}},"35":{"start":{"line":55,"column":19},"end":{"line":55,"column":84}},"36":{"start":{"line":55,"column":39},"end":{"line":55,"column":84}},"37":{"start":{"line":56,"column":17},"end":{"line":56,"column":57}},"38":{"start":{"line":56,"column":29},"end":{"line":56,"column":57}},"39":{"start":{"line":57,"column":18},"end":{"line":57,"column":58}},"40":{"start":{"line":57,"column":28},"end":{"line":57,"column":58}},"41":{"start":{"line":58,"column":17},"end":{"line":58,"column":65}},"42":{"start":{"line":58,"column":32},"end":{"line":58,"column":65}},"43":{"start":{"line":60,"column":9},"end":{"line":91,"column":1}},"44":{"start":{"line":62,"column":46},"end":{"line":62,"column":67}},"45":{"start":{"line":63,"column":46},"end":{"line":63,"column":70}},"46":{"start":{"line":64,"column":46},"end":{"line":64,"column":65}},"47":{"start":{"line":65,"column":46},"end":{"line":65,"column":65}},"48":{"start":{"line":66,"column":46},"end":{"line":66,"column":69}},"49":{"start":{"line":67,"column":46},"end":{"line":67,"column":70}},"50":{"start":{"line":68,"column":46},"end":{"line":68,"column":77}},"51":{"start":{"line":69,"column":46},"end":{"line":69,"column":75}},"52":{"start":{"line":71,"column":46},"end":{"line":71,"column":73}},"53":{"start":{"line":72,"column":46},"end":{"line":72,"column":62}},"54":{"start":{"line":73,"column":46},"end":{"line":73,"column":68}},"55":{"start":{"line":74,"column":46},"end":{"line":74,"column":64}},"56":{"start":{"line":75,"column":46},"end":{"line":75,"column":67}},"57":{"start":{"line":76,"column":46},"end":{"line":76,"column":69}},"58":{"start":{"line":77,"column":46},"end":{"line":77,"column":70}},"59":{"start":{"line":78,"column":46},"end":{"line":78,"column":84}},"60":{"start":{"line":79,"column":46},"end":{"line":79,"column":84}},"61":{"start":{"line":81,"column":46},"end":{"line":81,"column":68}},"62":{"start":{"line":82,"column":46},"end":{"line":82,"column":62}},"63":{"start":{"line":83,"column":46},"end":{"line":83,"column":67}},"64":{"start":{"line":85,"column":46},"end":{"line":85,"column":62}},"65":{"start":{"line":86,"column":46},"end":{"line":86,"column":61}},"66":{"start":{"line":88,"column":45},"end":{"line":88,"column":72}},"67":{"start":{"line":90,"column":45},"end":{"line":90,"column":63}},"68":{"start":{"line":93,"column":0},"end":{"line":95,"column":1}}},"fnMap":{"0":{"name":"(anonymous_0)","decl":{"start":{"line":5,"column":2},"end":{"line":5,"column":3}},"loc":{"start":{"line":5,"column":36},"end":{"line":8,"column":3}},"line":5},"1":{"name":"(anonymous_1)","decl":{"start":{"line":10,"column":2},"end":{"line":10,"column":3}},"loc":{"start":{"line":10,"column":13},"end":{"line":10,"column":39}},"line":10},"2":{"name":"(anonymous_2)","decl":{"start":{"line":11,"column":2},"end":{"line":11,"column":3}},"loc":{"start":{"line":11,"column":12},"end":{"line":11,"column":95}},"line":11},"3":{"name":"(anonymous_3)","decl":{"start":{"line":13,"column":2},"end":{"line":13,"column":3}},"loc":{"start":{"line":13,"column":15},"end":{"line":18,"column":3}},"line":13},"4":{"name":"(anonymous_4)","decl":{"start":{"line":21,"column":2},"end":{"line":21,"column":3}},"loc":{"start":{"line":21,"column":27},"end":{"line":26,"column":3}},"line":21},"5":{"name":"(anonymous_5)","decl":{"start":{"line":28,"column":2},"end":{"line":28,"column":3}},"loc":{"start":{"line":28,"column":23},"end":{"line":33,"column":3}},"line":28},"6":{"name":"(anonymous_6)","decl":{"start":{"line":31,"column":17},"end":{"line":31,"column":18}},"loc":{"start":{"line":31,"column":28},"end":{"line":31,"column":59}},"line":31},"7":{"name":"(anonymous_7)","decl":{"start":{"line":35,"column":2},"end":{"line":35,"column":3}},"loc":{"start":{"line":35,"column":32},"end":{"line":38,"column":3}},"line":35},"8":{"name":"(anonymous_8)","decl":{"start":{"line":40,"column":2},"end":{"line":40,"column":3}},"loc":{"start":{"line":40,"column":39},"end":{"line":45,"column":3}},"line":40},"9":{"name":"(anonymous_9)","decl":{"start":{"line":43,"column":17},"end":{"line":43,"column":18}},"loc":{"start":{"line":43,"column":28},"end":{"line":43,"column":59}},"line":43},"10":{"name":"(anonymous_10)","decl":{"start":{"line":46,"column":2},"end":{"line":46,"column":3}},"loc":{"start":{"line":46,"column":16},"end":{"line":46,"column":43}},"line":46},"11":{"name":"(anonymous_11)","decl":{"start":{"line":47,"column":2},"end":{"line":47,"column":3}},"loc":{"start":{"line":47,"column":18},"end":{"line":47,"column":47}},"line":47},"12":{"name":"(anonymous_12)","decl":{"start":{"line":50,"column":13},"end":{"line":50,"column":14}},"loc":{"start":{"line":50,"column":28},"end":{"line":50,"column":47}},"line":50},"13":{"name":"(anonymous_13)","decl":{"start":{"line":52,"column":14},"end":{"line":52,"column":15}},"loc":{"start":{"line":52,"column":29},"end":{"line":52,"column":60}},"line":52},"14":{"name":"(anonymous_14)","decl":{"start":{"line":53,"column":15},"end":{"line":53,"column":16}},"loc":{"start":{"line":53,"column":30},"end":{"line":53,"column":65}},"line":53},"15":{"name":"(anonymous_15)","decl":{"start":{"line":54,"column":14},"end":{"line":54,"column":15}},"loc":{"start":{"line":54,"column":30},"end":{"line":54,"column":65}},"line":54},"16":{"name":"(anonymous_16)","decl":{"start":{"line":55,"column":19},"end":{"line":55,"column":20}},"loc":{"start":{"line":55,"column":39},"end":{"line":55,"column":84}},"line":55},"17":{"name":"(anonymous_17)","decl":{"start":{"line":56,"column":17},"end":{"line":56,"column":18}},"loc":{"start":{"line":56,"column":29},"end":{"line":56,"column":57}},"line":56},"18":{"name":"(anonymous_18)","decl":{"start":{"line":57,"column":18},"end":{"line":57,"column":19}},"loc":{"start":{"line":57,"column":28},"end":{"line":57,"column":58}},"line":57},"19":{"name":"(anonymous_19)","decl":{"start":{"line":58,"column":17},"end":{"line":58,"column":18}},"loc":{"start":{"line":58,"column":32},"end":{"line":58,"column":65}},"line":58},"20":{"name":"(anonymous_20)","decl":{"start":{"line":62,"column":29},"end":{"line":62,"column":30}},"loc":{"start":{"line":62,"column":46},"end":{"line":62,"column":67}},"line":62},"21":{"nam
[...]
"column":16}},"20":{"start":{"line":49,"column":2},"end":{"line":49,"column":24}},"21":{"start":{"line":50,"column":2},"end":{"line":50,"column":49}},"22":{"start":{"line":54,"column":2},"end":{"line":54,"column":19}},"23":{"start":{"line":55,"column":2},"end":{"line":55,"column":21}},"24":{"start":{"line":56,"column":2},"end":{"line":56,"column":27}},"25":{"start":{"line":57,"column":2},"end":{"line":57,"column":19}},"26":{"start":{"line":58,"column":2},"end":{"line":58,"column":33}},"27":{"start":{"line":59,"column":2},"end":{"line":59,"column":23}},"28":{"start":{"line":60,"column":2},"end":{"line":60,"column":33}},"29":{"start":{"line":63,"column":0},"end":{"line":72,"column":3}},"30":{"start":{"line":64,"column":15},"end":{"line":64,"column":16}},"31":{"start":{"line":65,"column":25},"end":{"line":65,"column":27}},"32":{"start":{"line":66,"column":25},"end":{"line":66,"column":37}},"33":{"start":{"line":67,"column":25},"end":{"line":67,"column":42}},"34":{"start":{"line":68,"column":2},"end":{"line":70,"column":3}},"35":{"start":{"line":68,"column":16},"end":{"line":68,"column":17}},"36":{"start":{"line":69,"column":6},"end":{"line":69,"column":80}},"37":{"start":{"line":71,"column":2},"end":{"line":71,"column":16}},"38":{"start":{"line":74,"column":19},"end":{"line":88,"column":3}},"39":{"start":{"line":75,"column":16},"end":{"line":75,"column":26}},"40":{"start":{"line":76,"column":13},"end":{"line":76,"column":28}},"41":{"start":{"line":77,"column":13},"end":{"line":77,"column":33}},"42":{"start":{"line":79,"column":15},"end":{"line":79,"column":34}},"43":{"start":{"line":80,"column":4},"end":{"line":82,"column":5}},"44":{"start":{"line":81,"column":6},"end":{"line":81,"column":20}},"45":{"start":{"line":83,"column":4},"end":{"line":85,"column":5}},"46":{"start":{"line":84,"column":6},"end":{"line":84,"column":20}},"47":{"start":{"line":86,"column":13},"end":{"line":86,"column":39}},"48":{"start":{"line":87,"column":4},"end":{"line":87,"column":14}},"49":{"start":{"line":90,"column":0},"end":{"line":101,"column":1}}},"fnMap":{"0":{"name":"(anonymous_0)","decl":{"start":{"line":1,"column":30},"end":{"line":1,"column":31}},"loc":{"start":{"line":1,"column":60},"end":{"line":4,"column":1}},"line":1},"1":{"name":"(anonymous_1)","decl":{"start":{"line":7,"column":20},"end":{"line":7,"column":21}},"loc":{"start":{"line":7,"column":31},"end":{"line":10,"column":1}},"line":7},"2":{"name":"(anonymous_2)","decl":{"start":{"line":12,"column":20},"end":{"line":12,"column":21}},"loc":{"start":{"line":12,"column":31},"end":{"line":15,"column":1}},"line":12},"3":{"name":"(anonymous_3)","decl":{"start":{"line":17,"column":25},"end":{"line":17,"column":26}},"loc":{"start":{"line":17,"column":40},"end":{"line":20,"column":1}},"line":17},"4":{"name":"(anonymous_4)","decl":{"start":{"line":38,"column":17},"end":{"line":38,"column":18}},"loc":{"start":{"line":38,"column":24},"end":{"line":46,"column":1}},"line":38},"5":{"name":"Customer","decl":{"start":{"line":48,"column":9},"end":{"line":48,"column":17}},"loc":{"start":{"line":48,"column":40},"end":{"line":51,"column":1}},"line":48},"6":{"name":"User","decl":{"start":{"line":53,"column":9},"end":{"line":53,"column":13}},"loc":{"start":{"line":53,"column":78},"end":{"line":61,"column":1}},"line":53},"7":{"name":"(anonymous_7)","decl":{"start":{"line":63,"column":10},"end":{"line":63,"column":11}},"loc":{"start":{"line":63,"column":16},"end":{"line":72,"column":3}},"line":63},"8":{"name":"(anonymous_8)","decl":{"start":{"line":74,"column":19},"end":{"line":74,"column":20}},"loc":{"start":{"line":74,"column":25},"end":{"line":88,"column":3}},"line":74}},"branchMap":{"0":{"loc":{"start":{"line":80,"column":4},"end":{"line":82,"column":5}},"type":"if","locations":[{"start":{"line":80,"column":4},"end":{"line":82,"column":5}},{"start":{"line":80,"column":4},"end":{"line":82,"column":5}}],"line":80},"1":{"loc":{"start":{"line":83,"column":4},"end":{"line":85,"column":5}},"type":"if","locations":[{"start":{"line":83,"column":4},"end":{"line":85,"column":5}},{"start":{"line":83,"column":4},"end":{"line":85,"column":5}}],"line":83}},"s":{"0":1,"1":0,"2":0,"3":1,"4":0,"5":0,"6":1,"7":0,"8":0,"9":1,"10":0,"11":0,"12":1,"13":0,"14":0,"15":0,"16":0,"17":0,"18":0,"19":0,"20":0,"21":0,"22":0,"23":0,"24":0,"25":0,"26":0,"27":0,"28":0,"29":1,"30":0,"31":0,"32":0,"33":0,"34":0,"35":0,"36":0,"37":0,"38":1,"39":0,"40":0,"41":0,"42":0,"43":0,"44":0,"45":0,"46":0,"47":0,"48":0,"49":1},"f":{"0":0,"1":0,"2":0,"3":0,"4":0,"5":0,"6":0,"7":0,"8":0},"b":{"0":[0,0],"1":[0,0]},"_coverageSchema":"43e27e138ebf9cfc5966b082cf9a028302ed4184","hash":"15464ef1cdfe299a6cb650e7a1954ff23d7632aa","contentHash":"2cd0c3404dd9f26c3146428104023886931c306308a2c0799fc0fd3fb5f9f706"},"/Users/Ryan/Desktop/GiveAssist/Project/backend/CreateEvent.js":{"path":"/Users/Ryan/Desktop/GiveAssist/Project/backend/CreateEvent.js","statementMap":{"0":{"start":{"line":1,"column":15},"end":{"line":1,"column":42}},"1":{"start":{"line":2,"column":14},"end":{"line":2,"column":37}},"2":{"start":{"line":3,"column":14},"end":{"line":3,"column":37}},"3":{"start":{"line":4,"column":14},"end":{"line":4,"column":37}},"4":{"start":{"line":5,"column":11},"end":{"line":5,"column":24}},"5":{"start":{"line":6,"column":9},"end":{"line":6,"column":19}},"6":{"start":{"line":7,"column":10},"end":{"line":7,"column":21}},"7":{"start":{"line":8,"column":14},"end":{"line":8,"column":29}},"8":{"start":{"line":9,"column":13},"end":{"line":9,"column":27}},"9":{"start":{"line":10,"column":16},"end":{"line":10,"column":33}},"10":{"start":{"line":11,"column":18},"end":{"line":11,"column":41}},"11":{"start":{"line":12,"column":16},"end":{"line":12,"column":37}},"12":{"start":{"line":13,"column":15},"end":{"line":13,"column":31}},"13":{"start":{"line":15,"column":34},"end":{"line":15,"column":90}},"14":{"start":{"line":15,"column":59},"end":{"line":15,"column":90}},"15":{"start":{"line":25,"column":16},"end":{"line":44,"column":1}},"16":{"start":{"line":26,"column":4},"end":{"line":43,"column":4}},"17":{"start":{"line":27,"column":16},"end":{"line":27,"column":35}},"18":{"start":{"line":29,"column":6},"end":{"line":42,"column":8}},"19":{"start":{"line":30,"column":28},"end":{"line":30,"column":29}},"20":{"start":{"line":31,"column":28},"end":{"line":31,"column":29}},"21":{"start":{"line":32,"column":12},"end":{"line":40,"column":15}},"22":{"start":{"line":33,"column":28},"end":{"line":33,"column":39}},"23":{"start":{"line":34,"column":18},"end":{"line":39,"column":19}},"24":{"start":{"line":36,"column":34},"end":{"line":36,"column":91}},"25":{"start":{"line":37,"column":24},"end":{"line":37,"column":36}},"26":{"start":{"line":38,"column":24},"end":{"line":38,"column":39}},"27":{"start":{"line":41,"column":12},"end":{"line":41,"column":64}},"28":{"start":{"line":47,"column":33},"end":{"line":52,"column":1}},"29":{"start":{"line":48,"column":2},"end":{"line":48,"column":17}},"30":{"start":{"line":49,"column":12},"end":{"line":49,"column":26}},"31":{"start":{"line":51,"column":2},"end":{"line":51,"column":27}},"32":{"start":{"line":56,"column":4},"end":{"line":61,"column":5}},"33":{"start":{"line":57,"column":8},"end":{"line":57,"column":56}},"34":{"start":{"line":59,"column":8},"end":{"line":59,"column":57}},"35":{"start":{"line":60,"column":8},"end":{"line":60,"column":20}},"36":{"start":{"line":64,"column":4},"end":{"line":69,"column":5}},"37":{"start":{"line":65,"column":8},"end":{"line":65,"column":57}},"38":{"start":{"line":67,"column":8},"end":{"line":67,"column":58}},"39":{"start":{"line":68,"column":8},"end":{"line":68,"column":20}},"40":{"start":{"line":71,"column":4},"end":{"line":77,"column":5}},"41":{"start":{"line":72,"column":21},"end":{"line":72,"column":38}},"42":{"start":{"line":73,"column":10},"end":{"line":74,"column":54}},"43":{"start":{"line":74,"column":12},"end":{"line":74,"column":54}},"44":{"start":{"line":75,"column":10},"end":{"line":76,"column":49}},"45":{"start":{"line":76,"column":17},"end":{"line":76,"column":49}},"46":{"start":{"line":79,"column":4},"end":{"line":109,"column":6}},"47":{"start":{"line":112,"column":14},"end":{"line":114,"column":1}},"48":{"start":{"line":113,"column":2},"end":{"line":113,"column":66}},"49":{"start":{"line":113,"column":32},"end":{"line":113,"column":65}},"50":{"start":{"line":117,"column":16},"end":{"line":129,"column":1}},"51":{"start":{"line":118,"column":4},"end":{"line":128,"column":4}},"52":{"start":{"line":119,"column":17},"end":{"line":119,"column":19}},"53":{"start":{"line":120,"column":16},"end":{"line":120,"column":35}},"54":{"start":{"line":121,"column":6},"end":{"line":127,"column":8}},"55":{"start":{"line":122,"column":8},"end":{"line":125,"column":11}},"56":{"start":{"line":123,"column":24},"end":{"line":123,"column":33}},"57":{"start":{"line":124,"column":9},"end":{"line":124,"column":28}},"58":{"start":{"line":126,"column":14},"end":{"line":126,"column":28}},"59":{"start":{"line":131,"column":23},"end":{"line":155,"column":1}},"60":{"start":{"line":132,"column":4},"end":{"line":154,"column":7}},"61":{"start":{"line":134,"column":29},"end":{"line":134,"column":61}},"62":{"start":{"line":135,"column":8},"end":{"line":135,"column":53}},"63":{"start":{"line":135,"column":29},"end":{"line":135,"column":53}},"64":{"start":{"line":136,"column":23},"end":{"line":136,"column":40}},"65":{"start":{"line":137,"column":8},"end":{"line":137,"column":69}},"66":{"start":{"line":139,"column":8},"end":{"line":148,"column":9}},"67":{"start":{"line":140,"column":23},"end":{"line":140,"column":40}},"68":{"start":{"line":141,"column":12},"end":{"line":147,"column":13}},"69":{"start":{"line":142,"column":16},"end":{"line":146,"column":19}},"70":{"start":{"line":143,"column":32},"end":{"line":143,"column":52}},"71":{"start":{"line":144,"column":47},"end":{"line":144,"column":55}},"72":{"start":{"line":145,"column":20},"end":{"line":145,"column":89}},"73":{"start":{"line":149,"column":23},"end":{"line":149,"column":45}},"74":{"start":{"line":151,"column":17},"end":{"line":151,"column":35}},"75":{"start":{"line":152,"column":8},"end":{"line":153,"column":66}},"76":{"start":{"line":152,"column":28},"end":{"line":152,"column":99}},"77":{"start":{"line":152,"column":80},"end":{"line":152,"column":97}},"78":{"start":{"line":153,"column":13},"end":{"line":153,"column":66}},"79":{"start":{"line":153,"column":47},"end":{"line":153,"column":64}},"80":{"start":{"line":157,"column":0},"end":{"line":159,"column":1}}},"fnMap":{"0":{"name":"(anonymous_0)","decl":{"start":{"line":15,"column":34},"end":{"line":15,"column":35}},"loc":{"start":{"line":15,"column":59},"end":{"line":15,"column":90}},"line":15},"1":{"name":"(anonymous_1)","decl":{"start":{"line":25,"column":16},"end":{"line":25,"column":17}},"loc":{"start":{"line":25,"column":28},"end":{"line":44,"column":1}},"line":25},"2":{"name":"(anonymous_2)","decl":{"start":{"line":26,"column":24},"end":{"line":26,"column":25}},"loc":{"start":{"line":26,"column":56},"end":{"line":43,"column":3}},"line":26},"3":{"name":"(anonymous_3)","decl":{"start":{"line":29,"column":25},"end":{"line":29,"column":26}},"loc":{"start":{"line":29,"column":40},"end":{"line":42,"column":7}},"line":29},"4":{"name":"(anonymous_4)","decl":{"start":{"line":32,"column":25},"end":{"line":32,"column":26}},"loc":{"start":{"line":32,"column":36},"end":{"line":40,"column":13}},"line":32},"5":{"name":"(anonymous_5)","decl":{"start":{"line":47,"column":33},"end":{"line":47,"column":34}},"loc":{"start":{"line":47,"column":43},"end":{"line":52,"column":1}},"line":47},"6":{"name":"new_event_result","decl":{"start":{"line":54,"column":15},"end":{"line":54,"column":31}},"loc":{"start":{"line":54,"column":38},"end":{"line":111,"column":1}},"line":54},"7":{"name":"(anonymous_7)","decl":{"start":{"line":112,"column":14},"end":{"line":112,"column":15}},"loc":{"start":{"line":112,"column":32},"end":{"line":114,"column":1}},"line":112},"8":{"name":"(anonymous_8)","decl":{"start":{"line":113,"column":21},"end":{"line":113,"column":22}},"loc":{"start":{"line":113,"column":32},"end":{"line":113,"column":65}},"line":113},"9":{"name":"(anonymous_9)","decl":{"start":{"line":117,"column":16},"end":{"line":117,"column":17}},"loc":{"start":{"line":117,"column":28},"end":{"line":129,"column":1}},"line":117},"10":{"name":"(anonymous_10)","decl":{"start":{"line":118,"column":24},"end":{"line":118,"column":25}},"loc":{"start":{"line":118,"column":56},"end":{"line":128,"column":3}},"line":118},"11":{"name":"(anonymous_11)","decl":{"start":{"line":121,"column":25},"end":{"line":121,"column":26}},"loc":{"start":{"line":121,"column":40},"end":{"line":127,"column":7}},"line":121},"12":{"name":"(anonymous_12)","decl":{"start":{"line":122,"column":21},"end":{"line":122,"column":22}},"loc":{"start":{"line":122,"column":32},"end":{"line":125,"column":9}},"line":122},"13":{"name":"(anonymous_13)","decl":{"start":{"line":131,"column":23},"end":{"line":131,"column":24}},"loc":{"start":{"line":131,"column":59},"end":{"line":155,"column":1}},"line":131},"14":{"name":"(anonymous_14)","decl":{"start":{"line":132,"column":24},"end":{"line":132,"column":25}},"loc":{"start":{"line":132,"column":56},"end":{"line":154,"column":5}},"line":132},"15":{"name":"(anonymous_15)","decl":{"start":{"line":142,"column":42},"end":{"line":142,"column":43}},"loc":{"start":{"line":142,"column":52},"end":{"line":146,"column":17}},"line":142},"16":{"name":"(anonymous_16)","decl":{"start":{"line":152,"column":74},"end":{"line":152,"column":75}},"loc":{"start":{"line":152,"column":80},"end":{"line":152,"column":97}},"line":152},"17":{"name":"(anonymous_17)","decl":{"start":{"line":153,"column":41},"end":{"line":153,"column":42}},"loc":{"start":{"line":153,"column":47},"end":{"line":153,"column":64}},"line":153}},"branchMap":{"0":{"loc":{"start":{"line":34,"column":18},"end":{"line":39,"column":19}},"type":"if","locations":[{"start":{"line":34,"column":18},"end":{"line":39,"column":19}},{"start":{"line":34,"column":18},"end":{"line":39,"column":19}}],"line":34},"1":{"loc":{"start":{"line":34,"column":22},"end":{"line":34,"column":37}},"type":"binary-expr","locations":[{"start":{"line":34,"column":22},"end":{"line":34,"column":25}},{"start":{"line":34,"column":29},"end":{"line":34,"column":37}}],"line":34},"2":{"loc":{"start":{"line":56,"column":4},"end":{"line":61,"column":5}},"type":"if","locations":[{"start":{"line":56,"column":4},"end":{"line":61,"column":5}},{"start":{"line":56,"column":4},"end":{"line":61,"column":5}}],"line":56},"3":{"loc":{"start":{"line":56,"column":8},"end":{"line":56,"column":194}},"type":"binary-expr","locations":[{"start":{"line":56,"column":8},"end":{"line":56,"column":19}},{"start":{"line":56,"column":23},"end":{"line":56,"column":33}},{"start":{"line":56,"column":37},"end":{"line":56,"column":49}},{"start":{"line":56,"column":53},"end":{"line":56,"column":67}},{"start":{"line":56,"column":71},"end":{"line":56,"column":82}},{"start":{"line":56,"column":86},"end":{"line":56,"column":96}},{"start":{"line":56,"column":100},"end":{"line":56,"column":112}},{"start":{"line":56,"column":116},"end":{"line":56,"column":130}},{"start":{"line":56,"column":135},"end":{"line":56,"column":146}},{"start":{"line":56,"column":150},"end":{"line":56,"column":160}},{"start":{"line":56,"column":164},"end":{"line":56,"column":176}},{"start":{"line":56,"column":180},"end":{"line":56,"column":194}}],"line":56},"4":{"loc":{"start":{"line":64,"column":4},"end":{"line":69,"column":5}},"type":"if","locations":[{"start":{"line":64,"column":4},"end":{"line":69,"column":5}},{"start":{"line":64,"column":4},"end":{"line":69,"column":5}}],"line":64},"5":{"loc":{"start":{"line":64,"column":8},"end":{"line":64,"column":42}},"type":"binary-expr","locations":[{"start":{"line":64,"column":8},"end":{"line":64,"column":24}},{"start":{"line":64,"column":28},"end":{"line":64,"column":42}}],"line":64},"6":{"loc":{"start":{"line":71,"column":4},"end":{"line":77,"column":5}},"type":"if","locations":[{"start":{"line":71,"column":4},"end":{"line":77,"column":5}},{"start":{"line":71,"column":4},"end":{"line":77,"column":5}}],"line":71},"7":{"loc":{"start":{"line":71,"column":8},"end":{"line":71,"column":136}},"type":"binary-expr","locations":[{"start":{"line":71,"column":8},"end":{"line":71,"column":42}},{"start":{"line":71,"column":46},"end":{"line":71,"column":72}},{"start":{"line":71,"column":76},"end":{"line":71,"column":108}},{"start":{"line":71,"column":112},"end":{"line":71,"column":136}}],"line":71},"8":{"loc":{"start":{"line":73,"column":10},"end":{"line":74,"column":54}},"type":"if","locations":[{"start":{"line":73,"column":10},"end":{"line":74,"column":54}},{"start":{"line":73,"column":10},"end":{"line":74,"column":54}}],"line":73},"9":{"loc":{"start":{"line":75,"column":10},"end":{"line":76,"column":49}},"type":"if","locations":[{"start":{"line":75,"column":10},"end":{"line":76,"column":49}},{"start":{"line":75,"column":10},"end":{"line":76,"column":49}}],"line":75},"10":{"loc":{"start":{"line":135,"column":8},"end":{"line":135,"column":53}},"type":"if","locations":[{"start":{"line":135,"column":8},"end":{"line":135,"column":53}},{"start":{"line":135,"column":8},"end":{"line":135,"column":53}}],"line":135},"11":{"loc":{"start":{"line":139,"column":8},"end":{"line":148,"column":9}},"type":"if","locations":[{"start":{"line":139,"column":8},"end":{"line":148,"column":9}},{"start":{"line":139,"column":8},"end":{"line":148,"column":9}}],"line":139},"12":{"loc":{"start":{"line":152,"column":8},"end":{"line":153,"column":66}},"type":"if","locations":[{"start":{"line":152,"column":8},"end":{"line":153,"column":66}},{"start":{"line":152,"column":8},"end":{"line":153,"column":66}}],"line":152}},"s":{"0":1,"1":1,"2":1,"3":1,"4":1,"5":1,"6":1,"7":1,"8":1,"9":1,"10":1,"11":1,"12":1,"13":1,"14":0,"15":1,"16":0,"17":0,"18":0,"19":0,"20":0,"21":0,"22":0,"23":0,"24":0,"25":0,"26":0,"27":0,"28":1,"29":0,"30":0,"31":0,"32":0,"33":0,"34":0,"35":0,"36":0,"37":0,"38":0,"39":0,"40":0,"41":0,"42":0,"43":0,"44":0,"45":0,"46":0,"47":1,"48":0,"49":0,"50":1,"51":0,"52":0,"53":0,"54":0,"55":0,"56":0,"57":0,"58":0,"59":1,"60":0,"61":0,"62":0,"63":0,"64":0,"65":0,"66":0,"67":0,"68":0,"69":0,"70":0,"71":0,"72":0,"73":0,"74":0,"75":0,"76":0,"77":0,"78":0,"79":0,"80":1},"f":{"0":0,"1":0,"2":0,"3":0,"4":0,"5":0,"6":0,"7":0,"8":0,"9":0,"10":0,"11":0,"12":0,"13":0,"14":0,"15":0,"16":0,"17":0},"b":{"0":[0,0],"1":[0,0],"2":[0,0],"3":[0,0,0,0,0,0,0,0,0,0,0,0],"4":[0,0],"5":[0,0],"6":[0,0],"7":[0,0,0,0],"8":[0,0],"9":[0,0],"10":[0,0],"11":[0,0],"12":[0,0]},"_coverageSchema":"43e27e138ebf9cfc5966b082cf9a028302ed4184","hash":"d7da7638cf234bcb1db70a7cca07965effb4d8e7","contentHash":"c18852396aa4aff151c6332e9c3ba44830e74e6c0e7ecf6c06f38d7ccdd18453"},"/Users/Ryan/Desktop/GiveAssist/Project/backend/testdata.js":{"path":"/Users/Ryan/Desktop/GiveAssist/Project/backend/testdata.js","statementMap":{"0":{"start":{"line":1,"column":14},"end":{"line":1,"column":34}},"1":{"start":{"line":4,"column":15},"end":{"line":34,"column":5}},"2":{"start":{"line":35,"column":19},"end":{"line":53,"column":5}},"3":{"start":{"line":54,"column":4},"end":{"line":54,"column":20}},"4":{"start":{"line":59,"column":4},"end":{"line":89,"column":5}},"5":{"start":{"line":92,"column":0},"end":{"line":95,"column":1}}},"fnMap":{"0":{"name":"unformalized_new_test_event","decl":{"start":{"line":3,"column":9},"end":{"line":3,"column":36}},"loc":{"start":{"line":3,"column":39},"end":{"line":55,"column":1}},"line":3},"1":{"name":"make_test_event","decl":{"start":{"line":58,"column":9},"end":{"line":58,"column":24}},"loc":{"start":{"line":58,"column":27},"end":{"line":90,"column":1}},"line":58}},"branchMap":{},"s":{"0":1,"1":0,"2":0,"3":0,"4":0,"5":1},"f":{"0":0,"1":0},"b":{},"_coverageSchema":"43e27e138ebf9cfc5966b082cf9a028302ed4184","hash":"24ca8a3b6a43fe4508177c6b2215d7965ac84fc2","contentHash":"bcca3798a5178f050f537093485ff78949d08b7622c1565a8d0d444f0e19d0a8"}}